\BOOKMARK [0][-]{chapter.1}{\376\377\000A\000l\000g\000\350\000b\000r\000e\000\040\000l\000i\000n\000\351\000a\000i\000r\000e}{}% 1
\BOOKMARK [1][-]{section.1.1}{\376\377\000E\000x\000t\000e\000n\000s\000i\000o\000n\000\040\000d\000e\000\040\000c\000o\000r\000p\000s\000\040\0002\000\040\000\050\000H\000P\000\051}{chapter.1}% 2
\BOOKMARK [1][-]{section.1.2}{\376\377\000P\000a\000s\000s\000a\000g\000e\000\040\000d\000u\000\040\000c\000o\000m\000p\000l\000e\000x\000e\000\040\000a\000u\000\040\000r\000\351\000e\000l}{chapter.1}% 3
\BOOKMARK [1][-]{section.1.3}{\376\377\000D\000i\000m\000e\000n\000s\000i\000o\000n\000\040\000d\000e\000\040\000R\000\040\000e\000n\000\040\000t\000a\000n\000t\000\040\000q\000u\000e\000\040\000Q\000-\000e\000s\000p\000a\000c\000e\000\040\000v\000e\000c\000t\000o\000r\000i\000e\000l\000\040\0002\000\040\000\050\000H\000P\000\051}{chapter.1}% 4
\BOOKMARK [1][-]{section.1.4}{\376\377\000I\000n\000d\000\351\000p\000e\000n\000d\000a\000n\000c\000e\000\040\000d\000e\000s\000\040\000f\000o\000n\000c\000t\000i\000o\000n\000s}{chapter.1}% 5
\BOOKMARK [1][-]{section.1.5}{\376\377\000L\000'\000o\000r\000d\000r\000e\000\040\000a\000\040\000s\000o\000n\000\040\000i\000m\000p\000o\000r\000t\000a\000n\000c\000e}{chapter.1}% 6
\BOOKMARK [1][-]{section.1.6}{\376\377\000I\000s\000o\000m\000o\000r\000p\000h\000i\000s\000m\000e\000\040\000d\000e\000\040\000M\000n\000\050\000K\000\051\000\040\000q\000u\000i\000\040\000r\000e\000s\000p\000e\000c\000t\000e\000\040\000l\000e\000s\000\040\000m\000a\000t\000r\000i\000c\000e\000s\000\040\000d\000e\000\040\000r\000a\000n\000g\000\040\0001}{chapter.1}% 7
\BOOKMARK [1][-]{section.1.7}{\376\377\000C\000e\000n\000t\000r\000e\000\040\000d\000e\000\040\000M\000n\000\050\000K\000\051\000\040\0002}{chapter.1}% 8
\BOOKMARK [1][-]{section.1.8}{\376\377\000R\000a\000c\000i\000n\000e\000\040\000c\000a\000r\000r\000\351\000e\000\040\000d\000e\000\040\000l\000a\000\040\000d\000\351\000r\000i\000v\000a\000t\000i\000o\000n\000\040\0003}{chapter.1}% 9
\BOOKMARK [1][-]{section.1.9}{\376\377\000P\000r\000o\000d\000u\000i\000t\000\040\000d\000e\000\040\000m\000a\000t\000r\000i\000c\000e\000s\000\040\000n\000i\000l\000p\000o\000t\000e\000n\000t\000e\000s\000\040\0005}{chapter.1}% 10
\BOOKMARK [1][-]{section.1.10}{\376\377\000S\000u\000i\000t\000e\000s\000\040\000p\000\351\000r\000i\000o\000d\000i\000q\000u\000e\000s\000\040\0004}{chapter.1}% 11
\BOOKMARK [1][-]{section.1.11}{\376\377\000D\000i\000m\000e\000n\000s\000i\000o\000n\000\040\000d\000u\000\040\000c\000o\000m\000m\000u\000t\000a\000n\000t\000\040\000\050\0001\000\051}{chapter.1}% 12
\BOOKMARK [1][-]{section.1.12}{\376\377\000E\000t\000u\000d\000e\000\040\000d\000e\000\040\000l\000a\000\040\000c\000o\000m\000a\000t\000r\000i\000c\000e\000\040\0003}{chapter.1}% 13
\BOOKMARK [1][-]{section.1.13}{\376\377\000L\000e\000m\000m\000e\000\040\000d\000e\000\040\000S\000c\000h\000u\000r\000\040\0002}{chapter.1}% 14
\BOOKMARK [1][-]{section.1.14}{\376\377\000E\000s\000p\000a\000c\000e\000s\000\040\000e\000n\000g\000e\000n\000d\000r\000\351\000s\000\040\000p\000a\000r\000\040\000l\000e\000s\000\040\000m\000a\000t\000r\000i\000c\000e\000s\000\040\000i\000n\000v\000e\000r\000s\000i\000b\000l\000e\000s\000\040\000e\000t\000\040\000o\000r\000t\000h\000o\000g\000o\000n\000a\000l\000e\000s\000\040\0003}{chapter.1}% 15
\BOOKMARK [1][-]{section.1.15}{\376\377\000E\000s\000p\000a\000c\000e\000\040\000e\000n\000g\000e\000n\000d\000r\000\351\000\040\000p\000a\000r\000\040\000l\000e\000s\000\040\000m\000a\000t\000r\000i\000c\000e\000s\000\040\000n\000i\000l\000p\000o\000t\000e\000n\000t\000e\000s\000\040\0003}{chapter.1}% 16
\BOOKMARK [1][-]{section.1.16}{\376\377\000T\000r\000a\000n\000s\000m\000i\000s\000s\000i\000o\000n\000\040\000d\000'\000i\000n\000f\000o\000r\000m\000a\000t\000i\000o\000n\000\040\0003}{chapter.1}% 17
\BOOKMARK [1][-]{section.1.17}{\376\377\000N\000o\000y\000a\000u\000\040\000e\000t\000\040\000I\000m\000a\000g\000e\000\040\000s\000u\000p\000p\000l\000\351\000m\000e\000n\000t\000a\000i\000r\000e\000s\000\040\0002}{chapter.1}% 18
\BOOKMARK [1][-]{section.1.18}{\376\377\000E\000q\000u\000a\000t\000i\000o\000n\000\040\000e\000n\000t\000r\000e\000\040\000p\000r\000o\000j\000e\000c\000t\000e\000u\000r\000s\000\040\0003}{chapter.1}% 19
\BOOKMARK [1][-]{section.1.19}{\376\377\000T\000h\000\351\000o\000r\000\350\000m\000e\000\040\000d\000e\000\040\000M\000a\000s\000c\000h\000k\000e}{chapter.1}% 20
\BOOKMARK [0][-]{chapter.2}{\376\377\000R\000\351\000d\000u\000c\000t\000i\000o\000n\000\040\000g\000\351\000o\000m\000\351\000t\000r\000i\000q\000u\000e}{}% 21
\BOOKMARK [1][-]{section.2.1}{\376\377\000M\000a\000t\000r\000i\000c\000e\000s\000\040\000d\000e\000\040\000r\000a\000n\000g\000\040\0001}{chapter.2}% 22
\BOOKMARK [1][-]{section.2.2}{\376\377\000M\000a\000t\000r\000i\000c\000e\000s\000\040\000r\000\351\000e\000l\000l\000e\000s\000\040\000s\000e\000m\000b\000l\000a\000b\000l\000e\000s\000\040\0002}{chapter.2}% 23
\BOOKMARK [1][-]{section.2.3}{\376\377\000C\000o\000m\000p\000l\000\351\000m\000e\000n\000t\000\040\000d\000e\000\040\000S\000c\000h\000u\000r\000\040\0002}{chapter.2}% 24
\BOOKMARK [1][-]{section.2.4}{\376\377\000P\000r\000o\000d\000u\000i\000t\000\040\000d\000e\000\040\000K\000r\000o\000n\000e\000c\000k\000e\000r\000\040\0002}{chapter.2}% 25
\BOOKMARK [1][-]{section.2.5}{\376\377\000D\000i\000s\000q\000u\000e\000s\000\040\000d\000e\000\040\000G\000e\000r\000s\000h\000g\000o\000r\000i\000n\000\040\0002}{chapter.2}% 26
\BOOKMARK [1][-]{section.2.6}{\376\377\000S\000p\000e\000c\000t\000r\000e\000\040\000d\000e\000\040\000u\000v\000\040\000e\000t\000\040\000v\000u\000\040\0001}{chapter.2}% 27
\BOOKMARK [1][-]{section.2.7}{\376\377\000E\000n\000d\000o\000m\000o\000r\000p\000h\000i\000s\000m\000e\000s\000\040\000q\000u\000i\000\040\000c\000o\000m\000m\000u\000t\000e\000n\000t\000\040\0002}{chapter.2}% 28
\BOOKMARK [1][-]{section.2.8}{\376\377\000V\000e\000c\000t\000e\000u\000r\000\040\000p\000r\000o\000p\000r\000e\000\040\000c\000o\000m\000m\000u\000n\000\040\0003}{chapter.2}% 29
\BOOKMARK [1][-]{section.2.9}{\376\377\000E\000l\000\351\000m\000e\000n\000t\000s\000\040\000p\000r\000o\000p\000r\000e\000s\000\040\000d\000'\000u\000n\000\040\000e\000n\000d\000o\000m\000o\000r\000p\000h\000i\000s\000m\000e\000\040\000\050\0001\000\051\000\040\0002}{chapter.2}% 30
\BOOKMARK [1][-]{section.2.10}{\376\377\000E\000l\000\351\000m\000e\000n\000t\000s\000\040\000p\000r\000o\000p\000r\000e\000s\000\040\000d\000'\000u\000n\000\040\000e\000n\000d\000o\000m\000o\000r\000p\000h\000i\000s\000m\000e\000\040\000\050\0002\000\051\000\040\0003}{chapter.2}% 31
\BOOKMARK [1][-]{section.2.11}{\376\377\000E\000l\000\351\000m\000e\000n\000t\000s\000\040\000p\000r\000o\000p\000r\000e\000s\000\040\000d\000'\000u\000n\000\040\000e\000n\000d\000o\000m\000o\000r\000p\000h\000i\000s\000m\000e\000\040\000\050\0003\000\051\000\040\0003}{chapter.2}% 32
\BOOKMARK [1][-]{section.2.12}{\376\377\000E\000l\000\351\000m\000e\000n\000t\000s\000\040\000p\000r\000o\000p\000r\000e\000s\000\040\000d\000'\000u\000n\000\040\000e\000n\000d\000o\000m\000o\000r\000p\000h\000i\000s\000m\000e\000\040\000\050\0004\000\051\000\040\0003}{chapter.2}% 33
\BOOKMARK [1][-]{section.2.13}{\376\377\000L\000o\000i\000\040\000d\000e\000\040\000H\000o\000o\000k\000e\000\040\0002}{chapter.2}% 34
\BOOKMARK [1][-]{section.2.14}{\376\377\000E\000x\000i\000s\000t\000e\000n\000c\000e\000\040\000d\000'\000u\000n\000e\000\040\000v\000a\000l\000e\000u\000r\000\040\000p\000r\000o\000p\000r\000e\000\040\000d\000o\000u\000b\000l\000e\000\040\0003}{chapter.2}% 35
\BOOKMARK [1][-]{section.2.15}{\376\377\000D\000\351\000t\000e\000r\000m\000i\000n\000a\000t\000i\000o\000n\000\040\000d\000e\000\040\000s\000p\000e\000c\000t\000r\000e\000\040\0003}{chapter.2}% 36
\BOOKMARK [1][-]{section.2.16}{\376\377\000S\000o\000m\000m\000e\000s\000\040\000e\000t\000\040\000p\000r\000o\000d\000u\000i\000t\000s\000\040\000d\000e\000\040\000v\000a\000l\000e\000u\000r\000s\000\040\000p\000r\000o\000p\000r\000e\000s}{chapter.2}% 37
\BOOKMARK [1][-]{section.2.17}{\376\377\000M\000a\000t\000r\000i\000c\000e\000\040\000c\000o\000m\000p\000a\000g\000n\000o\000n\000\040\000\050\0001\000\051\000\040\0002}{chapter.2}% 38
\BOOKMARK [1][-]{section.2.18}{\376\377\000R\000\351\000d\000u\000c\000t\000i\000o\000n\000\040\000d\000e\000\040\000l\000a\000\040\000t\000r\000a\000n\000s\000p\000o\000s\000\351\000e\000\040\000d\000'\000u\000n\000e\000\040\000m\000a\000t\000r\000i\000c\000e\000\040\0001}{chapter.2}% 39
\BOOKMARK [1][-]{section.2.19}{\376\377\000A\000l\000g\000o\000r\000i\000t\000h\000m\000e\000\040\000d\000e\000\040\000F\000a\000d\000d\000e\000e\000v\000\040\0003}{chapter.2}% 40
\BOOKMARK [1][-]{section.2.20}{\376\377\000E\000n\000d\000o\000m\000o\000r\000p\000h\000i\000s\000m\000e\000\040\000d\000e\000\040\000t\000r\000a\000n\000s\000p\000o\000s\000i\000t\000i\000o\000n\000\040\0002}{chapter.2}% 41
\BOOKMARK [1][-]{section.2.21}{\376\377\000E\000x\000e\000m\000p\000l\000e\000\040\000d\000e\000\040\000m\000a\000t\000r\000i\000c\000e\000\040\000n\000o\000n\000\040\000d\000i\000a\000g\000o\000n\000a\000l\000i\000s\000a\000b\000l\000e\000\040\0001}{chapter.2}% 42
\BOOKMARK [1][-]{section.2.22}{\376\377\000D\000i\000a\000g\000o\000n\000a\000l\000i\000s\000a\000b\000i\000l\000i\000t\000\351\000\040\000d\000'\000u\000n\000e\000\040\000m\000a\000t\000r\000i\000c\000e\000\040\000\050\0001\000\051\000\040\0003}{chapter.2}% 43
\BOOKMARK [1][-]{section.2.23}{\376\377\000D\000i\000a\000g\000o\000n\000a\000l\000i\000s\000a\000b\000i\000l\000i\000t\000\351\000\040\000d\000'\000u\000n\000e\000\040\000m\000a\000t\000r\000i\000c\000e\000\040\000\050\0002\000\051\000\040\0003}{chapter.2}% 44
\BOOKMARK [1][-]{section.2.24}{\376\377\000D\000i\000a\000g\000o\000n\000a\000l\000i\000s\000a\000b\000i\000l\000i\000t\000\351\000\040\000d\000'\000u\000n\000e\000\040\000m\000a\000t\000r\000i\000c\000e\000\040\000\050\0003\000\051\000\040\0003}{chapter.2}% 45
\BOOKMARK [1][-]{section.2.25}{\376\377\000C\000o\000t\000r\000i\000g\000o\000n\000a\000l\000i\000s\000a\000t\000i\000o\000n\000\040\000\050\0001\000\051\000\040\0003}{chapter.2}% 46
\BOOKMARK [1][-]{section.2.26}{\376\377\000C\000o\000t\000r\000i\000g\000o\000n\000a\000l\000i\000s\000a\000t\000i\000o\000n\000\040\000\050\0002\000\051\000\040\0003}{chapter.2}% 47
\BOOKMARK [1][-]{section.2.27}{\376\377\000C\000o\000t\000r\000i\000g\000o\000n\000a\000l\000i\000s\000a\000t\000i\000o\000n\000\040\000\050\0003\000\051\000\040\0004}{chapter.2}% 48
\BOOKMARK [1][-]{section.2.28}{\376\377\000C\000o\000t\000r\000i\000g\000o\000n\000a\000l\000i\000s\000a\000t\000i\000o\000n\000\040\000\050\0004\000\051\000\040\0004}{chapter.2}% 49
\BOOKMARK [1][-]{section.2.29}{\376\377\000C\000o\000t\000r\000i\000g\000o\000n\000a\000l\000i\000s\000a\000t\000i\000o\000n\000\040\000\050\0005\000\051\000\040\0003}{chapter.2}% 50
\BOOKMARK [1][-]{section.2.30}{\376\377\000C\000a\000r\000a\000c\000t\000\351\000r\000i\000s\000a\000t\000i\000o\000n\000\040\000d\000e\000s\000\040\000m\000a\000t\000r\000i\000c\000e\000s\000\040\000n\000i\000l\000p\000o\000t\000e\000n\000t\000e\000s\000\040\000p\000a\000r\000\040\000l\000a\000\040\000t\000r\000a\000c\000e\000\040\0003}{chapter.2}% 51
\BOOKMARK [1][-]{section.2.31}{\376\377\000F\000a\000c\000t\000e\000u\000r\000\040\000c\000o\000m\000m\000u\000n\000\040\000d\000a\000n\000s\000\040\000l\000e\000\040\000p\000o\000l\000y\000n\000\364\000m\000e\000\040\000c\000a\000r\000a\000c\000t\000\351\000r\000i\000s\000t\000i\000q\000u\000e\000\040\0003}{chapter.2}% 52
\BOOKMARK [1][-]{section.2.32}{\376\377\000A\000B\000=\000B\000A\000\040\0003}{chapter.2}% 53
\BOOKMARK [1][-]{section.2.33}{\376\377\000P\000o\000l\000y\000n\000\364\000m\000e\000\040\000c\000a\000r\000a\000c\000t\000\351\000r\000i\000s\000t\000i\000q\000u\000e\000\040\000d\000e\000\040\000l\000'\000i\000n\000v\000e\000r\000s\000e\000\040\0002}{chapter.2}% 54
\BOOKMARK [1][-]{section.2.34}{\376\377\000C\000o\000m\000m\000u\000t\000a\000t\000i\000v\000i\000t\000\351\000\040\000e\000t\000\040\000s\000t\000a\000b\000i\000l\000i\000t\000\351\000\040\0002}{chapter.2}% 55
\BOOKMARK [1][-]{section.2.35}{\376\377\000D\000i\000m\000e\000n\000s\000i\000o\000n\000\040\000d\000u\000\040\000c\000o\000m\000m\000u\000t\000a\000n\000t\000\040\000d\000'\000u\000n\000e\000\040\000m\000a\000t\000r\000i\000c\000e\000\040\000d\000i\000a\000g\000o\000n\000a\000l\000i\000s\000a\000b\000l\000e\000\040\0003}{chapter.2}% 56
\BOOKMARK [1][-]{section.2.36}{\376\377\000S\000o\000u\000s\000-\000e\000s\000p\000a\000c\000e\000s\000\040\000s\000t\000a\000b\000l\000e\000s\000\040\000d\000'\000u\000n\000\040\000e\000n\000d\000o\000m\000o\000r\000p\000h\000i\000s\000m\000e\000\040\000d\000i\000a\000g\000o\000n\000a\000l\000i\000s\000a\000b\000l\000e\000\040\0003}{chapter.2}% 57
\BOOKMARK [1][-]{section.2.37}{\376\377\000H\000y\000p\000e\000r\000p\000l\000a\000n\000s\000\040\000s\000t\000a\000b\000l\000e\000s\000\040\0003}{chapter.2}% 58
\BOOKMARK [1][-]{section.2.38}{\376\377\000E\000n\000d\000o\000m\000o\000r\000p\000h\000i\000s\000m\000e\000\040\000q\000u\000i\000\040\000s\000t\000a\000b\000i\000l\000i\000s\000e\000\040\000u\000n\000\040\000n\000o\000m\000b\000r\000e\000\040\000f\000i\000n\000i\000\040\000d\000e\000\040\000s\000o\000u\000s\000-\000e\000s\000p\000a\000c\000e\000s\000\040\0003}{chapter.2}% 59
\BOOKMARK [1][-]{section.2.39}{\376\377\000S\000o\000u\000s\000-\000e\000s\000p\000a\000c\000e\000s\000\040\000s\000t\000a\000b\000l\000e\000s\000\040\000d\000'\000u\000n\000\040\000e\000n\000d\000o\000m\000o\000r\000p\000h\000i\000s\000m\000e\000\040\000n\000i\000l\000p\000o\000t\000e\000n\000t\000\040\000m\000a\000x\000i\000m\000a\000l\000\040\0003}{chapter.2}% 60
\BOOKMARK [1][-]{section.2.40}{\376\377\000S\000o\000u\000s\000-\000e\000s\000p\000a\000c\000e\000s\000\040\000s\000t\000a\000b\000l\000e\000s\000\040\000p\000a\000r\000\040\000l\000e\000s\000\040\000e\000n\000d\000o\000m\000o\000r\000p\000h\000i\000s\000m\000e\000s\000\040\000d\000e\000\040\000p\000e\000r\000m\000u\000t\000a\000t\000i\000o\000n\000\040\0004}{chapter.2}% 61
\BOOKMARK [1][-]{section.2.41}{\376\377\000S\000e\000m\000i\000-\000s\000i\000m\000p\000l\000i\000c\000i\000t\000\351\000\040\0003}{chapter.2}% 62
\BOOKMARK [1][-]{section.2.42}{\376\377\000E\000n\000d\000o\000m\000o\000r\000p\000h\000i\000s\000m\000e\000s\000\040\000d\000i\000a\000g\000o\000n\000a\000l\000i\000s\000a\000b\000l\000e\000s\000\040\000d\000'\000u\000n\000\040\000R\000-\000e\000s\000p\000a\000c\000e\000\040\000v\000e\000c\000t\000o\000r\000i\000e\000l\000\040\0003}{chapter.2}% 63
\BOOKMARK [1][-]{section.2.43}{\376\377\000M\000a\000t\000r\000i\000c\000e\000s\000\040\000\340\000\040\000s\000p\000e\000c\000t\000r\000e\000s\000\040\000d\000i\000s\000j\000o\000i\000n\000t\000s\000\040\0003}{chapter.2}% 64
\BOOKMARK [0][-]{chapter.3}{\376\377\000R\000\351\000d\000u\000c\000t\000i\000o\000n\000\040\000a\000l\000g\000\351\000b\000r\000i\000q\000u\000e}{}% 65
\BOOKMARK [1][-]{section.3.1}{\376\377\000E\000q\000u\000a\000t\000i\000o\000n\000\040\000m\000a\000t\000r\000i\000c\000i\000e\000l\000l\000e\000\040\000p\000o\000l\000y\000n\000o\000m\000i\000a\000l\000e\000\040\000\050\0001\000\051\000\040\0002}{chapter.3}% 66
\BOOKMARK [1][-]{section.3.2}{\376\377\000E\000q\000u\000a\000t\000i\000o\000n\000\040\000m\000a\000t\000r\000i\000c\000i\000e\000l\000l\000e\000\040\000p\000o\000l\000y\000n\000o\000m\000i\000a\000l\000e\000\040\000\050\0002\000\051\000\040\0002}{chapter.3}% 67
\BOOKMARK [1][-]{section.3.3}{\376\377\000E\000q\000u\000a\000t\000i\000o\000n\000\040\000m\000a\000t\000r\000i\000c\000i\000e\000l\000l\000e\000\040\000a\000v\000e\000c\000\040\000l\000a\000\040\000c\000o\000m\000a\000t\000r\000i\000c\000e\000\040\0004}{chapter.3}% 68
\BOOKMARK [1][-]{section.3.4}{\376\377\000R\000a\000n\000g\000\040\000e\000t\000\040\000s\000p\000e\000c\000t\000r\000e\000\040\000d\000e\000\040\000l\000a\000\040\000c\000o\000m\000a\000t\000r\000i\000c\000e\000\040\0003}{chapter.3}% 69
\BOOKMARK [1][-]{section.3.5}{\376\377\000R\000a\000c\000i\000n\000e\000\040\000p\000-\000i\000\350\000m\000e\000\040\000d\000'\000u\000n\000e\000\040\000m\000a\000t\000r\000i\000c\000e\000\040\0003}{chapter.3}% 70
\BOOKMARK [1][-]{section.3.6}{\376\377\000D\000i\000a\000g\000o\000n\000a\000l\000i\000s\000i\000b\000i\000l\000i\000t\000\351\000\040\000d\000e\000\040\000f\000\040\000d\000a\000n\000s\000\040\000l\000e\000\040\000c\000a\000s\000\040\000f\0002\000\040\000d\000i\000a\000g\000o\000n\000a\000l\000i\000s\000a\000b\000l\000e\000\040\0003}{chapter.3}% 71
\BOOKMARK [1][-]{section.3.7}{\376\377\000E\000n\000d\000o\000m\000o\000r\000p\000h\000i\000s\000m\000e\000s\000\040\000d\000i\000a\000g\000o\000n\000a\000l\000i\000s\000a\000b\000l\000e\000s\000\040\000n\000o\000n\000\040\000b\000i\000j\000e\000c\000t\000i\000f\000s\000\040\0002}{chapter.3}% 72
\BOOKMARK [1][-]{section.3.8}{\376\377\000V\000a\000l\000u\000a\000t\000i\000o\000n\000\040\000d\000u\000\040\000p\000o\000l\000y\000n\000\364\000m\000e\000\040\000m\000i\000n\000i\000m\000a\000l\000\040\0003}{chapter.3}% 73
\BOOKMARK [1][-]{section.3.9}{\376\377\000S\000o\000u\000s\000-\000e\000s\000p\000a\000c\000e\000s\000\040\000s\000t\000a\000b\000l\000e\000s\000\040\0003}{chapter.3}% 74
\BOOKMARK [1][-]{section.3.10}{\376\377\000U\000n\000e\000\040\000f\000o\000r\000m\000u\000l\000e\000\040\000s\000u\000r\000\040\000l\000e\000s\000\040\000p\000o\000l\000y\000n\000\364\000m\000e\000s\000\040\0003}{chapter.3}% 75
\BOOKMARK [1][-]{section.3.11}{\376\377\000O\000r\000d\000r\000e\000\040\000d\000e\000\040\000m\000a\000t\000r\000i\000c\000e\000\040\0004}{chapter.3}% 76
\BOOKMARK [1][-]{section.3.12}{\376\377\000S\000o\000u\000s\000-\000g\000r\000o\000u\000p\000e\000s\000\040\000f\000i\000n\000i\000s\000\040\000d\000e\000\040\000G\000L\0002\000\050\000Z\000\051\000\040\0004}{chapter.3}% 77
\BOOKMARK [1][-]{section.3.13}{\376\377\000S\000o\000u\000s\000-\000g\000r\000o\000u\000p\000e\000s\000\040\000f\000i\000n\000i\000s\000\040\000d\000e\000\040\000G\000L\000n\000\050\000Z\000\051\000\040\0004}{chapter.3}% 78
\BOOKMARK [1][-]{section.3.14}{\376\377\000I\000s\000o\000m\000o\000r\000p\000h\000i\000s\000m\000e\000\040\000e\000n\000t\000r\000e\000\040\000G\000L\000n\000\050\000C\000\051\000\040\000e\000t\000\040\000G\000L\000m\000\050\000C\000\051\000\040\0004}{chapter.3}% 79
\BOOKMARK [1][-]{section.3.15}{\376\377\000I\000n\000v\000e\000r\000s\000e\000\040\000e\000t\000\040\000c\000o\000n\000j\000u\000g\000a\000i\000s\000o\000n\000\040\0005}{chapter.3}% 80
\BOOKMARK [1][-]{section.3.16}{\376\377\000M\000a\000t\000r\000i\000c\000e\000\040\000c\000o\000m\000p\000a\000g\000n\000o\000n\000\040\000\050\0002\000\051\000\040\0002}{chapter.3}% 81
\BOOKMARK [1][-]{section.3.17}{\376\377\000P\000o\000l\000y\000n\000\364\000m\000e\000\040\000m\000i\000n\000i\000m\000a\000l\000\040\000p\000o\000n\000c\000t\000u\000e\000l\000\040\0003}{chapter.3}% 82
\BOOKMARK [1][-]{section.3.18}{\376\377\000E\000n\000d\000o\000m\000o\000r\000p\000h\000i\000s\000m\000e\000s\000\040\000c\000y\000c\000l\000i\000q\000u\000e\000s\000\040\0003}{chapter.3}% 83
\BOOKMARK [1][-]{section.3.19}{\376\377\000C\000o\000m\000m\000u\000t\000a\000n\000t\000\040\000d\000'\000u\000n\000\040\000e\000n\000d\000o\000m\000o\000r\000p\000h\000i\000s\000m\000e\000\040\000c\000y\000c\000l\000i\000q\000u\000e\000\040\0003}{chapter.3}% 84
\BOOKMARK [1][-]{section.3.20}{\376\377\000U\000n\000e\000\040\000d\000\351\000m\000o\000n\000s\000t\000r\000a\000t\000i\000o\000n\000\040\000d\000e\000\040\000C\000a\000y\000l\000e\000y\000-\000H\000a\000m\000i\000l\000t\000o\000n\000\040\0003}{chapter.3}% 85
\BOOKMARK [1][-]{section.3.21}{\376\377\000I\000n\000d\000\351\000p\000e\000n\000d\000a\000n\000c\000e\000\040\000d\000e\000\040\000c\000o\000r\000p\000s\000\040\000d\000u\000\040\000p\000o\000l\000y\000n\000\364\000m\000e\000\040\000m\000i\000n\000i\000m\000a\000l\000\040\0003}{chapter.3}% 86
\BOOKMARK [1][-]{section.3.22}{\376\377\000P\000o\000l\000y\000n\000\364\000m\000e\000\040\000m\000i\000n\000i\000m\000a\000l\000\040\000d\000e\000\040\000l\000'\000i\000n\000v\000e\000r\000s\000e\000\040\0003}{chapter.3}% 87
\BOOKMARK [1][-]{section.3.23}{\376\377\000P\000o\000l\000y\000n\000\364\000m\000e\000\040\000m\000i\000n\000i\000m\000a\000l\000\040\000d\000e\000\040\000l\000a\000\040\000t\000r\000a\000n\000s\000p\000o\000s\000\351\000e\000\040\0001}{chapter.3}% 88
\BOOKMARK [1][-]{section.3.24}{\376\377\000P\000o\000l\000y\000n\000\364\000m\000e\000\040\000m\000i\000n\000i\000m\000a\000l\000\040\000i\000m\000p\000o\000s\000\351\000\040\0003}{chapter.3}% 89
\BOOKMARK [1][-]{section.3.25}{\376\377\000M\000a\000t\000r\000i\000c\000e\000\040\000d\000e\000\040\000G\000r\000a\000m\000\040\0003}{chapter.3}% 90
\BOOKMARK [1][-]{section.3.26}{\376\377\000M\000a\000t\000r\000i\000c\000e\000\040\000c\000i\000r\000c\000u\000l\000a\000n\000t\000e\000\040\0003}{chapter.3}% 91
\BOOKMARK [1][-]{section.3.27}{\376\377\000D\000i\000a\000g\000o\000n\000a\000l\000i\000s\000a\000b\000i\000l\000i\000t\000\351\000\040\000d\000u\000\040\000p\000r\000o\000d\000u\000i\000t\000\040\000d\000e\000\040\000d\000e\000u\000x\000\040\000m\000a\000t\000r\000i\000c\000e\000s\000\040\0003}{chapter.3}% 92
\BOOKMARK [1][-]{section.3.28}{\376\377\000D\000i\000a\000g\000o\000n\000a\000l\000i\000s\000a\000t\000i\000o\000n\000\040\000d\000'\000u\000n\000e\000\040\000m\000a\000t\000r\000i\000c\000e\000\040\000p\000a\000r\000\040\000b\000l\000o\000c\000\040\0003}{chapter.3}% 93
\BOOKMARK [1][-]{section.3.29}{\376\377\000E\000x\000p\000o\000n\000e\000n\000t\000i\000e\000l\000l\000e\000\040\000m\000a\000t\000r\000i\000c\000i\000e\000l\000l\000e\000\040\0003}{chapter.3}% 94
\BOOKMARK [1][-]{section.3.30}{\376\377\000E\000x\000p\000o\000n\000e\000n\000t\000i\000e\000l\000\040\000d\000'\000u\000n\000\040\000e\000n\000d\000o\000m\000o\000r\000p\000h\000i\000s\000m\000e\000\040\000n\000i\000l\000p\000o\000t\000e\000n\000t\000\040\0003}{chapter.3}% 95
\BOOKMARK [1][-]{section.3.31}{\376\377\000E\000n\000d\000o\000m\000o\000r\000p\000h\000i\000s\000m\000e\000s\000\040\000a\000n\000t\000i\000c\000o\000m\000m\000u\000t\000a\000n\000t\000s\000\040\0004}{chapter.3}% 96
\BOOKMARK [1][-]{section.3.32}{\376\377\000T\000r\000a\000c\000e\000\040\000e\000n\000t\000i\000\350\000r\000e\000\040\0004}{chapter.3}% 97
\BOOKMARK [1][-]{section.3.33}{\376\377\000P\000\050\000A\000\051\000\040\000n\000i\000l\000p\000o\000t\000e\000n\000t\000e\000\040\0003}{chapter.3}% 98
\BOOKMARK [0][-]{chapter.4}{\376\377\000D\000\351\000t\000e\000r\000m\000i\000n\000a\000n\000t}{}% 99
\BOOKMARK [1][-]{section.4.1}{\376\377\000D\000i\000m\000e\000n\000s\000i\000o\000n\000\040\000d\000e\000\040\000l\000'\000e\000s\000p\000a\000c\000e\000\040\000d\000e\000s\000\040\000f\000o\000r\000m\000e\000s\000\040\000m\000u\000l\000t\000i\000l\000i\000n\000\351\000a\000i\000r\000e\000s\000\040\000a\000l\000t\000e\000r\000n\000\351\000e\000s\000\040\0004}{chapter.4}% 100
\BOOKMARK [1][-]{section.4.2}{\376\377\000T\000h\000\351\000o\000r\000\350\000m\000e\000\040\000d\000e\000\040\000B\000\351\000z\000o\000u\000t\000\040\000m\000a\000t\000r\000i\000c\000i\000e\000l\000\040\0002}{chapter.4}% 101
\BOOKMARK [1][-]{section.4.3}{\376\377\000D\000\351\000t\000e\000r\000m\000i\000n\000a\000n\000t\000\040\000t\000r\000i\000d\000i\000a\000g\000o\000n\000a\000l\000\040\0003}{chapter.4}% 102
\BOOKMARK [1][-]{section.4.4}{\376\377\000D\000\351\000t\000e\000r\000m\000i\000n\000a\000n\000t\000\040\000b\000i\000t\000r\000i\000a\000n\000g\000u\000l\000a\000i\000r\000e\0003}{chapter.4}% 103
\BOOKMARK [1][-]{section.4.5}{\376\377\000D\000\351\000t\000e\000r\000m\000i\000n\000a\000n\000t\000\040\000d\000e\000\040\000V\000a\000n\000d\000e\000r\000m\000o\000n\000d\000e\0001}{chapter.4}% 104
\BOOKMARK [1][-]{section.4.6}{\376\377\000D\000\351\000t\000e\000r\000m\000i\000n\000a\000n\000t\000\040\000d\000e\000\040\000H\000i\000l\000b\000e\000r\000t\0003}{chapter.4}% 105
\BOOKMARK [1][-]{section.4.7}{\376\377\000D\000\351\000t\000e\000r\000m\000i\000n\000a\000n\000t\000\040\000d\000e\000\040\000G\000r\000a\000m\0003}{chapter.4}% 106
\BOOKMARK [1][-]{section.4.8}{\376\377\000D\000\351\000t\000e\000r\000m\000i\000n\000a\000n\000t\000\040\000d\000e\000\040\000C\000a\000u\000c\000h\000y\0003}{chapter.4}% 107
\BOOKMARK [1][-]{section.4.9}{\376\377\000D\000\351\000t\000e\000r\000m\000i\000n\000a\000n\000t\000\040\000d\000e\000\040\000S\000m\000i\000t\000h\0003}{chapter.4}% 108
\BOOKMARK [1][-]{section.4.10}{\376\377\000D\000\351\000t\000e\000r\000m\000i\000n\000a\000n\000t\000\040\000d\000e\000\040\000C\000a\000y\000l\000e\000y\000-\000M\000e\000n\000g\000e\000r\000\040\0004}{chapter.4}% 109
\BOOKMARK [0][-]{chapter.5}{\376\377\000G\000r\000o\000u\000p\000e\000s}{}% 110
\BOOKMARK [1][-]{section.5.1}{\376\377\000E\000x\000i\000s\000t\000e\000n\000c\000e\000\040\000d\000'\000u\000n\000\040\000i\000d\000e\000m\000p\000o\000t\000e\000n\000t\000\040\0003}{chapter.5}% 111
\BOOKMARK [1][-]{section.5.2}{\376\377\000S\000o\000u\000s\000-\000s\000e\000m\000i\000-\000g\000r\000o\000u\000p\000e\000s\000\040\000f\000i\000n\000i\000s\000\040\000d\000e\000\040\000M\000n\000\050\000K\000\051}{chapter.5}% 112
\BOOKMARK [1][-]{section.5.3}{\376\377\000G\000r\000o\000u\000p\000e\000\040\000d\000'\000e\000x\000p\000o\000s\000a\000n\000t\000\040\000i\000n\000f\000\351\000r\000i\000e\000u\000r\000\040\000\340\000\040\0002\000\040\0001}{chapter.5}% 113
\BOOKMARK [1][-]{section.5.4}{\376\377\000C\000e\000n\000t\000r\000e\000\040\000e\000t\000\040\000C\000o\000m\000m\000u\000t\000a\000n\000t\000\040\0001}{chapter.5}% 114
\BOOKMARK [1][-]{section.5.5}{\376\377\000T\000h\000\351\000o\000r\000\350\000m\000e\000\040\000d\000e\000\040\000D\000i\000x\000o\000n\000\040\0004}{chapter.5}% 115
\BOOKMARK [1][-]{section.5.6}{\376\377\000O\000p\000\351\000r\000a\000t\000i\000o\000n\000s\000\040\000s\000u\000r\000\040\000l\000e\000s\000\040\000s\000o\000u\000s\000-\000g\000r\000o\000u\000p\000e\000s\000\040\0002}{chapter.5}% 116
\BOOKMARK [1][-]{section.5.7}{\376\377\000S\000o\000u\000s\000-\000g\000r\000o\000u\000p\000e\000s\000\040\000f\000i\000n\000i\000s\000\040\000d\000e\000\040\000U\000\040\0002}{chapter.5}% 117
\BOOKMARK [1][-]{section.5.8}{\376\377\000G\000r\000o\000u\000p\000e\000s\000\040\000q\000u\000a\000s\000i\000-\000c\000y\000c\000l\000i\000q\000u\000e\000s\000\040\000d\000e\000\040\000P\000r\000\374\000f\000e\000r\000\040\0003}{chapter.5}% 118
\BOOKMARK [1][-]{section.5.9}{\376\377\000S\000o\000u\000s\000-\000g\000r\000o\000u\000p\000e\000s\000\040\000d\000e\000\040\000G\000L\000n\000\050\000C\000\051\000\040\000c\000y\000c\000l\000i\000q\000u\000e\000\040\0003}{chapter.5}% 119
\BOOKMARK [1][-]{section.5.10}{\376\377\000M\000a\000t\000r\000i\000c\000e\000s\000\040\000i\000n\000v\000e\000r\000s\000i\000b\000l\000e\000s\000\040\000\340\000\040\000c\000o\000e\000f\000f\000i\000c\000i\000e\000n\000t\000s\000\040\000e\000n\000t\000i\000e\000r\000s\000\040\0002}{chapter.5}% 120
\BOOKMARK [1][-]{section.5.11}{\376\377\000S\000o\000u\000s\000-\000g\000r\000o\000u\000p\000e\000s\000\040\000d\000e\000\040\000\050\000Z\000,\000+\000\051\000\040\0002}{chapter.5}% 121
\BOOKMARK [1][-]{section.5.12}{\376\377\000S\000o\000u\000s\000-\000g\000r\000o\000u\000p\000e\000s\000\040\000d\000e\000\040\000\050\000R\000,\000+\000\051\000\040\0003}{chapter.5}% 122
\BOOKMARK [1][-]{section.5.13}{\376\377\000S\000o\000u\000s\000-\000g\000r\000o\000u\000p\000e\000s\000\040\000d\000i\000s\000t\000i\000n\000g\000u\000\351}{chapter.5}% 123
\BOOKMARK [1][-]{section.5.14}{\376\377\000N\000a\000t\000u\000r\000e\000\040\000d\000'\000u\000n\000e\000\040\000s\000u\000i\000t\000e}{chapter.5}% 124
\BOOKMARK [1][-]{section.5.15}{\376\377\000U\000n\000e\000\040\000r\000e\000l\000a\000t\000i\000o\000n\000\040\000u\000t\000i\000l\000e\000\040\000s\000u\000r\000\040\000l\000e\000s\000\040\000m\000o\000r\000p\000h\000i\000s\000m\000e\000s\000\040\000d\000e\000\040\000g\000r\000o\000u\000p\000e\000s}{chapter.5}% 125
\BOOKMARK [1][-]{section.5.16}{\376\377\000A\000u\000t\000o\000m\000o\000r\000p\000h\000i\000s\000m\000e\000\040\000d\000'\000i\000n\000v\000e\000r\000s\000i\000o\000n\000\040\0001}{chapter.5}% 126
\BOOKMARK [1][-]{section.5.17}{\376\377\000A\000u\000t\000o\000m\000o\000r\000p\000h\000i\000s\000m\000e\000s\000\040\000i\000n\000t\000\351\000r\000i\000e\000u\000r\000s\000\040\0001}{chapter.5}% 127
\BOOKMARK [1][-]{section.5.18}{\376\377\000E\000n\000d\000o\000m\000o\000r\000p\000h\000i\000s\000m\000e\000s\000\040\000c\000o\000n\000t\000i\000n\000u\000s\000\040\000d\000e\000\040\000R\000\040\0002}{chapter.5}% 128
\BOOKMARK [1][-]{section.5.19}{\376\377\000M\000o\000r\000p\000h\000i\000s\000m\000e\000s\000\040\000d\000e\000\040\000Q\000\040\000d\000a\000n\000s\000\040\000Z\000\040\0001}{chapter.5}% 129
\BOOKMARK [1][-]{section.5.20}{\376\377\000M\000o\000r\000p\000h\000i\000s\000m\000e\000s\000\040\000d\000e\000\040\000Z\000/\000n\000Z\000\040\000d\000a\000n\000s\000\040\000Z\000/\000m\000Z}{chapter.5}% 130
\BOOKMARK [1][-]{section.5.21}{\376\377\000M\000o\000r\000p\000h\000i\000s\000m\000e\000s\000\040\000d\000e\000\040\000G\000L\000n\000\050\000R\000\051\000\040\000d\000a\000n\000s\000\040\000Z\000/\000m\000Z\000\040\0005}{chapter.5}% 131
\BOOKMARK [1][-]{section.5.22}{\376\377\000Q\000u\000a\000s\000i\000-\000m\000o\000r\000p\000h\000i\000s\000m\000e\000\040\0003}{chapter.5}% 132
\BOOKMARK [1][-]{section.5.23}{\376\377\000M\000o\000r\000p\000h\000i\000s\000m\000e\000\040\000d\000e\000\040\000Z\000N\000\040\000p\000r\000e\000s\000q\000u\000e\000\040\000n\000u\000l\000\040\0003}{chapter.5}% 133
\BOOKMARK [1][-]{section.5.24}{\376\377\000G\000r\000o\000u\000p\000e\000s\000\040\000d\000e\000\040\000m\000a\000t\000r\000i\000c\000e\000s}{chapter.5}% 134
\BOOKMARK [1][-]{section.5.25}{\376\377\000C\000a\000r\000a\000c\000t\000\351\000r\000i\000s\000a\000t\000i\000o\000n\000\040\000d\000e\000\040\000l\000a\000\040\000f\000i\000n\000i\000t\000u\000d\000e\000\040\000d\000'\000u\000n\000\040\000g\000r\000o\000u\000p\000e\000\040\000p\000a\000r\000\040\000s\000e\000s\000\040\000s\000o\000u\000s\000-\000g\000r\000o\000u\000p\000e\000s\000\040\0003}{chapter.5}% 135
\BOOKMARK [1][-]{section.5.26}{\376\377\000S\000o\000u\000s\000-\000g\000r\000o\000u\000p\000e\000\040\000d\000e\000s\000\040\000\351\000l\000\351\000m\000e\000n\000t\000s\000\040\000d\000'\000o\000r\000d\000r\000e\000\040\000f\000i\000n\000i\000\040\0004}{chapter.5}% 136
\BOOKMARK [1][-]{section.5.27}{\376\377\000R\000e\000l\000a\000t\000i\000o\000n\000s\000\040\000d\000'\000\351\000q\000u\000i\000v\000a\000l\000e\000n\000c\000e\000\040\000n\000a\000t\000u\000r\000e\000l\000l\000e\000s\000\040\000s\000u\000r\000\040\000l\000e\000s\000\040\000g\000r\000o\000u\000p\000e\000s\000\040\0001}{chapter.5}% 137
\BOOKMARK [1][-]{section.5.28}{\376\377\000T\000h\000\351\000o\000r\000\350\000m\000e\000\040\000d\000e\000\040\000L\000a\000g\000r\000a\000n\000g\000e\000\040\0003\000\040\000\050\000H\000P\000\051}{chapter.5}% 138
\BOOKMARK [1][-]{section.5.29}{\376\377\000U\000n\000\040\000c\000a\000s\000\040\000p\000a\000r\000t\000i\000c\000u\000l\000i\000e\000r\000\040\000d\000u\000\040\000l\000e\000m\000m\000e\000\040\000d\000e\000\040\000C\000a\000u\000c\000h\000y\000\040\0004\000\040\000\050\000H\000P\000\051}{chapter.5}% 139
\BOOKMARK [1][-]{section.5.30}{\376\377\000G\000r\000o\000u\000p\000e\000\040\000d\000'\000o\000r\000d\000r\000e\000\040\000p\000r\000e\000m\000i\000e\000r\000\040\0001}{chapter.5}% 140
\BOOKMARK [1][-]{section.5.31}{\376\377\000S\000o\000u\000s\000-\000g\000r\000o\000u\000p\000e\000\040\000d\000'\000u\000n\000\040\000g\000r\000o\000u\000p\000e\000\040\000c\000y\000c\000l\000i\000q\000u\000e\000\040\0003}{chapter.5}% 141
\BOOKMARK [1][-]{section.5.32}{\376\377\000E\000x\000p\000o\000s\000a\000n\000t\000\040\000d\000'\000u\000n\000\040\000g\000r\000o\000u\000p\000e\000\040\000a\000b\000\351\000l\000i\000e\000n\000\040\000f\000i\000n\000i\000\040\0004\000\040\000\050\000H\000P\000\051}{chapter.5}% 142
\BOOKMARK [1][-]{section.5.33}{\376\377\000U\000n\000\040\000g\000r\000o\000u\000p\000e\000\040\000d\000'\000i\000n\000v\000e\000r\000s\000i\000b\000l\000e\000\040\000n\000o\000n\000\040\000c\000y\000c\000l\000i\000q\000u\000e}{chapter.5}% 143
\BOOKMARK [1][-]{section.5.34}{\376\377\000O\000r\000d\000r\000e\000\040\000d\000a\000n\000s\000\040\000u\000n\000\040\000g\000r\000o\000u\000p\000e\000\040\000d\000e\000\040\000c\000a\000r\000d\000i\000n\000a\000l\000\040\000p\000a\000i\000r}{chapter.5}% 144
\BOOKMARK [1][-]{section.5.35}{\376\377\000O\000r\000d\000r\000e\000\040\000d\000a\000n\000s\000\040\000Z\000/\000n\000Z\000\040\0002}{chapter.5}% 145
\BOOKMARK [1][-]{section.5.36}{\376\377\000P\000a\000s\000s\000a\000g\000e\000\040\000p\000a\000r\000\040\000l\000e\000s\000\040\000g\000r\000o\000u\000p\000e\000s}{chapter.5}% 146
\BOOKMARK [1][-]{section.5.37}{\376\377\000G\000r\000o\000u\000p\000e\000\040\000i\000n\000f\000i\000n\000i\000\040\000n\000o\000n\000\040\000m\000o\000n\000o\000g\000\350\000n\000e\000\040\0001}{chapter.5}% 147
\BOOKMARK [1][-]{section.5.38}{\376\377\000G\000r\000o\000u\000p\000e\000\040\000n\000o\000n\000\040\000c\000y\000c\000l\000i\000q\000u\000e\000\040\0002}{chapter.5}% 148
\BOOKMARK [1][-]{section.5.39}{\376\377\000O\000r\000d\000r\000e\000\040\000d\000a\000n\000s\000\040\000l\000e\000\040\000g\000r\000o\000u\000p\000e\000\040\000s\000y\000m\000\351\000t\000r\000i\000q\000u\000e\000\040\0002}{chapter.5}% 149
\BOOKMARK [1][-]{section.5.40}{\376\377\000S\000o\000u\000s\000-\000g\000r\000o\000u\000p\000e\000\040\000e\000n\000g\000e\000n\000d\000r\000\351\000\040\000p\000a\000r\000\040\000l\000e\000s\000\040\000n\000o\000m\000b\000r\000e\000s\000\040\000p\000r\000e\000m\000i\000e\000r\000s}{chapter.5}% 150
\BOOKMARK [1][-]{section.5.41}{\376\377\000S\000o\000u\000s\000-\000g\000r\000o\000u\000p\000e\000\040\000e\000n\000g\000e\000n\000d\000r\000\351\000\040\000p\000a\000r\000\040\000l\000e\000\040\000c\000o\000m\000p\000l\000\351\000m\000e\000n\000t\000a\000i\000r\000e\000\040\000d\000'\000u\000n\000\040\000s\000o\000u\000s\000-\000g\000r\000o\000u\000p\000e}{chapter.5}% 151
\BOOKMARK [1][-]{section.5.42}{\376\377\000P\000a\000r\000t\000i\000e\000\040\000g\000\351\000n\000\351\000r\000a\000t\000r\000i\000c\000e\000\040\000\050\000H\000P\000\051}{chapter.5}% 152
\BOOKMARK [1][-]{section.5.43}{\376\377\000G\000r\000o\000u\000p\000e\000\040\000a\000l\000t\000e\000r\000n\000\351\000\040\0003}{chapter.5}% 153
\BOOKMARK [1][-]{section.5.44}{\376\377\000C\000a\000r\000d\000i\000n\000a\000l\000\040\000m\000i\000n\000i\000m\000a\000l\000\040\000d\000'\000u\000n\000e\000\040\000f\000a\000m\000i\000l\000l\000e\000\040\000d\000e\000\040\000t\000r\000a\000n\000s\000p\000o\000s\000i\000t\000i\000o\000n\000s\000\040\000e\000n\000g\000e\000n\000d\000r\000a\000n\000t\000\040\000S\000n\000\040\0003}{chapter.5}% 154
\BOOKMARK [1][-]{section.5.45}{\376\377\000P\000a\000r\000t\000i\000e\000\040\000g\000\351\000n\000\351\000r\000a\000t\000r\000i\000c\000e\000\040\000d\000e\000\040\000O\000\050\000E\000\051\000\040\0004}{chapter.5}% 155
\BOOKMARK [1][-]{section.5.46}{\376\377\000G\000r\000o\000u\000p\000e\000\040\000d\000a\000n\000s\000\040\000u\000n\000\040\000p\000l\000a\000n\000\040\000e\000u\000c\000l\000i\000d\000i\000e\000n\000\040\0003}{chapter.5}% 156
\BOOKMARK [1][-]{section.5.47}{\376\377\000G\000r\000o\000u\000p\000e\000\040\000d\000i\000\351\000d\000r\000a\000l\000\040\0003}{chapter.5}% 157
\BOOKMARK [1][-]{section.5.48}{\376\377\000M\000a\000t\000r\000i\000c\000e\000s\000\040\000d\000e\000\040\000p\000e\000r\000m\000u\000t\000a\000t\000i\000o\000n\000\040\0001}{chapter.5}% 158
\BOOKMARK [1][-]{section.5.49}{\376\377\000G\000r\000o\000u\000p\000e\000\040\000d\000\351\000r\000i\000v\000\351\000\040\0004}{chapter.5}% 159
\BOOKMARK [1][-]{section.5.50}{\376\377\000S\000o\000u\000s\000-\000g\000r\000o\000u\000p\000e\000\040\000d\000i\000s\000c\000r\000e\000t\000\040\000d\000e\000\040\000C\000\040\000e\000t\000\040\000d\000e\000\040\000S\000L\0002\000\050\000R\000\051\000\040\0005}{chapter.5}% 160
\BOOKMARK [0][-]{chapter.6}{\376\377\000A\000n\000n\000e\000a\000u\000x\000\040\000e\000t\000\040\000c\000o\000r\000p\000s}{}% 161
\BOOKMARK [1][-]{section.6.1}{\376\377\000C\000e\000n\000t\000r\000e\000\040\000d\000'\000u\000n\000\040\000a\000n\000n\000e\000a\000u\000\040\0001\000\040\000\050\000H\000P\000\051}{chapter.6}% 162
\BOOKMARK [1][-]{section.6.2}{\376\377\000C\000a\000l\000c\000u\000l\000\040\000d\000'\000u\000n\000\040\000i\000n\000v\000e\000r\000s\000e\000\040\0003}{chapter.6}% 163
\BOOKMARK [1][-]{section.6.3}{\376\377\000A\000n\000n\000e\000a\000u\000\040\000d\000e\000\040\000B\000o\000o\000l\000e\000\040\0002}{chapter.6}% 164
\BOOKMARK [1][-]{section.6.4}{\376\377\000C\000o\000n\000d\000i\000t\000i\000o\000n\000\040\000s\000u\000f\000f\000i\000s\000a\000n\000t\000e\000\040\000p\000o\000u\000r\000\040\000q\000u\000'\000u\000n\000\040\000a\000n\000n\000e\000a\000u\000\040\000s\000o\000i\000t\000\040\000c\000o\000m\000m\000u\000t\000a\000t\000i\000f\000\040\0003}{chapter.6}% 165
\BOOKMARK [1][-]{section.6.5}{\376\377\000A\000n\000n\000e\000a\000u\000x\000\040\000c\000o\000m\000m\000u\000t\000a\000t\000i\000f\000s\000\040\000o\000u\000\040\000a\000n\000t\000i\000-\000c\000o\000m\000m\000u\000t\000a\000t\000i\000f\000s\000\040\0004}{chapter.6}% 166
\BOOKMARK [1][-]{section.6.6}{\376\377\000A\000n\000n\000e\000a\000u\000\040\000r\000\351\000g\000u\000l\000i\000e\000r\000\040\0004}{chapter.6}% 167
\BOOKMARK [1][-]{section.6.7}{\376\377\000A\000n\000n\000e\000a\000u\000\040\000i\000n\000t\000\350\000g\000r\000e\000\040\000f\000i\000n\000i\000\040\0001}{chapter.6}% 168
\BOOKMARK [1][-]{section.6.8}{\376\377\000A\000n\000n\000e\000a\000u\000\040\000p\000r\000i\000n\000c\000i\000p\000a\000l\000\040\000\050\0001\000\051\000\040\0003}{chapter.6}% 169
\BOOKMARK [1][-]{section.6.9}{\376\377\000A\000n\000n\000e\000a\000u\000\040\000p\000r\000i\000n\000c\000i\000p\000a\000l\000\040\000\050\0002\000\051\000\040\0003\000\040\000\050\000H\000P\000\051}{chapter.6}% 170
\BOOKMARK [1][-]{section.6.10}{\376\377\000A\000n\000n\000e\000a\000u\000\040\000e\000u\000c\000l\000i\000d\000i\000e\000n\000\040\0002}{chapter.6}% 171
\BOOKMARK [1][-]{section.6.11}{\376\377\000E\000n\000t\000i\000e\000r\000s\000\040\000d\000e\000\040\000G\000a\000u\000s\000s}{chapter.6}% 172
\BOOKMARK [1][-]{section.6.12}{\376\377\000A\000n\000n\000e\000a\000u\000\040\000N\000o\000e\000t\000h\000\351\000r\000i\000e\000n\000\040\0004\000\040\000\050\000H\000P\000\051}{chapter.6}% 173
\BOOKMARK [1][-]{section.6.13}{\376\377\000M\000o\000r\000p\000h\000i\000s\000m\000e\000s\000\040\000d\000'\000a\000n\000n\000e\000a\000u\000x\000\040\000d\000e\000\040\000f\000o\000n\000c\000t\000i\000o\000n\000s\000\040\000r\000\351\000e\000l\000l\000e\000s}{chapter.6}% 174
\BOOKMARK [1][-]{section.6.14}{\376\377\000C\000a\000r\000a\000c\000t\000\351\000r\000i\000s\000a\000t\000i\000o\000n\000\040\000d\000'\000u\000n\000\040\000c\000o\000r\000p\000s\000\040\000p\000a\000r\000\040\000s\000e\000s\000\040\000i\000d\000\351\000a\000u\000x\000\040\0002}{chapter.6}% 175
\BOOKMARK [1][-]{section.6.15}{\376\377\000O\000p\000\351\000r\000a\000t\000i\000o\000n\000s\000\040\000s\000u\000r\000\040\000l\000e\000s\000\040\000i\000d\000\351\000a\000u\000x\000,\000\040\000i\000d\000\351\000a\000u\000x\000\040\000p\000r\000i\000n\000c\000i\000p\000a\000u\000x\000\040\0003}{chapter.6}% 176
\BOOKMARK [1][-]{section.6.16}{\376\377\000I\000d\000\351\000a\000l\000\040\000p\000r\000e\000m\000i\000e\000r\000\040\0002}{chapter.6}% 177
\BOOKMARK [1][-]{section.6.17}{\376\377\000I\000d\000\351\000a\000l\000\040\000m\000a\000x\000i\000m\000a\000l\000\040\0004}{chapter.6}% 178
\BOOKMARK [1][-]{section.6.18}{\376\377\000I\000d\000\351\000a\000u\000x\000\040\000d\000'\000u\000n\000\040\000e\000s\000p\000a\000c\000e\000\040\000d\000e\000\040\000f\000o\000n\000c\000t\000i\000o\000n}{chapter.6}% 179
\BOOKMARK [1][-]{section.6.19}{\376\377\000R\000a\000d\000i\000c\000a\000l\000\040\000d\000'\000u\000n\000\040\000i\000d\000\351\000a\000l\000\040\0001}{chapter.6}% 180
\BOOKMARK [1][-]{section.6.20}{\376\377\000N\000i\000l\000r\000a\000d\000i\000c\000a\000l\000\040\0002}{chapter.6}% 181
\BOOKMARK [1][-]{section.6.21}{\376\377\000R\000a\000d\000i\000c\000a\000l\000\040\000d\000e\000\040\000J\000a\000c\000o\000b\000s\000o\000n\000\040\0002}{chapter.6}% 182
\BOOKMARK [1][-]{section.6.22}{\376\377\000I\000d\000\351\000a\000u\000x\000\040\000d\000e\000\040\000M\000n\000\050\000K\000\051}{chapter.6}% 183
\BOOKMARK [1][-]{section.6.23}{\376\377\000C\000a\000r\000a\000c\000t\000\351\000r\000i\000s\000t\000i\000q\000u\000e\000\040\000d\000'\000u\000n\000\040\000a\000n\000n\000e\000a\000u\000\040\0002\000\040\000\050\000H\000P\000\051}{chapter.6}% 184
\BOOKMARK [1][-]{section.6.24}{\376\377\000A\000n\000n\000e\000a\000u\000\040\000i\000n\000t\000\350\000g\000r\000e\000\040\0002\000\040\000\050\000H\000P\000\051}{chapter.6}% 185
\BOOKMARK [1][-]{section.6.25}{\376\377\000S\000o\000u\000s\000-\000c\000o\000r\000p\000s\000\040\000m\000i\000n\000i\000m\000a\000l\000\040\000d\000e\000\040\000C\000\040\0001}{chapter.6}% 186
\BOOKMARK [1][-]{section.6.26}{\376\377\000C\000o\000r\000p\000s\000\040\000d\000'\000A\000t\000t\000i\000l\000a}{chapter.6}% 187
\BOOKMARK [1][-]{section.6.27}{\376\377\000E\000n\000d\000o\000m\000o\000r\000p\000h\000i\000s\000m\000e\000\040\000d\000e\000\040\000c\000o\000r\000p\000s\000\040\000d\000e\000\040\000R\000\040\0002}{chapter.6}% 188
\BOOKMARK [1][-]{section.6.28}{\376\377\000A\000u\000t\000o\000m\000o\000r\000p\000h\000i\000s\000m\000e\000s\000\040\000d\000e\000\040\000Q\000[\0002\000]\000\040\0003}{chapter.6}% 189
\BOOKMARK [1][-]{section.6.29}{\376\377\000A\000l\000g\000\350\000b\000r\000e\000\040\000d\000e\000s\000\040\000q\000u\000a\000t\000e\000r\000n\000i\000o\000n\000s}{chapter.6}% 190
\BOOKMARK [1][-]{section.6.30}{\376\377\000U\000n\000e\000\040\000d\000\351\000f\000i\000n\000i\000t\000i\000o\000n\000\040\000d\000e\000\040\000C\000\040\0002}{chapter.6}% 191
\BOOKMARK [1][-]{section.6.31}{\376\377\000R\000-\000a\000l\000g\000\350\000b\000r\000e\000\040\000c\000o\000m\000m\000u\000t\000a\000t\000i\000v\000e\000\040\000i\000n\000t\000\350\000g\000r\000e\000\040\000d\000e\000\040\000d\000i\000m\000e\000n\000s\000i\000o\000n\000\040\000f\000i\000n\000i\000e\000\040\0004}{chapter.6}% 192
\BOOKMARK [1][-]{section.6.32}{\376\377\000T\000h\000\351\000o\000r\000i\000e\000\040\000a\000l\000g\000\351\000b\000r\000i\000q\000u\000e\000\040\000d\000e\000s\000\040\000c\000o\000r\000p\000s\000\040\0004\000\040\000\050\000H\000P\000\051}{chapter.6}% 193
\BOOKMARK [1][-]{section.6.33}{\376\377\000F\000a\000m\000i\000l\000l\000e\000\040\000Q\000-\000l\000i\000b\000r\000e\000\040\0004\000\040\000\050\000H\000P\000\051}{chapter.6}% 194
\BOOKMARK [1][-]{section.6.34}{\376\377\000C\000o\000r\000p\000s\000\040\000d\000e\000s\000\040\000n\000o\000m\000b\000r\000e\000s\000\040\000a\000l\000g\000\351\000b\000r\000i\000q\000u\000e\000s\000\040\0004}{chapter.6}% 195
\BOOKMARK [1][-]{section.6.35}{\376\377\000T\000h\000\351\000o\000r\000\350\000m\000e\000\040\000d\000e\000\040\000K\000r\000o\000n\000e\000c\000k\000e\000r\000\040\0004}{chapter.6}% 196
\BOOKMARK [1][-]{section.6.36}{\376\377\000I\000r\000r\000a\000t\000i\000o\000n\000a\000l\000i\000t\000\351\000\040\000d\000e\000\040\000e\000\040\000\050\0001\000\051\000\040\0002}{chapter.6}% 197
\BOOKMARK [1][-]{section.6.37}{\376\377\000I\000r\000r\000a\000t\000i\000o\000n\000a\000l\000i\000t\000\351\000\040\000d\000e\000\040\000e\000\040\000\050\0002\000\051\000\040\0002}{chapter.6}% 198
\BOOKMARK [1][-]{section.6.38}{\376\377\000I\000r\000r\000a\000t\000i\000o\000n\000a\000l\000i\000t\000\351\000\040\000d\000e\000\040\000\040\0004}{chapter.6}% 199
\BOOKMARK [1][-]{section.6.39}{\376\377\000C\000r\000i\000t\000\350\000r\000e\000\040\000d\000e\000\040\000t\000r\000a\000n\000s\000c\000e\000n\000d\000a\000n\000c\000e\000\040\000d\000e\000\040\000L\000i\000o\000u\000v\000i\000l\000l\000e\000\040\0004}{chapter.6}% 200
\BOOKMARK [0][-]{chapter.7}{\376\377\000A\000r\000i\000t\000h\000m\000\351\000t\000i\000q\000u\000e}{}% 201
\BOOKMARK [1][-]{section.7.1}{\376\377\000I\000n\000f\000i\000n\000i\000t\000\351\000\040\000d\000e\000s\000\040\000n\000o\000m\000b\000r\000e\000s\000\040\000p\000r\000e\000m\000i\000e\000r\000s\000\040\0002}{chapter.7}% 202
\BOOKMARK [1][-]{section.7.2}{\376\377\000V\000e\000r\000s\000i\000o\000n\000\040\000f\000a\000i\000b\000l\000e\000\040\000d\000u\000\040\000t\000h\000\351\000o\000r\000\350\000m\000e\000\040\000d\000e\000\040\000p\000r\000o\000g\000r\000e\000s\000s\000i\000o\000n\000\040\000a\000r\000i\000t\000h\000m\000\351\000t\000i\000q\000u\000e\000\040\000d\000e\000\040\000D\000i\000r\000i\000c\000h\000l\000e\000t\000\040\0003}{chapter.7}% 203
\BOOKMARK [1][-]{section.7.3}{\376\377\000R\000a\000c\000i\000n\000e\000\040\000c\000a\000r\000r\000\351\000\040\000d\000'\000u\000n\000\040\000n\000o\000m\000b\000r\000e\000\040\000p\000r\000e\000m\000i\000e\000r\000\040\0002}{chapter.7}% 204
\BOOKMARK [1][-]{section.7.4}{\376\377\000U\000n\000e\000\040\000s\000u\000i\000t\000e\000\040\000p\000\351\000r\000i\000o\000d\000i\000q\000u\000e\000\040\0003}{chapter.7}% 205
\BOOKMARK [1][-]{section.7.5}{\376\377\000R\000a\000c\000i\000n\000e\000s\000\040\000d\000e\000\040\000l\000'\000u\000n\000i\000t\000\351\000\040\0002}{chapter.7}% 206
\BOOKMARK [1][-]{section.7.6}{\376\377\000P\000l\000u\000s\000\040\000p\000e\000t\000i\000t\000\040\000n\000o\000m\000b\000r\000e\000\040\000p\000r\000e\000m\000i\000e\000r\000\040\000n\000e\000\040\000d\000i\000v\000i\000s\000a\000n\000t\000\040\000p\000a\000s\000\040\000u\000n\000\040\000e\000n\000t\000i\000e\000r\000\040\000d\000o\000n\000n\000\351}{chapter.7}% 207
\BOOKMARK [1][-]{section.7.7}{\376\377\000T\000h\000\351\000o\000r\000\350\000m\000e\000\040\000d\000e\000\040\000K\000u\000r\000s\000h\000a\000k\000\040\0004}{chapter.7}% 208
\BOOKMARK [1][-]{section.7.8}{\376\377\000V\000a\000l\000u\000a\000t\000i\000o\000n\000\040\000p\000-\000a\000d\000i\000q\000u\000e\000\040\000d\000e\000\040\000\040\000e\000p\000i\000c\000\050\000\051\000p\000n\000k\000\040\0003}{chapter.7}% 209
\BOOKMARK [1][-]{section.7.9}{\376\377\000U\000n\000e\000\040\000\351\000q\000u\000a\000t\000i\000o\000n\000\040\000d\000a\000n\000s\000\040\000N\000\040\0003}{chapter.7}% 210
\BOOKMARK [1][-]{section.7.10}{\376\377\000T\000r\000i\000p\000l\000e\000t\000s\000\040\000p\000y\000t\000h\000a\000g\000o\000r\000i\000c\000i\000e\000n\000s\000\040\0002}{chapter.7}% 211
\BOOKMARK [1][-]{section.7.11}{\376\377\000T\000h\000\351\000o\000r\000\350\000m\000e\000\040\000d\000e\000\040\000S\000o\000p\000h\000i\000e\000\040\000G\000e\000r\000m\000a\000i\000n\000\040\0003}{chapter.7}% 212
\BOOKMARK [1][-]{section.7.12}{\376\377\000U\000n\000e\000\040\000\351\000q\000u\000a\000t\000i\000o\000n\000\040\000d\000i\000o\000p\000h\000a\000n\000t\000i\000e\000n\000n\000e\000\040\0003}{chapter.7}% 213
\BOOKMARK [1][-]{section.7.13}{\376\377\000C\000a\000l\000c\000u\000l\000\040\000d\000'\000u\000n\000e\000\040\000s\000o\000m\000m\000e\000\040\0003}{chapter.7}% 214
\BOOKMARK [1][-]{section.7.14}{\376\377\000N\000o\000m\000b\000r\000e\000s\000\040\000d\000e\000\040\000M\000e\000r\000s\000e\000n\000n\000e\000\040\0002}{chapter.7}% 215
\BOOKMARK [1][-]{section.7.15}{\376\377\000U\000n\000\040\000e\000x\000e\000r\000c\000i\000c\000e\000\040\000p\000o\000u\000r\000\040\000l\000e\000s\000\040\000a\000n\000n\000\351\000e\000s\000\040\000i\000m\000p\000a\000i\000r\000e\000s\000\040\0004}{chapter.7}% 216
\BOOKMARK [1][-]{section.7.16}{\376\377\000E\000q\000u\000a\000t\000i\000o\000n\000\040\000d\000u\000\040\000s\000e\000c\000o\000n\000d\000\040\000d\000e\000g\000r\000\351\000\040\000d\000a\000n\000s\000\040\000Z\000/\000n\000Z\000\040\0002}{chapter.7}% 217
\BOOKMARK [1][-]{section.7.17}{\376\377\000U\000n\000\040\000p\000r\000o\000b\000l\000\350\000m\000e\000\040\000d\000e\000\040\000c\000o\000n\000g\000r\000u\000e\000n\000c\000e\000\040\0003}{chapter.7}% 218
\BOOKMARK [1][-]{section.7.18}{\376\377\000U\000n\000\040\000m\000u\000l\000t\000i\000p\000l\000e\000\040\000d\000e\000\040\0002\0000\0002\0006\000\040\000q\000u\000i\000\040\000n\000e\000\040\000s\000'\000\351\000c\000r\000i\000t\000\040\000q\000u\000'\000a\000v\000e\000c\000\040\000d\000e\000s\000\040\0002\000\040\0003}{chapter.7}% 219
\BOOKMARK [1][-]{section.7.19}{\376\377\000S\000o\000m\000m\000e\000\040\000d\000e\000s\000\040\000p\000u\000i\000s\000s\000a\000n\000c\000e\000s\000\040\000k\000-\000i\000\350\000m\000e\000s\000\040\000d\000a\000n\000s\000\040\000Z\000/\000p\000Z\000\040\0003}{chapter.7}% 220
\BOOKMARK [1][-]{section.7.20}{\376\377\000T\000h\000\351\000o\000r\000\350\000m\000e\000\040\000d\000e\000\040\000W\000i\000l\000s\000o\000n\000\040\0002}{chapter.7}% 221
\BOOKMARK [1][-]{section.7.21}{\376\377\000P\000r\000o\000b\000l\000\350\000m\000e\000\040\000P\000u\000t\000n\000a\000m\000\040\000\050\0002\0000\0001\0001\000\051\000\040\0005}{chapter.7}% 222
\BOOKMARK [1][-]{section.7.22}{\376\377\000C\000r\000i\000t\000\350\000r\000e\000\040\000d\000'\000E\000u\000l\000e\000r\000\040\0004}{chapter.7}% 223
\BOOKMARK [1][-]{section.7.23}{\376\377\000I\000n\000d\000i\000c\000a\000t\000r\000i\000c\000e\000\040\000d\000'\000E\000u\000l\000e\000r\000\040\0003}{chapter.7}% 224
\BOOKMARK [1][-]{section.7.24}{\376\377\000U\000n\000e\000\040\000m\000i\000n\000o\000r\000a\000t\000i\000o\000n\000\040\000d\000e\000\040\000l\000'\000i\000n\000d\000i\000c\000a\000t\000r\000i\000c\000e\000\040\000d\000'\000E\000u\000l\000e\000r\000\040\0003}{chapter.7}% 225
\BOOKMARK [1][-]{section.7.25}{\376\377\000T\000h\000\351\000o\000r\000\350\000m\000e\000\040\000d\000'\000i\000n\000t\000e\000r\000v\000e\000r\000s\000i\000o\000n\000\040\000d\000e\000\040\000M\000\366\000b\000i\000u\000s\000\040\0003}{chapter.7}% 226
\BOOKMARK [1][-]{section.7.26}{\376\377\000P\000r\000o\000b\000a\000b\000i\000l\000i\000t\000\351\000\040\000q\000u\000e\000\040\000d\000e\000u\000x\000\040\000e\000n\000t\000i\000e\000r\000s\000\040\000s\000o\000i\000e\000n\000t\000\040\000p\000r\000e\000m\000i\000e\000r\000s\000\040\000e\000n\000t\000r\000e\000\040\000e\000u\000x\000\040\0004}{chapter.7}% 227
\BOOKMARK [1][-]{section.7.27}{\376\377\000L\000i\000m\000i\000t\000e\000\040\000d\000'\000u\000n\000e\000\040\000f\000o\000n\000c\000t\000i\000o\000n\000\040\000a\000r\000i\000t\000h\000m\000\351\000t\000i\000q\000u\000e\000\040\000m\000u\000l\000t\000i\000p\000l\000i\000c\000a\000t\000i\000v\000e\000\040\0003}{chapter.7}% 228
\BOOKMARK [1][-]{section.7.28}{\376\377\000F\000o\000n\000c\000t\000i\000o\000n\000s\000\040\000a\000r\000i\000t\000h\000m\000\351\000t\000i\000q\000u\000e\000s\000\040\000r\000\351\000e\000l\000l\000e\000s\000\040\000a\000d\000d\000i\000t\000i\000v\000e\000s\000\040\0004}{chapter.7}% 229
\BOOKMARK [1][-]{section.7.29}{\376\377\000U\000n\000e\000\040\000m\000a\000j\000o\000r\000a\000t\000i\000o\000n\000\040\000d\000e\000\040\000l\000a\000\040\000s\000o\000m\000m\000e\000\040\000d\000e\000s\000\040\000d\000i\000v\000i\000s\000e\000u\000r\000s\000\040\000d\000'\000u\000n\000\040\000e\000n\000t\000i\000e\000r\000\040\0002}{chapter.7}% 230
\BOOKMARK [1][-]{section.7.30}{\376\377\000E\000n\000t\000i\000e\000r\000s\000\040\000a\000l\000g\000\351\000b\000r\000i\000q\000u\000e\000s\000\040\0002}{chapter.7}% 231
\BOOKMARK [1][-]{section.7.31}{\376\377\000M\000a\000j\000o\000r\000a\000t\000i\000o\000n\000\040\000d\000e\000\040\000l\000a\000\040\000p\000r\000i\000m\000o\000r\000i\000e\000l\000l\000e\000\040\0003}{chapter.7}% 232
\BOOKMARK [1][-]{section.7.32}{\376\377\000T\000h\000\351\000o\000r\000\350\000m\000e\000s\000\040\000d\000e\000\040\000M\000e\000r\000t\000e\000n\000s\000\040\0003}{chapter.7}% 233
\BOOKMARK [1][-]{section.7.33}{\376\377\000T\000h\000\351\000o\000r\000\350\000m\000e\000s\000\040\000d\000e\000\040\000T\000c\000h\000e\000b\000y\000c\000h\000e\000v\000\040\0003}{chapter.7}% 234
\BOOKMARK [0][-]{chapter.8}{\376\377\000D\000\351\000n\000o\000m\000b\000r\000e\000m\000e\000n\000t}{}% 235
\BOOKMARK [1][-]{section.8.1}{\376\377\000I\000d\000e\000n\000t\000i\000t\000\351\000\040\000d\000e\000\040\000V\000a\000n\000d\000e\000r\000m\000o\000n\000d\000e\000\040\0002}{chapter.8}% 236
\BOOKMARK [1][-]{section.8.2}{\376\377\000N\000o\000m\000b\000r\000e\000\040\000d\000e\000\040\000F\000i\000b\000o\000n\000a\000c\000c\000i\000\040\0003}{chapter.8}% 237
\BOOKMARK [1][-]{section.8.3}{\376\377\000M\000a\000t\000r\000i\000c\000e\000s\000\040\000o\000r\000t\000h\000o\000g\000o\000n\000a\000l\000e\000s\000\040\000\340\000\040\000c\000o\000e\000f\000f\000i\000c\000i\000e\000n\000t\000s\000\040\000e\000n\000t\000i\000e\000r\000s\000\040\0002}{chapter.8}% 238
\BOOKMARK [1][-]{section.8.4}{\376\377\000D\000\351\000r\000a\000n\000g\000e\000m\000e\000n\000t\000\040\0003}{chapter.8}% 239
\BOOKMARK [1][-]{section.8.5}{\376\377\000D\000\351\000r\000a\000n\000g\000e\000m\000e\000n\000t\000\040\000p\000a\000r\000t\000i\000e\000l\000\040\0003}{chapter.8}% 240
\BOOKMARK [1][-]{section.8.6}{\376\377\000N\000o\000m\000b\000r\000e\000s\000\040\000d\000e\000\040\000B\000e\000l\000l\000\040\0003}{chapter.8}% 241
\BOOKMARK [1][-]{section.8.7}{\376\377\000N\000o\000m\000b\000r\000e\000s\000\040\000d\000e\000\040\000C\000a\000t\000a\000l\000a\000n\000\040\0003}{chapter.8}% 242
\BOOKMARK [1][-]{section.8.8}{\376\377\000N\000o\000m\000b\000r\000e\000s\000\040\000d\000e\000\040\000p\000a\000r\000t\000i\000e\000s\000\040\0002}{chapter.8}% 243
\BOOKMARK [1][-]{section.8.9}{\376\377\000N\000o\000m\000b\000r\000e\000\040\000d\000e\000\040\000s\000u\000r\000j\000e\000c\000t\000i\000o\000n\000\040\0003}{chapter.8}% 244
\BOOKMARK [1][-]{section.8.10}{\376\377\000F\000o\000r\000m\000u\000l\000e\000\040\000d\000e\000\040\000L\000e\000g\000e\000n\000d\000r\000e\000\040\0003}{chapter.8}% 245
\BOOKMARK [1][-]{section.8.11}{\376\377\000T\000h\000\351\000o\000r\000\350\000m\000e\000\040\000d\000e\000\040\000H\000a\000l\000l\000\040\0004}{chapter.8}% 246
\BOOKMARK [1][-]{section.8.12}{\376\377\000F\000o\000r\000m\000u\000l\000e\000\040\000d\000u\000\040\000C\000r\000i\000b\000l\000e\000\040\0003}{chapter.8}% 247
\BOOKMARK [1][-]{section.8.13}{\376\377\000C\000a\000r\000d\000i\000n\000a\000l\000\040\000d\000e\000\040\000G\000L\000n\000\050\000K\000\051\000\040\000e\000t\000\040\000S\000L\000n\000\050\000K\000\051\000\040\0004\000\040\000\050\000H\000P\000\051}{chapter.8}% 248
\BOOKMARK [1][-]{section.8.14}{\376\377\000Q\000\040\000e\000s\000t\000\040\000d\000\351\000n\000o\000m\000b\000r\000a\000b\000l\000e\000\040\0002}{chapter.8}% 249
\BOOKMARK [1][-]{section.8.15}{\376\377\000R\000\040\000n\000'\000e\000s\000t\000\040\000p\000a\000s\000\040\000d\000\351\000n\000o\000m\000b\000r\000a\000b\000l\000e\000\040\0003}{chapter.8}% 250
\BOOKMARK [1][-]{section.8.16}{\376\377\000D\000\351\000n\000o\000m\000b\000r\000a\000b\000i\000l\000i\000t\000\351\000\040\000d\000e\000s\000\040\000n\000o\000m\000b\000r\000e\000s\000\040\000a\000l\000g\000\351\000b\000r\000i\000q\000u\000e\000s\000\040\0003}{chapter.8}% 251
\BOOKMARK [1][-]{section.8.17}{\376\377\000T\000h\000\351\000o\000r\000\350\000m\000e\000\040\000d\000e\000\040\000C\000a\000n\000t\000o\000r\000\040\0003}{chapter.8}% 252
\BOOKMARK [1][-]{section.8.18}{\376\377\000F\000o\000n\000c\000t\000i\000o\000n\000\040\000q\000u\000i\000\040\000i\000n\000t\000e\000r\000v\000e\000r\000t\000i\000t\000\040\000r\000a\000t\000i\000o\000n\000n\000e\000l\000s\000\040\000e\000t\000\040\000i\000r\000r\000a\000t\000i\000o\000n\000n\000e\000l\000s\000\040\0003}{chapter.8}% 253
\BOOKMARK [1][-]{section.8.19}{\376\377\000S\000u\000p\000p\000o\000r\000t\000\040\000d\000'\000u\000n\000e\000\040\000f\000a\000m\000i\000l\000l\000e\000\040\000s\000o\000m\000m\000a\000b\000l\000e\000\040\0002}{chapter.8}% 254
\BOOKMARK [1][-]{section.8.20}{\376\377\000T\000h\000\351\000o\000r\000\350\000m\000e\000\040\000d\000e\000\040\000F\000r\000o\000d\000a\000\040\0003}{chapter.8}% 255
\BOOKMARK [1][-]{section.8.21}{\376\377\000O\000u\000v\000e\000r\000t\000s\000\040\000d\000e\000\040\000R}{chapter.8}% 256
\BOOKMARK [1][-]{section.8.22}{\376\377\000E\000n\000s\000e\000m\000b\000l\000e\000\040\000d\000i\000s\000c\000r\000e\000t\000\040\0002}{chapter.8}% 257
\BOOKMARK [1][-]{section.8.23}{\376\377\000E\000n\000s\000e\000m\000b\000l\000e\000\040\000p\000a\000r\000f\000a\000i\000t}{chapter.8}% 258
\BOOKMARK [0][-]{chapter.9}{\376\377\000P\000r\000o\000b\000a\000b\000i\000l\000i\000t\000\351\000s}{}% 259
\BOOKMARK [1][-]{section.9.1}{\376\377\000S\000o\000m\000m\000e\000\040\000d\000e\000\040\000v\000a\000r\000i\000a\000b\000l\000e\000s\000\040\000d\000e\000\040\000B\000e\000r\000n\000o\000u\000l\000l\000i\000\040\000i\000n\000d\000\351\000p\000e\000n\000d\000a\000n\000t\000e\000s\000\040\0002}{chapter.9}% 260
\BOOKMARK [1][-]{section.9.2}{\376\377\000A\000p\000p\000r\000o\000x\000i\000m\000a\000t\000i\000o\000n\000\040\000d\000'\000u\000n\000e\000\040\000l\000o\000i\000\040\000d\000e\000\040\000P\000o\000i\000s\000s\000o\000n\000\040\000p\000a\000r\000\040\000d\000e\000s\000\040\000l\000o\000i\000s\000\040\000b\000i\000n\000o\000m\000i\000a\000l\000e\000s\000\040\0001}{chapter.9}% 261
\BOOKMARK [1][-]{section.9.3}{\376\377\000I\000n\000\351\000g\000a\000l\000i\000t\000\351\000\040\000d\000e\000\040\000M\000a\000r\000k\000o\000v\000\040\000e\000t\000\040\000i\000n\000\351\000g\000a\000l\000i\000t\000\351\000\040\000d\000e\000\040\000B\000i\000e\000n\000a\000y\000m\000\351\000-\000T\000c\000h\000\351\000b\000y\000c\000h\000e\000v\000\040\0001}{chapter.9}% 262
\BOOKMARK [1][-]{section.9.4}{\376\377\000P\000a\000r\000a\000d\000o\000x\000e\000\040\000d\000e\000s\000\040\000a\000n\000n\000i\000v\000e\000r\000s\000a\000i\000r\000e\000s\000\040\0002}{chapter.9}% 263
\BOOKMARK [1][-]{section.9.5}{\376\377\000V\000a\000r\000i\000a\000b\000l\000e\000\040\000a\000l\000\351\000a\000t\000o\000i\000r\000e\000\040\000p\000r\000e\000s\000q\000u\000e\000\040\000s\000\373\000r\000e\000m\000e\000n\000t\000\040\000n\000u\000l\000l\000e\000/\000c\000o\000n\000s\000t\000a\000n\000t\000e\000\040\0002}{chapter.9}% 264
\BOOKMARK [1][-]{section.9.6}{\376\377\000L\000o\000i\000\040\000d\000e\000\040\000P\000a\000s\000c\000a\000l\000\040\0002}{chapter.9}% 265
\BOOKMARK [1][-]{section.9.7}{\376\377\000L\000e\000m\000m\000e\000\040\000d\000e\000\040\000B\000o\000r\000e\000l\000-\000C\000a\000n\000t\000e\000l\000l\000i\000\040\000e\000t\000\040\000l\000o\000i\000\040\000d\000u\000\040\000z\000\351\000r\000o\000-\000u\000n\000\040\000d\000e\000\040\000B\000o\000r\000e\000l\000\040\0003}{chapter.9}% 266
\BOOKMARK [1][-]{section.9.8}{\376\377\000F\000o\000r\000m\000u\000l\000e\000\040\000d\000'\000a\000n\000t\000i\000r\000\351\000p\000a\000r\000t\000i\000t\000i\000o\000n\000\040\0003}{chapter.9}% 267
\BOOKMARK [1][-]{section.9.9}{\376\377\000L\000o\000i\000\040\000d\000e\000\040\000P\000o\000i\000s\000s\000o\000n\000\040\0002}{chapter.9}% 268
\BOOKMARK [1][-]{section.9.10}{\376\377\000M\000a\000x\000i\000m\000u\000m\000\040\000d\000e\000\040\000d\000e\000u\000x\000\040\000l\000o\000i\000s\000\040\000g\000\351\000o\000m\000\351\000t\000r\000i\000q\000u\000e\000s\000\040\000i\000n\000d\000\351\000p\000e\000n\000d\000a\000n\000t\000e\000s\000\040\0001}{chapter.9}% 269
\BOOKMARK [1][-]{section.9.11}{\376\377\000M\000a\000x\000\040\000e\000t\000\040\000m\000i\000n\000\040\000d\000e\000\040\000l\000o\000i\000s\000\040\000g\000\351\000o\000m\000\351\000t\000r\000i\000q\000u\000e\000s\000\040\000i\000i\000d\000\040\0004}{chapter.9}% 270
\BOOKMARK [1][-]{section.9.12}{\376\377\000F\000o\000r\000m\000u\000l\000e\000\040\000d\000e\000\040\000W\000a\000l\000d\000\040\0003}{chapter.9}% 271
\BOOKMARK [1][-]{section.9.13}{\376\377\000L\000o\000i\000\040\000b\000i\000n\000o\000m\000i\000a\000l\000e\000\040\000a\000l\000\351\000a\000t\000o\000i\000r\000e\000\040\0003}{chapter.9}% 272
\BOOKMARK [1][-]{section.9.14}{\376\377\000S\000o\000m\000m\000e\000\040\000d\000e\000\040\000l\000o\000i\000s\000\040\000d\000e\000\040\000P\000o\000i\000s\000s\000o\000n\000\040\0001}{chapter.9}% 273
\BOOKMARK [1][-]{section.9.15}{\376\377\000O\000b\000t\000e\000n\000i\000r\000\040\000t\000r\000o\000i\000s\000\040\000p\000i\000l\000e\000\040\000c\000o\000n\000s\000\351\000c\000u\000t\000i\000f\000s\000\040\0003}{chapter.9}% 274
\BOOKMARK [1][-]{section.9.16}{\376\377\000L\000a\000n\000c\000e\000r\000\040\000d\000e\000\040\000d\000\351\000s\000\040\000\351\000q\000u\000i\000t\000a\000b\000l\000e\000\040\0003}{chapter.9}% 275
\BOOKMARK [1][-]{section.9.17}{\376\377\000E\000s\000p\000\351\000r\000a\000n\000c\000e\000\040\000c\000o\000n\000d\000i\000t\000i\000o\000n\000n\000e\000l\000l\000e\000\040\0003}{chapter.9}% 276
\BOOKMARK [1][-]{section.9.18}{\376\377\000P\000r\000o\000b\000l\000\350\000m\000e\000\040\000d\000u\000\040\000c\000o\000l\000l\000e\000c\000t\000i\000o\000n\000n\000e\000u\000r\000\040\0002}{chapter.9}% 277
\BOOKMARK [1][-]{section.9.19}{\376\377\000P\000r\000o\000b\000l\000\350\000m\000e\000\040\000d\000e\000\040\000l\000a\000\040\000r\000u\000i\000n\000e\000\040\000d\000u\000\040\000j\000o\000u\000e\000u\000r}{chapter.9}% 278
\BOOKMARK [1][-]{section.9.20}{\376\377\000P\000a\000s\000s\000a\000g\000e\000r\000\040\000d\000'\000u\000n\000\040\000a\000v\000i\000o\000n}{chapter.9}% 279
\BOOKMARK [1][-]{section.9.21}{\376\377\000F\000o\000n\000c\000t\000i\000o\000n\000\040\000d\000e\000\040\000r\000\351\000p\000a\000r\000t\000i\000t\000i\000o\000n\000\040\0004}{chapter.9}% 280
\BOOKMARK [1][-]{section.9.22}{\376\377\000L\000o\000i\000\040\000s\000a\000n\000s\000\040\000m\000\351\000m\000o\000i\000r\000e\000\040\0002}{chapter.9}% 281
\BOOKMARK [1][-]{section.9.23}{\376\377\000C\000a\000r\000a\000c\000t\000\351\000r\000i\000s\000a\000t\000i\000o\000n\000\040\000d\000e\000\040\000l\000a\000\040\000l\000o\000i\000\040\000d\000e\000\040\000P\000o\000i\000s\000s\000o\000n\000\040\000p\000a\000r\000\040\000l\000'\000e\000s\000p\000\351\000r\000a\000n\000c\000e}{chapter.9}% 282
\BOOKMARK [1][-]{section.9.24}{\376\377\000L\000o\000i\000\040\000Z\000\351\000t\000a\000\040\0002}{chapter.9}% 283
\BOOKMARK [1][-]{section.9.25}{\376\377\000T\000a\000u\000x\000\040\000d\000e\000\040\000p\000a\000n\000n\000e\000\040\0002}{chapter.9}% 284
\BOOKMARK [1][-]{section.9.26}{\376\377\000M\000a\000t\000r\000i\000c\000e\000\040\000a\000l\000\351\000a\000t\000o\000i\000r\000e\000\040\000\050\0001\000\051\000\040\0002}{chapter.9}% 285
\BOOKMARK [1][-]{section.9.27}{\376\377\000M\000a\000t\000r\000i\000c\000e\000\040\000a\000l\000\351\000a\000t\000o\000i\000r\000e\000\040\000\050\0002\000\051}{chapter.9}% 286
\BOOKMARK [1][-]{section.9.28}{\376\377\000M\000a\000t\000r\000i\000c\000e\000\040\000a\000l\000\351\000a\000t\000o\000i\000r\000e\000\040\000\050\0003\000\051}{chapter.9}% 287
\BOOKMARK [1][-]{section.9.29}{\376\377\000M\000a\000t\000r\000i\000c\000e\000\040\000a\000l\000\351\000a\000t\000o\000i\000r\000e\000\040\000\050\0004\000\051}{chapter.9}% 288
\BOOKMARK [1][-]{section.9.30}{\376\377\000M\000a\000t\000r\000i\000c\000e\000\040\000a\000l\000\351\000a\000t\000o\000i\000r\000e\000\040\000\050\0005\000\051}{chapter.9}% 289
\BOOKMARK [1][-]{section.9.31}{\376\377\000M\000a\000t\000r\000i\000c\000e\000\040\000a\000l\000\351\000a\000t\000o\000i\000r\000e\000\040\000\050\0006\000\051}{chapter.9}% 290
\BOOKMARK [1][-]{section.9.32}{\376\377\000M\000a\000t\000r\000i\000c\000e\000\040\000a\000l\000\351\000a\000t\000o\000i\000r\000e\000\040\000\050\0007\000\051}{chapter.9}% 291
\BOOKMARK [1][-]{section.9.33}{\376\377\000M\000a\000t\000r\000i\000c\000e\000\040\000d\000e\000\040\000R\000a\000d\000e\000m\000a\000c\000h\000e\000r}{chapter.9}% 292
\BOOKMARK [1][-]{section.9.34}{\376\377\000V\000e\000c\000t\000e\000u\000r\000\040\000p\000r\000o\000p\000r\000e\000\040\000a\000l\000\351\000a\000t\000o\000i\000r\000e\000\040\0003}{chapter.9}% 293
\BOOKMARK [1][-]{section.9.35}{\376\377\000E\000q\000u\000a\000t\000i\000o\000n\000\040\000d\000i\000f\000f\000\351\000r\000e\000n\000t\000i\000e\000l\000l\000e\000\040\000\340\000\040\000c\000o\000e\000f\000f\000i\000c\000i\000e\000n\000t\000s\000\040\000a\000l\000\351\000a\000t\000o\000i\000r\000e\000s}{chapter.9}% 294
\BOOKMARK [1][-]{section.9.36}{\376\377\000S\000\351\000r\000i\000e\000\040\000e\000n\000t\000i\000\350\000r\000e\000\040\000a\000l\000\351\000a\000t\000o\000i\000r\000e}{chapter.9}% 295
\BOOKMARK [1][-]{section.9.37}{\376\377\000P\000e\000r\000m\000u\000t\000a\000t\000i\000o\000n\000\040\000a\000l\000\351\000a\000t\000o\000i\000r\000e}{chapter.9}% 296
\BOOKMARK [1][-]{section.9.38}{\376\377\000P\000e\000r\000m\000u\000t\000a\000t\000i\000o\000n\000s\000\040\000c\000o\000m\000p\000o\000s\000\351\000e\000s\000\040\000d\000'\000u\000n\000\040\000g\000r\000a\000n\000d\000\040\000c\000y\000c\000l\000e}{chapter.9}% 297
\BOOKMARK [1][-]{section.9.39}{\376\377\000L\000o\000i\000\040\000c\000o\000n\000j\000o\000i\000n\000t\000e\000\040\000\050\0001\000\051\000\040\0002}{chapter.9}% 298
\BOOKMARK [1][-]{section.9.40}{\376\377\000L\000o\000i\000\040\000c\000o\000n\000j\000o\000i\000n\000t\000e\000\040\000\050\0002\000\051\000\040\0003}{chapter.9}% 299
\BOOKMARK [1][-]{section.9.41}{\376\377\000F\000o\000n\000c\000t\000i\000o\000n\000\040\000c\000a\000r\000a\000c\000t\000\351\000r\000i\000s\000t\000i\000q\000u\000e\000\040\0002}{chapter.9}% 300
\BOOKMARK [1][-]{section.9.42}{\376\377\000F\000o\000n\000c\000t\000i\000o\000n\000\040\000g\000\351\000n\000\351\000r\000a\000t\000r\000i\000c\000e\000\040\000d\000e\000s\000\040\000m\000o\000m\000e\000n\000t\000s\000\040\0005}{chapter.9}% 301
\BOOKMARK [1][-]{section.9.43}{\376\377\000I\000n\000\351\000g\000a\000l\000i\000t\000\351\000\040\000d\000e\000\040\000J\000e\000n\000s\000e\000n\000\040\0001}{chapter.9}% 302
\BOOKMARK [1][-]{section.9.44}{\376\377\000I\000n\000\351\000g\000a\000l\000i\000t\000\351\000\040\000d\000e\000\040\000H\000\366\000l\000d\000e\000r\000\040\0002}{chapter.9}% 303
\BOOKMARK [1][-]{section.9.45}{\376\377\000M\000o\000d\000e\000s\000\040\000d\000e\000\040\000c\000o\000n\000v\000e\000r\000g\000e\000n\000c\000e\000s\000\040\0003}{chapter.9}% 304
\BOOKMARK [1][-]{section.9.46}{\376\377\000M\000a\000r\000c\000h\000e\000\040\000a\000l\000\351\000a\000t\000o\000i\000r\000e\000\040\000s\000u\000r\000\040\000Z\000d\000\040\0003}{chapter.9}% 305
\BOOKMARK [1][-]{section.9.47}{\376\377\000M\000a\000t\000r\000i\000c\000e\000\040\000d\000e\000\040\000c\000o\000v\000a\000r\000i\000a\000n\000c\000e\000s\000\040\0002}{chapter.9}% 306
\BOOKMARK [1][-]{section.9.48}{\376\377\000M\000a\000x\000i\000m\000i\000s\000a\000t\000i\000o\000n\000\040\000d\000e\000\040\000l\000a\000\040\000v\000a\000r\000i\000a\000n\000c\000e\000\040\000s\000o\000u\000s\000\040\000c\000o\000n\000t\000r\000a\000i\000n\000t\000e\000\040\0002}{chapter.9}% 307
\BOOKMARK [1][-]{section.9.49}{\376\377\000I\000n\000\351\000g\000a\000l\000i\000t\000\351\000\040\000d\000e\000\040\000K\000o\000s\000m\000a\000n\000e\000k\000\040\0001}{chapter.9}% 308
\BOOKMARK [1][-]{section.9.50}{\376\377\000I\000n\000\351\000g\000a\000l\000i\000t\000\351\000\040\000d\000e\000\040\000C\000a\000n\000t\000e\000l\000l\000i\000\040\0003}{chapter.9}% 309
\BOOKMARK [1][-]{section.9.51}{\376\377\000I\000n\000\351\000g\000a\000l\000i\000t\000\351\000\040\000d\000e\000\040\000H\000o\000e\000f\000f\000d\000i\000n\000g\000\040\0003}{chapter.9}% 310
\BOOKMARK [1][-]{section.9.52}{\376\377\000T\000h\000\351\000o\000r\000\350\000m\000e\000\040\000d\000'\000a\000p\000p\000r\000o\000x\000i\000m\000a\000t\000i\000o\000n\000\040\000d\000e\000\040\000W\000e\000i\000e\000r\000s\000t\000r\000a\000s\000s\000\040\0003}{chapter.9}% 311
\BOOKMARK [0][-]{chapter.10}{\376\377\000E\000n\000d\000o\000m\000o\000r\000p\000h\000i\000s\000m\000e\000s\000\040\000d\000'\000u\000n\000\040\000e\000s\000p\000a\000c\000e\000\040\000e\000u\000c\000l\000i\000d\000i\000e\000n}{}% 312
\BOOKMARK [1][-]{section.10.1}{\376\377\000E\000q\000u\000a\000t\000i\000o\000n\000s\000\040\000m\000a\000t\000r\000i\000c\000i\000e\000l\000l\000e\000s\000\040\0002}{chapter.10}% 313
\BOOKMARK [1][-]{section.10.2}{\376\377\000E\000q\000u\000a\000t\000i\000o\000n\000\040\000m\000a\000t\000r\000i\000c\000i\000e\000l\000l\000e\000\040\000f\000a\000i\000s\000a\000n\000t\000\040\000i\000n\000t\000e\000r\000v\000e\000n\000i\000r\000\040\000l\000a\000\040\000c\000o\000m\000a\000t\000r\000i\000c\000e\000\040\0003}{chapter.10}% 314
\BOOKMARK [1][-]{section.10.3}{\376\377\000M\000a\000t\000r\000i\000c\000e\000\040\000d\000e\000\040\000r\000o\000t\000a\000t\000i\000o\000n\000\040\0002}{chapter.10}% 315
\BOOKMARK [1][-]{section.10.4}{\376\377\000P\000r\000o\000d\000u\000i\000t\000\040\000m\000i\000x\000t\000e\000\040\000e\000t\000\040\000p\000r\000o\000d\000u\000i\000t\000\040\000v\000e\000c\000t\000o\000r\000i\000e\000l\000\040\0002}{chapter.10}% 316
\BOOKMARK [1][-]{section.10.5}{\376\377\000U\000n\000e\000\040\000c\000a\000r\000a\000c\000t\000\351\000r\000i\000s\000a\000t\000i\000o\000n\000\040\000d\000e\000\040\000l\000a\000\040\000t\000r\000a\000c\000e}{chapter.10}% 317
\BOOKMARK [1][-]{section.10.6}{\376\377\000H\000y\000p\000e\000r\000p\000l\000a\000n\000\040\000d\000e\000\040\000M\000n\000\050\000K\000\051\000\040\0004}{chapter.10}% 318
\BOOKMARK [1][-]{section.10.7}{\376\377\000E\000x\000e\000m\000p\000l\000e\000\040\000d\000e\000\040\000s\000y\000m\000\351\000t\000r\000i\000e\000\040\000o\000r\000t\000h\000o\000g\000o\000n\000a\000l\000e\000\040\0001}{chapter.10}% 319
\BOOKMARK [1][-]{section.10.8}{\376\377\000C\000a\000r\000a\000c\000t\000\351\000r\000i\000s\000a\000t\000i\000o\000n\000s\000\040\000d\000e\000s\000\040\000p\000r\000o\000j\000e\000c\000t\000i\000o\000n\000s\000\040\000o\000r\000t\000h\000o\000g\000o\000n\000a\000l\000e\000s\000\040\0002}{chapter.10}% 320
\BOOKMARK [1][-]{section.10.9}{\376\377\000N\000o\000r\000m\000e\000\040\000d\000'\000u\000n\000e\000\040\000b\000a\000s\000e\000\040\000o\000r\000t\000h\000o\000g\000o\000n\000a\000l\000e\000\040\0003}{chapter.10}% 321
\BOOKMARK [1][-]{section.10.10}{\376\377\000M\000a\000t\000r\000i\000c\000e\000\040\000d\000e\000\040\000H\000i\000l\000b\000e\000r\000t\000\040\0003}{chapter.10}% 322
\BOOKMARK [1][-]{section.10.11}{\376\377\000R\000a\000c\000i\000n\000e\000\040\000c\000a\000r\000r\000\351\000e\000\040\000d\000'\000u\000n\000\040\000e\000n\000d\000o\000m\000o\000r\000p\000h\000i\000s\000m\000e\000\040\000a\000u\000t\000o\000-\000a\000d\000j\000o\000i\000n\000t\000\040\000p\000o\000s\000i\000t\000i\000f\000\040\0002}{chapter.10}% 323
\BOOKMARK [1][-]{section.10.12}{\376\377\000I\000n\000\351\000g\000a\000l\000i\000t\000\351\000\040\000d\000e\000\040\000c\000o\000n\000v\000e\000x\000i\000t\000\351\000\040\0002}{chapter.10}% 324
\BOOKMARK [1][-]{section.10.13}{\376\377\000I\000n\000\351\000g\000a\000l\000i\000t\000\351\000\040\000\340\000\040\000p\000r\000o\000p\000o\000s\000\040\000d\000e\000s\000\040\000m\000a\000t\000r\000i\000c\000e\000s\000\040\000o\000r\000t\000h\000o\000g\000o\000n\000a\000l\000e\000s\000\040\0003}{chapter.10}% 325
\BOOKMARK [1][-]{section.10.14}{\376\377\000I\000n\000\351\000g\000a\000l\000i\000t\000\351\000\040\000d\000e\000\040\000l\000a\000\040\000t\000r\000a\000c\000e}{chapter.10}% 326
\BOOKMARK [1][-]{section.10.15}{\376\377\000I\000n\000\351\000g\000a\000l\000i\000t\000\351\000\040\000d\000e\000\040\000H\000a\000d\000a\000m\000a\000r\000d\000\040\0003}{chapter.10}% 327
\BOOKMARK [1][-]{section.10.16}{\376\377\000P\000e\000r\000t\000u\000r\000b\000a\000t\000i\000o\000n\000s}{chapter.10}% 328
\BOOKMARK [1][-]{section.10.17}{\376\377\000S\000o\000m\000m\000e\000\040\000d\000e\000\040\000C\000e\000s\000\340\000r\000o\000\040\000d\000e\000\040\000m\000a\000t\000r\000i\000c\000e\000s\000\040\000o\000r\000t\000h\000o\000g\000o\000n\000a\000l\000e\000s}{chapter.10}% 329
\BOOKMARK [1][-]{section.10.18}{\376\377\000T\000r\000a\000n\000s\000f\000o\000r\000m\000a\000t\000i\000o\000n\000\040\000d\000e\000\040\000C\000a\000y\000l\000e\000y\000\040\0003}{chapter.10}% 330
\BOOKMARK [1][-]{section.10.19}{\376\377\000O\000p\000t\000i\000m\000i\000s\000a\000t\000i\000o\000n\000\040\000\050\0001\000\051\000\040\0002}{chapter.10}% 331
\BOOKMARK [1][-]{section.10.20}{\376\377\000O\000p\000t\000i\000m\000i\000s\000a\000t\000i\000o\000n\000\040\000\050\0002\000\051\000\040\0002}{chapter.10}% 332
\BOOKMARK [1][-]{section.10.21}{\376\377\000O\000p\000t\000i\000m\000i\000s\000a\000t\000i\000o\000n\000\040\000\050\0003\000\051}{chapter.10}% 333
\BOOKMARK [1][-]{section.10.22}{\376\377\000C\000a\000r\000a\000c\000t\000\351\000r\000i\000s\000a\000t\000i\000o\000n\000\040\000d\000e\000s\000\040\000i\000s\000o\000m\000\351\000t\000r\000i\000e\000s\000\040\000a\000n\000t\000i\000-\000i\000n\000v\000o\000l\000u\000t\000i\000v\000e\000s\000\040\0002}{chapter.10}% 334
\BOOKMARK [1][-]{section.10.23}{\376\377\000S\000y\000m\000\351\000t\000r\000i\000e\000\040\000d\000e\000\040\000l\000'\000e\000s\000p\000a\000c\000e\000\040\0003}{chapter.10}% 335
\BOOKMARK [1][-]{section.10.24}{\376\377\000R\000\351\000f\000l\000e\000x\000i\000o\000n\000\040\000e\000t\000\040\000r\000o\000t\000a\000t\000i\000o\000n\000\040\000d\000a\000n\000s\000\040\000u\000n\000\040\000p\000l\000a\000n\000\040\0003}{chapter.10}% 336
\BOOKMARK [1][-]{section.10.25}{\376\377\000S\000i\000m\000i\000l\000i\000t\000u\000d\000e\000\040\000e\000n\000t\000r\000e\000\040\000m\000a\000t\000r\000i\000c\000e\000s\000\040\000o\000r\000t\000h\000o\000g\000o\000n\000a\000l\000e\000s\000\040\0003}{chapter.10}% 337
\BOOKMARK [1][-]{section.10.26}{\376\377\000P\000r\000o\000p\000r\000i\000\351\000t\000\351\000\040\000d\000e\000\040\000l\000'\000a\000d\000j\000o\000i\000n\000t\000\040\0002}{chapter.10}% 338
\BOOKMARK [1][-]{section.10.27}{\376\377\000A\000u\000t\000o\000u\000r\000\040\000d\000e\000\040\000l\000'\000a\000d\000j\000o\000i\000n\000t\000\040\0003}{chapter.10}% 339
\BOOKMARK [1][-]{section.10.28}{\376\377\000S\000o\000m\000m\000e\000\040\000d\000'\000u\000n\000e\000\040\000m\000a\000t\000r\000i\000c\000e\000\040\000o\000r\000t\000h\000o\000g\000o\000n\000a\000l\000e\000\040\000e\000t\000\040\000d\000e\000\040\000s\000a\000\040\000t\000r\000a\000n\000s\000p\000o\000s\000\351\000e\000\040\0003}{chapter.10}% 340
\BOOKMARK [1][-]{section.10.29}{\376\377\000D\000\351\000t\000e\000r\000m\000i\000n\000a\000n\000t\000\040\000d\000'\000u\000n\000e\000\040\000e\000x\000p\000o\000n\000e\000n\000t\000i\000e\000l\000l\000e\000\040\0001}{chapter.10}% 341
\BOOKMARK [1][-]{section.10.30}{\376\377\000E\000x\000p\000o\000n\000e\000n\000t\000i\000e\000l\000l\000e\000\040\000d\000e\000\040\000m\000a\000t\000r\000i\000c\000e\000s\000\040\000a\000n\000t\000i\000s\000y\000m\000\351\000t\000r\000i\000q\000u\000e\000s\000\040\0003}{chapter.10}% 342
\BOOKMARK [1][-]{section.10.31}{\376\377\000T\000h\000\351\000o\000r\000\350\000m\000e\000\040\000s\000p\000e\000c\000t\000r\000a\000l\000\040\0003}{chapter.10}% 343
\BOOKMARK [1][-]{section.10.32}{\376\377\000R\000\351\000d\000u\000c\000t\000i\000o\000n\000\040\000s\000i\000m\000u\000l\000t\000a\000n\000\351\000e\000\040\0004}{chapter.10}% 344
\BOOKMARK [1][-]{section.10.33}{\376\377\000R\000\351\000d\000u\000c\000t\000i\000o\000n\000\040\000d\000e\000s\000\040\000m\000a\000t\000r\000i\000c\000e\000s\000\040\000a\000n\000t\000i\000s\000y\000m\000\351\000t\000r\000i\000q\000u\000e\000s\000\040\0004}{chapter.10}% 345
\BOOKMARK [1][-]{section.10.34}{\376\377\000C\000a\000r\000a\000c\000t\000\351\000r\000i\000s\000a\000t\000i\000o\000n\000\040\000d\000e\000s\000\040\000m\000a\000t\000r\000i\000c\000e\000s\000\040\000s\000y\000m\000\351\000t\000r\000i\000q\000u\000e\000s\000\040\000p\000o\000s\000i\000t\000i\000v\000e\000s\000\040\0003}{chapter.10}% 346
\BOOKMARK [1][-]{section.10.35}{\376\377\000M\000a\000t\000r\000i\000c\000e\000s\000\040\000e\000n\000t\000i\000\350\000r\000e\000s\000\040\000p\000o\000s\000i\000t\000i\000v\000e\000s}{chapter.10}% 347
\BOOKMARK [1][-]{section.10.36}{\376\377\000M\000a\000t\000r\000i\000c\000e\000s\000\040\000b\000i\000n\000a\000i\000r\000e\000s\000\040\000p\000o\000s\000i\000t\000i\000v\000e\000s}{chapter.10}% 348
\BOOKMARK [1][-]{section.10.37}{\376\377\000I\000n\000\351\000g\000a\000l\000i\000t\000\351\000\040\000d\000e\000\040\000H\000o\000f\000f\000m\000a\000n\000-\000W\000i\000e\000l\000a\000n\000d\000t\000\040\0003}{chapter.10}% 349
\BOOKMARK [1][-]{section.10.38}{\376\377\000D\000i\000s\000t\000a\000n\000c\000e\000\040\000a\000u\000x\000\040\000m\000a\000t\000r\000i\000c\000e\000s\000\040\000d\000e\000\040\000r\000a\000n\000g\000\040\000a\000u\000\040\000p\000l\000u\000s\000\040\000r}{chapter.10}% 350
\BOOKMARK [1][-]{section.10.39}{\376\377\000T\000h\000\351\000o\000r\000\350\000m\000e\000\040\000d\000e\000\040\000C\000o\000u\000r\000a\000n\000t\000-\000F\000i\000s\000c\000h\000e\000r\000\040\0003}{chapter.10}% 351
\BOOKMARK [1][-]{section.10.40}{\376\377\000P\000r\000i\000n\000c\000i\000p\000e\000\040\000d\000e\000\040\000K\000y\000-\000F\000a\000n}{chapter.10}% 352
\BOOKMARK [1][-]{section.10.41}{\376\377\000T\000h\000\351\000o\000r\000\350\000m\000e\000\040\000d\000e\000\040\000C\000a\000r\000t\000a\000n\000-\000D\000i\000e\000u\000d\000o\000n\000n\000\351\000e\000\040\0004}{chapter.10}% 353
\BOOKMARK [1][-]{section.10.42}{\376\377\000R\000e\000l\000a\000t\000i\000o\000n\000\040\000d\000'\000o\000r\000d\000r\000e\000\040\000d\000e\000s\000\040\000m\000a\000t\000r\000i\000c\000e\000s\000\040\000s\000y\000m\000\351\000t\000r\000i\000q\000u\000e\000s}{chapter.10}% 354
\BOOKMARK [0][-]{chapter.11}{\376\377\000D\000\351\000c\000o\000m\000p\000o\000s\000i\000t\000i\000o\000n\000\040\000m\000a\000t\000r\000i\000c\000i\000e\000l\000l\000e}{}% 355
\BOOKMARK [1][-]{section.11.1}{\376\377\000D\000\351\000c\000o\000m\000p\000o\000s\000i\000t\000i\000o\000n\000\040\000d\000e\000\040\000D\000u\000n\000f\000o\000r\000d\000\040\0003}{chapter.11}% 356
\BOOKMARK [1][-]{section.11.2}{\376\377\000D\000\351\000c\000o\000m\000p\000o\000s\000i\000t\000i\000o\000n\000\040\000p\000o\000l\000a\000i\000r\000e\000\040\0003}{chapter.11}% 357
\BOOKMARK [1][-]{section.11.3}{\376\377\000D\000\351\000c\000o\000m\000p\000o\000s\000i\000t\000i\000o\000n\000\040\000Q\000R\000\040\0002}{chapter.11}% 358
\BOOKMARK [1][-]{section.11.4}{\376\377\000D\000\351\000c\000o\000m\000p\000o\000s\000i\000t\000i\000o\000n\000\040\000L\000U\000\040\0003}{chapter.11}% 359
\BOOKMARK [1][-]{section.11.5}{\376\377\000L\000e\000m\000m\000e\000\040\000d\000e\000\040\000F\000i\000t\000t\000i\000n\000g}{chapter.11}% 360
\BOOKMARK [1][-]{section.11.6}{\376\377\000R\000\351\000d\000u\000c\000t\000i\000o\000n\000\040\000d\000e\000\040\000J\000o\000r\000d\000a\000n}{chapter.11}% 361
\BOOKMARK [1][-]{section.11.7}{\376\377\000R\000\351\000d\000u\000c\000t\000i\000o\000n\000\040\000d\000e\000\040\000F\000r\000o\000b\000e\000n\000i\000u\000s}{chapter.11}% 362
\BOOKMARK [0][-]{chapter.12}{\376\377\000D\000i\000v\000e\000r\000s}{}% 363
\BOOKMARK [1][-]{section.12.1}{\376\377\000F\000o\000n\000c\000t\000i\000o\000n\000\040\000R\000-\000l\000i\000n\000\351\000a\000i\000r\000e\000\040\000m\000a\000i\000s\000\040\000p\000a\000s\000\040\000C\000-\000l\000i\000n\000\351\000a\000i\000r\000e\000\040\0001}{chapter.12}% 364
\BOOKMARK [1][-]{section.12.2}{\376\377\000R\000e\000l\000a\000t\000i\000o\000n\000\040\000d\000'\000o\000r\000d\000r\000e\000\040\0002}{chapter.12}% 365
\BOOKMARK [1][-]{section.12.3}{\376\377\000O\000r\000d\000r\000e\000\040\000l\000e\000x\000i\000c\000o\000g\000r\000a\000p\000h\000i\000q\000u\000e\000\040\0001}{chapter.12}% 366
\BOOKMARK [1][-]{section.12.4}{\376\377\000S\000o\000u\000s\000-\000g\000r\000o\000u\000p\000e\000s\000\040\000d\000e\000\040\000G\000L\000n\000\050\000C\000\051\000\040\000d\000'\000e\000x\000p\000o\000s\000a\000n\000t\000\040\000f\000i\000n\000i\000\040\0005}{chapter.12}% 367
\BOOKMARK [1][-]{section.12.5}{\376\377\000F\000o\000r\000m\000u\000l\000e\000\040\000d\000e\000\040\000B\000u\000r\000n\000s\000i\000d\000e\000\040\0004}{chapter.12}% 368
\BOOKMARK [1][-]{section.12.6}{\376\377\000C\000a\000r\000a\000c\000t\000\350\000r\000e\000s\000\040\000a\000l\000g\000\351\000b\000r\000i\000q\000u\000e\000s\000\040\000d\000e\000\040\000G\000L\000n\000\050\000K\000\051}{chapter.12}% 369
\BOOKMARK [1][-]{section.12.7}{\376\377\000T\000h\000\351\000o\000r\000\350\000m\000e\000\040\000d\000e\000\040\000F\000e\000r\000m\000a\000t\000\040\000m\000a\000t\000r\000i\000c\000i\000e\000l\000\040\0003\000\040\000\050\000H\000P\000\051}{chapter.12}% 370
\BOOKMARK [1][-]{section.12.8}{\376\377\000D\000\351\000v\000e\000l\000o\000p\000p\000e\000m\000e\000n\000t\000\040\000d\000\351\000c\000i\000m\000a\000l\000\040\000p\000r\000o\000p\000r\000e\000\040\000d\000'\000u\000n\000\040\000r\000\351\000e\000l\000\040\0003}{chapter.12}% 371
\BOOKMARK [1][-]{section.12.9}{\376\377\000D\000i\000s\000t\000r\000i\000b\000u\000t\000i\000o\000n\000\040\000d\000u\000\040\000p\000r\000e\000m\000i\000e\000r\000\040\000c\000h\000i\000f\000f\000r\000e\000\040\000d\000e\000s\000\040\000p\000u\000i\000s\000s\000a\000n\000c\000e\000s\000\040\000d\000e\000\040\0002\000\040\0003}{chapter.12}% 372
\BOOKMARK [0][-]{chapter.13}{\376\377\000C\000o\000r\000r\000e\000c\000t\000i\000o\000n}{}% 373
\BOOKMARK [1][-]{section.13.1}{\376\377\000C\000o\000r\000r\000e\000c\000t\000i\000o\000n\000\040\000A\000l\000g\000\350\000b\000r\000e\000\040\000l\000i\000n\000\351\000a\000i\000r\000e}{chapter.13}% 374
\BOOKMARK [1][-]{section.13.2}{\376\377\000C\000o\000r\000r\000e\000c\000t\000i\000o\000n\000\040\000R\000\351\000d\000u\000c\000t\000i\000o\000n\000\040\000g\000\351\000o\000m\000\351\000t\000r\000i\000q\000u\000e}{chapter.13}% 375
\BOOKMARK [1][-]{section.13.3}{\376\377\000C\000o\000r\000r\000e\000c\000t\000i\000o\000n\000\040\000R\000\351\000d\000u\000c\000t\000i\000o\000n\000\040\000a\000l\000g\000\351\000b\000r\000i\000q\000u\000e}{chapter.13}% 376
\BOOKMARK [1][-]{section.13.4}{\376\377\000C\000o\000r\000r\000e\000c\000t\000i\000o\000n\000\040\000D\000\351\000t\000e\000r\000m\000i\000n\000a\000n\000t}{chapter.13}% 377
\BOOKMARK [1][-]{section.13.5}{\376\377\000C\000o\000r\000r\000e\000c\000t\000i\000o\000n\000\040\000G\000r\000o\000u\000p\000e\000s}{chapter.13}% 378
\BOOKMARK [1][-]{section.13.6}{\376\377\000C\000o\000r\000r\000e\000c\000t\000i\000o\000n\000\040\000A\000n\000n\000e\000a\000u\000x\000\040\000e\000t\000\040\000c\000o\000r\000p\000s}{chapter.13}% 379
\BOOKMARK [1][-]{section.13.7}{\376\377\000C\000o\000r\000r\000e\000c\000t\000i\000o\000n\000\040\000A\000r\000i\000t\000h\000m\000\351\000t\000i\000q\000u\000e}{chapter.13}% 380
\BOOKMARK [1][-]{section.13.8}{\376\377\000C\000o\000r\000r\000e\000c\000t\000i\000o\000n\000\040\000D\000\351\000n\000o\000m\000b\000r\000e\000m\000e\000n\000t}{chapter.13}% 381
\BOOKMARK [1][-]{section.13.9}{\376\377\000C\000o\000r\000r\000e\000c\000t\000i\000o\000n\000\040\000P\000r\000o\000b\000a\000b\000i\000l\000i\000t\000\351\000s}{chapter.13}% 382
\BOOKMARK [1][-]{section.13.10}{\376\377\000C\000o\000r\000r\000e\000c\000t\000i\000o\000n\000\040\000E\000n\000d\000o\000m\000o\000r\000p\000h\000i\000s\000m\000e\000s\000\040\000d\000'\000u\000n\000\040\000e\000s\000p\000a\000c\000e\000\040\000e\000u\000c\000l\000i\000d\000i\000e\000n}{chapter.13}% 383
\BOOKMARK [1][-]{section.13.11}{\376\377\000C\000o\000r\000r\000e\000c\000t\000i\000o\000n\000\040\000D\000\351\000c\000o\000m\000p\000o\000s\000i\000t\000i\000o\000n\000s\000\040\000m\000a\000t\000r\000i\000c\000i\000e\000l\000l\000e\000s}{chapter.13}% 384
\BOOKMARK [1][-]{section.13.12}{\376\377\000C\000o\000r\000r\000e\000c\000t\000i\000o\000n\000\040\000D\000i\000v\000e\000r\000s}{chapter.13}% 385
