\BOOKMARK [0][-]{chapter.1}{\376\377\000S\000u\000i\000t\000e\000\040\000e\000t\000\040\000s\000\351\000r\000i\000e\000\040\000n\000u\000m\000\351\000r\000i\000q\000u\000e}{}% 1
\BOOKMARK [1][-]{section.1.1}{\376\377\000L\000e\000m\000m\000e\000\040\000d\000e\000\040\000C\000\351\000s\000a\000r\000\362\000\040\0002}{chapter.1}% 2
\BOOKMARK [1][-]{section.1.2}{\376\377\000T\000h\000\351\000o\000r\000\350\000m\000e\000s\000\040\000T\000a\000u\000b\000\351\000r\000i\000e\000n\000s\000\040\000d\000'\000H\000a\000r\000d\000y\000\040\0001}{chapter.1}% 3
\BOOKMARK [1][-]{section.1.3}{\376\377\000S\000\351\000r\000i\000e\000\040\000h\000a\000r\000m\000o\000n\000i\000q\000u\000e\000\040\0003}{chapter.1}% 4
\BOOKMARK [1][-]{section.1.4}{\376\377\000S\000u\000i\000t\000e\000\040\000r\000\351\000c\000u\000r\000r\000e\000n\000t\000e\000\040\000\050\0001\000\051\000\040\0003}{chapter.1}% 5
\BOOKMARK [1][-]{section.1.5}{\376\377\000S\000u\000i\000t\000e\000\040\000r\000\351\000c\000u\000r\000r\000e\000n\000t\000e\000\040\000\050\0002\000\051\000\040\0003}{chapter.1}% 6
\BOOKMARK [1][-]{section.1.6}{\376\377\000S\000u\000i\000t\000e\000\040\000r\000\351\000c\000u\000r\000r\000e\000n\000t\000e\000\040\000\050\0003\000\051\000\040\0003}{chapter.1}% 7
\BOOKMARK [1][-]{section.1.7}{\376\377\000S\000u\000i\000t\000e\000\040\000r\000\351\000c\000u\000r\000r\000e\000n\000t\000e\000\040\000\050\0004\000\051\000\040\0002}{chapter.1}% 8
\BOOKMARK [1][-]{section.1.8}{\376\377\000S\000u\000i\000t\000e\000\040\000r\000\351\000c\000u\000r\000r\000e\000n\000t\000e\000\040\000\050\0005\000\051\000\040\0004}{chapter.1}% 9
\BOOKMARK [1][-]{section.1.9}{\376\377\000S\000u\000i\000t\000e\000\040\000r\000\351\000c\000u\000r\000r\000e\000n\000t\000e\000\040\000\050\0006\000\051\000\040\0003}{chapter.1}% 10
\BOOKMARK [1][-]{section.1.10}{\376\377\000S\000u\000i\000t\000e\000\040\000d\000\351\000f\000i\000n\000i\000e\000\040\000i\000m\000p\000l\000i\000c\000i\000t\000e\000m\000e\000n\000t\000\040\000\050\0001\000\051\000\040\0002}{chapter.1}% 11
\BOOKMARK [1][-]{section.1.11}{\376\377\000S\000u\000i\000t\000e\000\040\000d\000\351\000f\000i\000n\000i\000e\000\040\000i\000m\000p\000l\000i\000c\000i\000t\000e\000m\000e\000n\000t\000\040\000\050\0002\000\051\000\040\0002}{chapter.1}% 12
\BOOKMARK [1][-]{section.1.12}{\376\377\000S\000u\000i\000t\000e\000\040\000d\000\351\000f\000i\000n\000i\000e\000\040\000i\000m\000p\000l\000i\000c\000i\000t\000e\000m\000e\000n\000t\000\040\000\050\0003\000\051\000\040\0002}{chapter.1}% 13
\BOOKMARK [1][-]{section.1.13}{\376\377\000S\000u\000i\000t\000e\000\040\000d\000\351\000f\000i\000n\000i\000e\000\040\000i\000m\000p\000l\000i\000c\000i\000t\000e\000m\000e\000n\000t\000\040\000\050\0004\000\051\000\040\0002}{chapter.1}% 14
\BOOKMARK [1][-]{section.1.14}{\376\377\000S\000u\000i\000t\000e\000\040\000d\000\351\000f\000i\000n\000i\000e\000\040\000i\000m\000p\000l\000i\000c\000i\000t\000e\000m\000e\000n\000t\000\040\000\050\0005\000\051\000\040\0003}{chapter.1}% 15
\BOOKMARK [1][-]{section.1.15}{\376\377\000F\000o\000r\000m\000u\000l\000e\000\040\000d\000'\000i\000n\000v\000e\000r\000s\000i\000o\000n\000\040\000d\000e\000\040\000P\000a\000s\000c\000a\000l}{chapter.1}% 16
\BOOKMARK [1][-]{section.1.16}{\376\377\000T\000h\000\351\000o\000r\000\350\000m\000e\000\040\000d\000e\000\040\000P\000r\000i\000n\000g\000s\000h\000e\000i\000m\000\040\0003}{chapter.1}% 17
\BOOKMARK [1][-]{section.1.17}{\376\377\000L\000e\000m\000m\000e\000\040\000d\000e\000\040\000F\000e\000k\000e\000t\000e\000\040\0003}{chapter.1}% 18
\BOOKMARK [1][-]{section.1.18}{\376\377\000T\000h\000\351\000o\000r\000\350\000m\000e\000\040\000d\000e\000\040\000B\000o\000l\000z\000a\000n\000o\000-\000W\000e\000i\000e\000r\000s\000t\000r\000a\000s\000s\000\040\0003}{chapter.1}% 19
\BOOKMARK [1][-]{section.1.19}{\376\377\000R\000\040\000e\000s\000t\000\040\000c\000o\000m\000p\000l\000e\000t\000\040\0002}{chapter.1}% 20
\BOOKMARK [1][-]{section.1.20}{\376\377\000R\000\351\000c\000u\000r\000r\000e\000n\000c\000e\000\040\000d\000e\000\040\000C\000a\000u\000c\000h\000y\000\040\0003}{chapter.1}% 21
\BOOKMARK [1][-]{section.1.21}{\376\377\000S\000o\000m\000m\000e\000s\000\040\000d\000e\000\040\000R\000i\000e\000m\000a\000n\000n\000\040\0002}{chapter.1}% 22
\BOOKMARK [1][-]{section.1.22}{\376\377\000F\000o\000r\000m\000u\000l\000e\000\040\000d\000'\000E\000u\000l\000e\000r\000-\000M\000a\000c\000l\000a\000u\000r\000i\000n\000\040\0003}{chapter.1}% 23
\BOOKMARK [1][-]{section.1.23}{\376\377\000N\000a\000t\000u\000r\000e\000\040\000d\000'\000u\000n\000e\000\040\000s\000u\000i\000t\000e\000\040\0002}{chapter.1}% 24
\BOOKMARK [1][-]{section.1.24}{\376\377\000V\000a\000l\000e\000u\000r\000s\000\040\000d\000'\000a\000d\000h\000\351\000r\000e\000n\000c\000e\000\040\000d\000'\000u\000n\000e\000\040\000s\000u\000i\000t\000e\000\040\0004}{chapter.1}% 25
\BOOKMARK [1][-]{section.1.25}{\376\377\000N\000a\000t\000u\000r\000e\000\040\000d\000'\000u\000n\000e\000\040\000s\000\351\000r\000i\000e\000\040\000\050\0001\000\051\000\040\0001}{chapter.1}% 26
\BOOKMARK [1][-]{section.1.26}{\376\377\000N\000a\000t\000u\000r\000e\000\040\000d\000'\000u\000n\000e\000\040\000s\000\351\000r\000i\000e\000\040\000\050\0002\000\051\000\040\0002}{chapter.1}% 27
\BOOKMARK [1][-]{section.1.27}{\376\377\000N\000a\000t\000u\000r\000e\000\040\000d\000'\000u\000n\000e\000\040\000s\000\351\000r\000i\000e\000\040\000\050\0003\000\051\000\040\0003}{chapter.1}% 28
\BOOKMARK [1][-]{section.1.28}{\376\377\000N\000a\000t\000u\000r\000e\000\040\000d\000'\000u\000n\000e\000\040\000s\000\351\000r\000i\000e\000\040\000\050\0004\000\051\000\040\0003}{chapter.1}% 29
\BOOKMARK [1][-]{section.1.29}{\376\377\000N\000a\000t\000u\000r\000e\000\040\000d\000'\000u\000n\000e\000\040\000s\000\351\000r\000i\000e\000\040\000\050\0005\000\051\000\040\0003}{chapter.1}% 30
\BOOKMARK [1][-]{section.1.30}{\376\377\000C\000a\000l\000c\000u\000l\000\040\000d\000'\000u\000n\000\040\000\351\000q\000u\000i\000v\000a\000l\000e\000n\000t\000\040\0004}{chapter.1}% 31
\BOOKMARK [1][-]{section.1.31}{\376\377\000S\000o\000m\000m\000a\000t\000i\000o\000n\000\040\000d\000e\000\040\000r\000e\000l\000a\000t\000i\000o\000n\000s\000\040\000d\000e\000\040\000c\000o\000m\000p\000a\000r\000a\000i\000s\000o\000n\000\040\0001}{chapter.1}% 32
\BOOKMARK [1][-]{section.1.32}{\376\377\000E\000q\000u\000i\000v\000a\000l\000e\000n\000t\000\040\000d\000e\000\040\000s\000\351\000r\000i\000e\000s\000\040\000d\000e\000\040\000R\000i\000e\000m\000a\000n\000n\000\040\0001}{chapter.1}% 33
\BOOKMARK [1][-]{section.1.33}{\376\377\000S\000\351\000r\000i\000e\000s\000\040\000d\000e\000\040\000B\000e\000r\000t\000r\000a\000n\000d\000\040\0002}{chapter.1}% 34
\BOOKMARK [1][-]{section.1.34}{\376\377\000C\000r\000i\000t\000\350\000r\000e\000\040\000d\000e\000\040\000R\000a\000a\000b\000e\000-\000D\000u\000h\000a\000m\000e\000l\000\040\0002}{chapter.1}% 35
\BOOKMARK [1][-]{section.1.35}{\376\377\000R\000\350\000g\000l\000e\000\040\000d\000e\000\040\000d\000'\000A\000l\000e\000m\000b\000e\000r\000t\000\040\0002}{chapter.1}% 36
\BOOKMARK [1][-]{section.1.36}{\376\377\000R\000\350\000g\000l\000e\000\040\000d\000e\000\040\000C\000a\000u\000c\000h\000y\000\040\0002}{chapter.1}% 37
\BOOKMARK [1][-]{section.1.37}{\376\377\000d\000'\000A\000l\000e\000m\000b\000e\000r\000t\000\040\000-\0003\000m\000u\000\040\000C\000a\000u\000c\000h\000y\000\040\0003}{chapter.1}% 38
\BOOKMARK [1][-]{section.1.38}{\376\377\000T\000r\000a\000n\000s\000f\000o\000r\000m\000a\000t\000i\000o\000n\000\040\000e\000t\000\040\000r\000\350\000g\000l\000e\000\040\000d\000'\000A\000b\000e\000l\000\040\0002}{chapter.1}% 39
\BOOKMARK [1][-]{section.1.39}{\376\377\000E\000q\000u\000a\000t\000i\000o\000n\000\040\000d\000i\000f\000f\000\351\000r\000e\000n\000t\000i\000e\000l\000l\000e\000\040\000d\000i\000s\000c\000r\000\350\000t\000e\000\040\0003}{chapter.1}% 40
\BOOKMARK [1][-]{section.1.40}{\376\377\000C\000r\000i\000t\000\350\000r\000e\000\040\000s\000p\000\351\000c\000i\000a\000l\000\040\000d\000e\000s\000\040\000s\000\351\000r\000i\000e\000\040\000a\000l\000t\000e\000r\000n\000\351\000e\000s\000\040\0001}{chapter.1}% 41
\BOOKMARK [1][-]{section.1.41}{\376\377\000C\000a\000l\000c\000u\000l\000\040\000d\000'\000u\000n\000e\000\040\000s\000o\000m\000m\000e\000\040\000d\000e\000\040\000s\000\351\000r\000i\000e\000\040\000\050\0001\000\051\000\040\0003}{chapter.1}% 42
\BOOKMARK [1][-]{section.1.42}{\376\377\000C\000a\000l\000c\000u\000l\000\040\000d\000'\000u\000n\000e\000\040\000s\000o\000m\000m\000e\000\040\000d\000e\000\040\000s\000\351\000r\000i\000e\000\040\000\050\0002\000\051\000\040\0001}{chapter.1}% 43
\BOOKMARK [1][-]{section.1.43}{\376\377\000C\000a\000l\000c\000u\000l\000\040\000d\000'\000u\000n\000e\000\040\000s\000o\000m\000m\000e\000\040\000d\000e\000\040\000s\000\351\000r\000i\000e\000\040\000\050\0003\000\051\000\040\0003}{chapter.1}% 44
\BOOKMARK [1][-]{section.1.44}{\376\377\000P\000r\000o\000b\000l\000\350\000m\000e\000\040\000d\000e\000\040\000B\000\342\000l\000e}{chapter.1}% 45
\BOOKMARK [1][-]{section.1.45}{\376\377\000N\000o\000m\000b\000r\000e\000\040\000m\000o\000y\000e\000n\000\040\000d\000e\000\040\000d\000i\000v\000i\000s\000e\000u\000r\000s\000\040\000d\000'\000u\000n\000\040\000e\000n\000t\000i\000e\000r\000\040\0004}{chapter.1}% 46
\BOOKMARK [1][-]{section.1.46}{\376\377\000T\000h\000\351\000o\000r\000\350\000m\000e\000\040\000d\000e\000\040\000r\000\351\000a\000r\000r\000a\000n\000g\000e\000m\000e\000n\000t\000\040\000d\000e\000\040\000R\000i\000e\000m\000a\000n\000n\000\040\0005}{chapter.1}% 47
\BOOKMARK [1][-]{section.1.47}{\376\377\000M\000o\000y\000e\000n\000n\000e\000s\000\040\000a\000r\000i\000t\000h\000m\000\351\000t\000i\000q\000u\000e\000,\000\040\000g\000\351\000o\000m\000\351\000t\000r\000i\000q\000u\000e\000\040\000e\000t\000\040\000h\000a\000r\000m\000o\000n\000i\000q\000u\000e\000\040\0001}{chapter.1}% 48
\BOOKMARK [1][-]{section.1.48}{\376\377\000I\000n\000\351\000g\000a\000l\000i\000t\000\351\000\040\000d\000e\000\040\000C\000a\000r\000l\000e\000m\000a\000n\000\040\0003}{chapter.1}% 49
\BOOKMARK [0][-]{chapter.2}{\376\377\000I\000n\000t\000\351\000g\000r\000a\000l\000e}{}% 50
\BOOKMARK [1][-]{section.2.1}{\376\377\000R\000\350\000g\000l\000e\000\040\000d\000e\000\040\000B\000i\000o\000c\000h\000e\000\040\0001}{chapter.2}% 51
\BOOKMARK [1][-]{section.2.2}{\376\377\000I\000n\000t\000\351\000g\000r\000a\000l\000e\000\040\000d\000e\000\040\000W\000a\000l\000l\000i\000s\000\040\0002}{chapter.2}% 52
\BOOKMARK [1][-]{section.2.3}{\376\377\000F\000o\000r\000m\000u\000l\000e\000\040\000d\000e\000\040\000S\000t\000i\000r\000l\000i\000n\000g\000\040\0002}{chapter.2}% 53
\BOOKMARK [1][-]{section.2.4}{\376\377\000I\000n\000t\000\351\000g\000r\000a\000l\000e\000\040\000d\000e\000\040\000G\000a\000u\000s\000s}{chapter.2}% 54
\BOOKMARK [1][-]{section.2.5}{\376\377\000I\000n\000t\000\351\000g\000r\000a\000l\000e\000\040\000d\000e\000\040\000F\000r\000e\000s\000n\000e\000l\000\040\0003}{chapter.2}% 55
\BOOKMARK [1][-]{section.2.6}{\376\377\000I\000n\000t\000\351\000g\000r\000a\000l\000e\000\040\000d\000e\000\040\000D\000i\000r\000i\000c\000h\000l\000e\000t}{chapter.2}% 56
\BOOKMARK [1][-]{section.2.7}{\376\377\000I\000n\000t\000\351\000g\000r\000a\000l\000e\000\040\000d\000u\000\040\000r\000e\000s\000t\000e\000\040\000d\000e\000\040\000l\000'\000i\000n\000t\000\351\000g\000r\000a\000l\000e\000\040\000d\000e\000\040\000D\000i\000r\000i\000c\000h\000l\000e\000t\000\040\0003}{chapter.2}% 57
\BOOKMARK [1][-]{section.2.8}{\376\377\000I\000n\000t\000\351\000g\000r\000a\000l\000e\000\040\000d\000'\000E\000u\000l\000e\000r\000\040\0002}{chapter.2}% 58
\BOOKMARK [1][-]{section.2.9}{\376\377\000F\000o\000n\000c\000t\000i\000o\000n\000\040\000i\000n\000t\000\351\000g\000r\000a\000l\000e\000\040\0003}{chapter.2}% 59
\BOOKMARK [1][-]{section.2.10}{\376\377\000I\000n\000t\000\351\000g\000r\000a\000l\000e\000s\000\040\000d\000e\000\040\000B\000e\000r\000t\000r\000a\000n\000d}{chapter.2}% 60
\BOOKMARK [1][-]{section.2.11}{\376\377\000I\000n\000t\000\351\000g\000r\000a\000b\000i\000l\000i\000t\000\351\000\040\000d\000e\000s\000\040\000c\000o\000s\000i\000n\000u\000s\000\040\000d\000e\000\040\000p\000o\000l\000y\000n\000\364\000m\000e}{chapter.2}% 61
\BOOKMARK [1][-]{section.2.12}{\376\377\000N\000a\000t\000u\000r\000e\000\040\000d\000'\000u\000n\000e\000\040\000i\000n\000t\000\351\000g\000r\000a\000l\000e\000\040\000\050\0001\000\051\000\040\0002}{chapter.2}% 62
\BOOKMARK [1][-]{section.2.13}{\376\377\000N\000a\000t\000u\000r\000e\000\040\000d\000'\000u\000n\000e\000\040\000i\000n\000t\000\351\000g\000r\000a\000l\000e\000\040\000\050\0002\000\051}{chapter.2}% 63
\BOOKMARK [1][-]{section.2.14}{\376\377\000D\000i\000v\000e\000r\000g\000e\000n\000c\000e\000\040\000g\000r\000o\000s\000s\000i\000\350\000r\000e}{chapter.2}% 64
\BOOKMARK [1][-]{section.2.15}{\376\377\000E\000s\000p\000a\000c\000e\000\040\000L\0002\000\040\000e\000t\000\040\000d\000\351\000r\000i\000v\000a\000t\000i\000o\000n}{chapter.2}% 65
\BOOKMARK [1][-]{section.2.16}{\376\377\000I\000n\000t\000\351\000g\000r\000a\000l\000e\000\040\000d\000e\000\040\000F\000r\000u\000l\000l\000a\000n\000i\000\040\0003}{chapter.2}% 66
\BOOKMARK [1][-]{section.2.17}{\376\377\000C\000a\000l\000c\000u\000l\000\040\000d\000'\000u\000n\000e\000\040\000i\000n\000t\000\351\000g\000r\000a\000l\000e\000\040\000\050\0001\000\051\000\040\0003}{chapter.2}% 67
\BOOKMARK [1][-]{section.2.18}{\376\377\000C\000a\000l\000c\000u\000l\000\040\000d\000'\000u\000n\000e\000\040\000i\000n\000t\000\351\000g\000r\000a\000l\000e\000\040\000\050\0002\000\051\000\040\0002}{chapter.2}% 68
\BOOKMARK [1][-]{section.2.19}{\376\377\000C\000a\000l\000c\000u\000l\000\040\000d\000'\000u\000n\000e\000\040\000i\000n\000t\000\351\000g\000r\000a\000l\000e\000\040\000\050\0003\000\051\000\040\0003}{chapter.2}% 69
\BOOKMARK [1][-]{section.2.20}{\376\377\000C\000a\000l\000c\000u\000l\000\040\000d\000'\000u\000n\000e\000\040\000i\000n\000t\000\351\000g\000r\000a\000l\000e\000\040\000\050\0004\000\051\000\040\0003}{chapter.2}% 70
\BOOKMARK [1][-]{section.2.21}{\376\377\000P\000e\000r\000m\000u\000t\000a\000t\000i\000o\000n\000\040\000S\000\351\000r\000i\000e\000-\000i\000n\000t\000\351\000g\000r\000a\000l\000e\000\040\000\050\0001\000\051}{chapter.2}% 71
\BOOKMARK [1][-]{section.2.22}{\376\377\000P\000e\000r\000m\000u\000t\000a\000t\000i\000o\000n\000\040\000s\000\351\000r\000i\000e\000-\000i\000n\000t\000\351\000g\000r\000a\000l\000e\000\040\000\050\0002\000\051}{chapter.2}% 72
\BOOKMARK [1][-]{section.2.23}{\376\377\000F\000o\000n\000c\000t\000i\000o\000n\000\040\000d\000'\000\351\000c\000a\000r\000t\000\040\000l\000o\000g\000a\000r\000i\000t\000h\000m\000i\000q\000u\000e\000\040\000i\000n\000t\000\351\000g\000r\000a\000l\000\040\0002}{chapter.2}% 73
\BOOKMARK [1][-]{section.2.24}{\376\377\000I\000n\000t\000\351\000g\000r\000a\000l\000e\000\040\000d\000e\000\040\000B\000e\000r\000n\000o\000u\000l\000l\000i\000\040\0003}{chapter.2}% 74
\BOOKMARK [1][-]{section.2.25}{\376\377\000L\000e\000m\000m\000e\000\040\000d\000e\000\040\000R\000i\000e\000m\000a\000n\000n\000-\000L\000e\000b\000e\000s\000g\000u\000e\000\040\000:\000\040\000c\000a\000s\000\040\000d\000e\000s\000\040\000f\000o\000n\000c\000t\000i\000o\000n\000s\000\040\000C\0001\000\040\0001}{chapter.2}% 75
\BOOKMARK [1][-]{section.2.26}{\376\377\000I\000n\000t\000\351\000g\000r\000a\000l\000e\000\040\000d\000e\000\040\000P\000o\000i\000s\000s\000o\000n\000\040\000\050\0001\000\051\000\040\0002}{chapter.2}% 76
\BOOKMARK [1][-]{section.2.27}{\376\377\000I\000n\000t\000\351\000g\000r\000a\000l\000e\000\040\000d\000e\000\040\000P\000o\000i\000s\000s\000o\000n\000\040\000\050\0002\000\051\000\040\0003}{chapter.2}% 77
\BOOKMARK [1][-]{section.2.28}{\376\377\000M\000i\000n\000e\000s\000-\000P\000o\000n\000t\000s\000\040\000M\000P\000\040\0002\0000\0002\0004\000\040\000\050\000C\000h\000a\000\357\000m\000a\000\040\000P\000r\000i\000m\000e\000\051}{chapter.2}% 78
\BOOKMARK [1][-]{section.2.29}{\376\377\000U\000n\000e\000\040\000s\000u\000i\000t\000e\000\040\000d\000'\000i\000n\000t\000\351\000g\000r\000a\000l\000e\000s\000\040\000\050\0001\000\051}{chapter.2}% 79
\BOOKMARK [1][-]{section.2.30}{\376\377\000U\000n\000e\000\040\000s\000u\000i\000t\000e\000\040\000d\000'\000i\000n\000t\000\351\000g\000r\000a\000l\000e\000s\000\040\000\050\0002\000\051}{chapter.2}% 80
\BOOKMARK [1][-]{section.2.31}{\376\377\000U\000n\000e\000\040\000s\000u\000i\000t\000e\000\040\000d\000'\000i\000n\000t\000\351\000g\000r\000a\000l\000e\000s\000\040\000\050\0003\000\051}{chapter.2}% 81
\BOOKMARK [1][-]{section.2.32}{\376\377\000N\000o\000m\000b\000r\000e\000\040\000d\000'\000A\000p\000e\000r\000y}{chapter.2}% 82
\BOOKMARK [1][-]{section.2.33}{\376\377\000C\000o\000m\000p\000o\000r\000t\000e\000m\000e\000n\000t\000\040\000a\000s\000y\000m\000p\000t\000o\000t\000i\000q\000u\000e\000\040\000\050\0001\000\051}{chapter.2}% 83
\BOOKMARK [1][-]{section.2.34}{\376\377\000C\000o\000m\000p\000o\000r\000t\000e\000m\000e\000n\000t\000\040\000a\000s\000y\000m\000p\000t\000o\000t\000i\000q\000u\000e\000\040\000\050\0002\000\051}{chapter.2}% 84
\BOOKMARK [1][-]{section.2.35}{\376\377\000T\000h\000\351\000o\000r\000\350\000m\000e\000\040\000d\000e\000\040\000d\000'\000A\000l\000e\000m\000b\000e\000r\000t\000-\000G\000a\000u\000s\000s\000\040\000\050\0001\000\051\000\040\0002}{chapter.2}% 85
\BOOKMARK [1][-]{section.2.36}{\376\377\000F\000o\000n\000c\000t\000i\000o\000n\000\040\000G\000a\000m\000m\000a\000\040\000d\000'\000E\000u\000l\000e\000r\0002}{chapter.2}% 86
\BOOKMARK [1][-]{section.2.37}{\376\377\000F\000o\000n\000c\000t\000i\000o\000n\000\040\000B\000\352\000t\000a\000\040\000d\000'\000E\000u\000l\000e\000r\0002}{chapter.2}% 87
\BOOKMARK [1][-]{section.2.38}{\376\377\000I\000n\000\351\000g\000a\000l\000i\000t\000\351\000\040\000i\000n\000t\000\351\000g\000r\000a\000l\000e\000-\000d\000\351\000r\000i\000v\000\351\000e}{chapter.2}% 88
\BOOKMARK [1][-]{section.2.39}{\376\377\000M\000a\000j\000o\000r\000a\000t\000i\000o\000n\000\040\000d\000e\000\040\000l\000'\000e\000r\000r\000e\000u\000r\000\040\000d\000a\000n\000s\000\040\000l\000a\000\040\000m\000\351\000t\000h\000o\000d\000e\000\040\000d\000e\000s\000\040\000t\000r\000a\000p\000\350\000z\000e\000s\000\040\0002}{chapter.2}% 89
\BOOKMARK [1][-]{section.2.40}{\376\377\000I\000n\000\351\000g\000a\000l\000i\000t\000\351\000\040\000d\000e\000\040\000Y\000o\000u\000n\000g\000\040\0002}{chapter.2}% 90
\BOOKMARK [1][-]{section.2.41}{\376\377\000T\000r\000a\000n\000s\000f\000o\000r\000m\000\351\000e\000\040\000d\000e\000\040\000L\000a\000p\000l\000a\000c\000e\000\040\0004}{chapter.2}% 91
\BOOKMARK [1][-]{section.2.42}{\376\377\000T\000h\000\351\000o\000r\000\350\000m\000e\000\040\000d\000e\000s\000\040\000r\000\351\000s\000i\000d\000u\000s\000\040\000\050\000V\000e\000r\000s\000i\000o\000n\000\040\000f\000a\000i\000b\000l\000e\000\051\000\040\000\050\000H\000P\000\051\0003}{chapter.2}% 92
\BOOKMARK [0][-]{chapter.3}{\376\377\000F\000o\000n\000c\000t\000i\000o\000n\000s\000\040\000r\000\351\000e\000l\000l\000e\000s}{}% 93
\BOOKMARK [1][-]{section.3.1}{\376\377\000F\000o\000r\000m\000u\000l\000e\000\040\000d\000e\000\040\000L\000e\000i\000b\000n\000i\000z\000\040\0001}{chapter.3}% 94
\BOOKMARK [1][-]{section.3.2}{\376\377\000F\000o\000n\000c\000t\000i\000o\000n\000\040\000d\000i\000s\000c\000o\000n\000t\000i\000n\000u\000e\000\040\000e\000n\000\040\000t\000o\000u\000t\000\040\000p\000o\000i\000n\000t\000\040\0001}{chapter.3}% 95
\BOOKMARK [1][-]{section.3.3}{\376\377\000F\000o\000n\000c\000t\000i\000o\000n\000\040\000n\000u\000l\000l\000e\000\040\000p\000a\000r\000t\000\040\000d\000\351\000r\000i\000v\000a\000b\000l\000e\000\040\0003}{chapter.3}% 96
\BOOKMARK [1][-]{section.3.4}{\376\377\000T\000h\000\351\000o\000r\000\350\000m\000e\000\040\000d\000e\000\040\000R\000o\000l\000l\000e}{chapter.3}% 97
\BOOKMARK [1][-]{section.3.5}{\376\377\000D\000\351\000r\000i\000v\000\351\000e\000\040\000s\000y\000m\000\351\000t\000r\000i\000q\000u\000e\000\040\0001}{chapter.3}% 98
\BOOKMARK [1][-]{section.3.6}{\376\377\000F\000o\000n\000c\000t\000i\000o\000n\000\040\000d\000e\000\040\000P\000r\000i\000n\000g\000s\000h\000e\000i\000m\000\040\0002}{chapter.3}% 99
\BOOKMARK [1][-]{section.3.7}{\376\377\000f\000f\000=\000I\000d\000R\000+\000\040\0002}{chapter.3}% 100
\BOOKMARK [1][-]{section.3.8}{\376\377\000P\000o\000i\000n\000t\000\040\000f\000i\000x\000e\000\040\000d\000'\000u\000n\000e\000\040\000f\000o\000n\000c\000t\000i\000o\000n\000\040\000c\000o\000n\000t\000i\000n\000u\000e\000\040\000e\000t\000\040\000d\000\351\000c\000r\000o\000i\000s\000s\000a\000n\000t\000e\000\040\000s\000u\000r\000\040\000R\000\040\0001}{chapter.3}% 101
\BOOKMARK [1][-]{section.3.9}{\376\377\000U\000n\000\040\000t\000h\000\351\000o\000r\000\350\000m\000e\000\040\000d\000u\000\040\000p\000o\000i\000n\000t\000\040\000f\000i\000x\000e\000\040\000\050\0001\000\051\000\040\0001}{chapter.3}% 102
\BOOKMARK [1][-]{section.3.10}{\376\377\000U\000n\000\040\000t\000h\000\351\000o\000r\000\350\000m\000e\000\040\000d\000u\000\040\000p\000o\000i\000n\000t\000\040\000f\000i\000x\000e\000\040\000\050\0002\000\051\000\040\0002}{chapter.3}% 103
\BOOKMARK [1][-]{section.3.11}{\376\377\000P\000o\000i\000n\000t\000\040\000f\000i\000x\000e\000\040\000d\000e\000\040\000f\000f\000\040\0001}{chapter.3}% 104
\BOOKMARK [1][-]{section.3.12}{\376\377\000P\000o\000i\000n\000t\000\040\000f\000i\000x\000e\000\040\000d\000e\000\040\000f\000g\000\040\000e\000t\000\040\000g\000f\000\040\0002}{chapter.3}% 105
\BOOKMARK [1][-]{section.3.13}{\376\377\000R\000a\000c\000i\000n\000e\000\040\000c\000a\000r\000r\000\351\000e\000\040\000d\000e\000\040\000c\000o\000s\000\040\0003}{chapter.3}% 106
\BOOKMARK [1][-]{section.3.14}{\376\377\000T\000r\000i\000g\000o\000n\000o\000m\000\351\000t\000r\000i\000e\000\040\0001}{chapter.3}% 107
\BOOKMARK [1][-]{section.3.15}{\376\377\000R\000\350\000g\000l\000e\000\040\000d\000e\000\040\000l\000'\000H\000\364\000p\000i\000t\000a\000l\000\040\0002}{chapter.3}% 108
\BOOKMARK [1][-]{section.3.16}{\376\377\000T\000h\000\351\000o\000r\000\350\000m\000e\000\040\000d\000e\000\040\000D\000a\000r\000b\000o\000u\000x\000\040\0003}{chapter.3}% 109
\BOOKMARK [1][-]{section.3.17}{\376\377\000D\000\351\000r\000i\000v\000\351\000e\000\040\000e\000t\000\040\000i\000n\000v\000e\000r\000s\000e\000\040\000c\000o\000n\000f\000o\000n\000d\000u\000\040\0003}{chapter.3}% 110
\BOOKMARK [1][-]{section.3.18}{\376\377\000F\000o\000n\000c\000t\000i\000o\000n\000\040\000c\000r\000o\000i\000s\000s\000a\000n\000t\000e\000\040\000e\000t\000\040\000c\000o\000n\000v\000e\000x\000e\000\040\000s\000u\000r\000\040\000R\000\040\0001}{chapter.3}% 111
\BOOKMARK [1][-]{section.3.19}{\376\377\000C\000o\000n\000v\000e\000x\000i\000t\000\351\000\040\000d\000e\000s\000\040\000f\000o\000n\000c\000t\000i\000o\000n\000s\000\040\000c\000o\000n\000t\000i\000n\000u\000e\000s\000\040\000s\000u\000r\000\040\000u\000n\000\040\000i\000n\000t\000e\000r\000v\000a\000l\000l\000e\000\040\0004}{chapter.3}% 112
\BOOKMARK [1][-]{section.3.20}{\376\377\000C\000o\000n\000v\000e\000x\000e\000\040\000s\000u\000r\000\040\000u\000n\000\040\000o\000u\000v\000e\000r\000t\000\040\000-\0003\000m\000u\000\040\000c\000o\000n\000t\000i\000n\000u\000e\000\040\0003}{chapter.3}% 113
\BOOKMARK [1][-]{section.3.21}{\376\377\000F\000o\000n\000c\000t\000i\000o\000n\000s\000\040\000l\000o\000g\000a\000r\000i\000t\000h\000m\000i\000q\000u\000e\000m\000e\000n\000t\000\040\000c\000o\000n\000v\000e\000x\000e\000s\000\040\0003}{chapter.3}% 114
\BOOKMARK [1][-]{section.3.22}{\376\377\000E\000t\000u\000d\000e\000\040\000d\000'\000u\000n\000e\000\040\000f\000o\000n\000c\000t\000i\000o\000n\000\040\000d\000\351\000f\000i\000n\000i\000e\000\040\000i\000m\000p\000l\000i\000c\000i\000t\000e\000m\000e\000n\000t\000\040\0002}{chapter.3}% 115
\BOOKMARK [1][-]{section.3.23}{\376\377\000I\000n\000\351\000g\000a\000l\000i\000t\000\351\000s\000\040\000d\000e\000\040\000K\000o\000l\000m\000o\000g\000o\000r\000o\000v\000\040\0004}{chapter.3}% 116
\BOOKMARK [1][-]{section.3.24}{\376\377\000L\000e\000m\000m\000e\000\040\000d\000e\000\040\000C\000r\000o\000f\000t\000\040\0002}{chapter.3}% 117
\BOOKMARK [1][-]{section.3.25}{\376\377\000I\000n\000\351\000g\000a\000l\000i\000t\000\351\000\040\000i\000n\000t\000\351\000g\000r\000a\000l\000e\000\040\000d\000e\000\040\000J\000e\000n\000s\000e\000n\000\040\0001}{chapter.3}% 118
\BOOKMARK [0][-]{chapter.4}{\376\377\000P\000o\000l\000y\000n\000\364\000m\000e\000s}{}% 119
\BOOKMARK [1][-]{section.4.1}{\376\377\000T\000h\000\351\000o\000r\000\350\000m\000e\000\040\000d\000e\000\040\000d\000'\000A\000l\000e\000m\000b\000e\000r\000t\000-\000G\000a\000u\000s\000s\000\040\000\050\0002\000\051\000\040\0003}{chapter.4}% 120
\BOOKMARK [1][-]{section.4.2}{\376\377\000B\000e\000r\000n\000o\000u\000l\000l\000i\000\040\0002}{chapter.4}% 121
\BOOKMARK [1][-]{section.4.3}{\376\377\000L\000a\000g\000r\000a\000n\000g\000e\000\040\0001}{chapter.4}% 122
\BOOKMARK [1][-]{section.4.4}{\376\377\000T\000c\000h\000e\000b\000y\000c\000h\000e\000v\000\040\0002}{chapter.4}% 123
\BOOKMARK [1][-]{section.4.5}{\376\377\000H\000i\000l\000b\000e\000r\000t\000\040\0002}{chapter.4}% 124
\BOOKMARK [1][-]{section.4.6}{\376\377\000L\000a\000g\000u\000e\000r\000r\000e\000\040\0003}{chapter.4}% 125
\BOOKMARK [1][-]{section.4.7}{\376\377\000L\000e\000g\000e\000n\000d\000r\000e\000\040\0002}{chapter.4}% 126
\BOOKMARK [1][-]{section.4.8}{\376\377\000H\000e\000r\000m\000i\000t\000e\000\040\0003}{chapter.4}% 127
\BOOKMARK [1][-]{section.4.9}{\376\377\000B\000e\000r\000n\000s\000t\000e\000i\000n\000\040\0003}{chapter.4}% 128
\BOOKMARK [1][-]{section.4.10}{\376\377\000P\000o\000l\000y\000n\000\364\000m\000e\000s\000\040\000c\000y\000c\000l\000o\000t\000o\000m\000i\000q\000u\000e\000s\000\040\0003}{chapter.4}% 129
\BOOKMARK [1][-]{section.4.11}{\376\377\000S\000u\000i\000t\000e\000\040\000d\000e\000\040\000p\000o\000l\000y\000n\000\364\000m\000e\000s\000\040\000d\000\351\000f\000i\000n\000i\000s\000\040\000p\000a\000r\000\040\000r\000\351\000c\000u\000r\000r\000e\000n\000c\000e}{chapter.4}% 130
\BOOKMARK [1][-]{section.4.12}{\376\377\000E\000q\000u\000a\000t\000i\000o\000n\000\040\000p\000o\000l\000y\000n\000o\000m\000i\000a\000l\000e\000\040\000\050\0001\000\051}{chapter.4}% 131
\BOOKMARK [1][-]{section.4.13}{\376\377\000E\000q\000u\000a\000t\000i\000o\000n\000\040\000p\000o\000l\000y\000n\000o\000m\000i\000a\000l\000e\000\040\000\050\0002\000\051}{chapter.4}% 132
\BOOKMARK [1][-]{section.4.14}{\376\377\000E\000q\000u\000a\000t\000i\000o\000n\000\040\000p\000o\000l\000y\000n\000o\000m\000i\000a\000l\000e\000\040\000\050\0003\000\051}{chapter.4}% 133
\BOOKMARK [1][-]{section.4.15}{\376\377\000E\000q\000u\000a\000t\000i\000o\000n\000\040\000p\000o\000l\000y\000n\000o\000m\000i\000a\000l\000e\000\040\000\050\0004\000\051}{chapter.4}% 134
\BOOKMARK [1][-]{section.4.16}{\376\377\000E\000q\000u\000a\000t\000i\000o\000n\000\040\000p\000o\000l\000y\000n\000o\000m\000i\000a\000l\000e\000\040\000\050\0005\000\051}{chapter.4}% 135
\BOOKMARK [1][-]{section.4.17}{\376\377\000E\000q\000u\000a\000t\000i\000o\000n\000\040\000d\000e\000\040\000S\000h\000a\000p\000i\000r\000o}{chapter.4}% 136
\BOOKMARK [1][-]{section.4.18}{\376\377\000D\000e\000g\000r\000\351\000\040\000d\000'\000u\000n\000e\000\040\000d\000i\000f\000f\000\351\000r\000e\000n\000c\000e\000\040\0001}{chapter.4}% 137
\BOOKMARK [1][-]{section.4.19}{\376\377\000T\000h\000\351\000o\000r\000\350\000m\000e\000\040\000d\000e\000\040\000l\000a\000\040\000r\000a\000c\000i\000n\000e\000\040\000r\000a\000t\000i\000o\000n\000n\000e\000l\000l\000e\000\040\0002}{chapter.4}% 138
\BOOKMARK [1][-]{section.4.20}{\376\377\000C\000r\000i\000t\000\350\000r\000e\000\040\000d\000'\000E\000i\000s\000e\000n\000s\000t\000e\000i\000n\000\040\0003}{chapter.4}% 139
\BOOKMARK [1][-]{section.4.21}{\376\377\000P\000o\000i\000n\000t\000s\000\040\000c\000r\000i\000t\000i\000q\000u\000e\000s\000\040\000d\000e\000s\000\040\000p\000o\000l\000y\000n\000\364\000m\000e\000s\000\040\000d\000e\000\040\000H\000i\000l\000b\000e\000r\000t\000\040\0003}{chapter.4}% 140
\BOOKMARK [1][-]{section.4.22}{\376\377\000Z\000\351\000r\000o\000s\000\040\000d\000u\000\040\000s\000i\000n\000u\000s\000\040\000t\000r\000o\000n\000q\000u\000\351}{chapter.4}% 141
\BOOKMARK [1][-]{section.4.23}{\376\377\000E\000x\000p\000o\000n\000e\000n\000t\000i\000e\000l\000l\000e\000\040\000t\000r\000o\000n\000q\000u\000\351\000e\000\040\0001}{chapter.4}% 142
\BOOKMARK [1][-]{section.4.24}{\376\377\000L\000e\000s\000\040\000f\000o\000n\000c\000t\000i\000o\000n\000s\000\040\000l\000o\000c\000a\000l\000e\000m\000e\000n\000t\000\040\000p\000o\000l\000y\000n\000o\000m\000i\000a\000l\000e\000s\000\040\000s\000o\000n\000t\000\040\000p\000o\000l\000y\000n\000o\000m\000i\000a\000l\000e\000s\000\040\0002}{chapter.4}% 143
\BOOKMARK [1][-]{section.4.25}{\376\377\000I\000n\000t\000\351\000g\000r\000a\000l\000e\000s\000\040\000d\000e\000\040\000p\000o\000l\000y\000n\000\364\000m\000e\000s\000\040\0001}{chapter.4}% 144
\BOOKMARK [1][-]{section.4.26}{\376\377\000T\000h\000\351\000o\000r\000\350\000m\000e\000\040\000d\000e\000\040\000G\000a\000u\000s\000s\000-\000L\000u\000c\000a\000s\000\040\0002}{chapter.4}% 145
\BOOKMARK [1][-]{section.4.27}{\376\377\000G\000r\000a\000p\000h\000e\000\040\000d\000'\000u\000n\000\040\000p\000o\000l\000y\000n\000\364\000m\000e\000\040\0002}{chapter.4}% 146
\BOOKMARK [1][-]{section.4.28}{\376\377\000P\000o\000l\000y\000n\000\364\000m\000e\000s\000\040\000q\000u\000i\000\040\000c\000o\000m\000m\000u\000t\000e\000n\000t\000\040\000a\000v\000e\000c\000\040\000c\000o\000s\000i\000n\000u\000s\000\040\0003}{chapter.4}% 147
\BOOKMARK [1][-]{section.4.29}{\376\377\000R\000e\000l\000a\000t\000i\000o\000n\000\040\000t\000r\000i\000g\000o\000n\000o\000m\000\351\000t\000r\000i\000q\000u\000e\000\040\000p\000o\000l\000y\000n\000o\000m\000i\000a\000l\000e\000\040\0003}{chapter.4}% 148
\BOOKMARK [1][-]{section.4.30}{\376\377\000D\000i\000v\000i\000s\000i\000o\000n\000\040\000e\000u\000c\000l\000i\000d\000i\000e\000n\000n\000e\000\040\000\050\0001\000\051\000\040\0002}{chapter.4}% 149
\BOOKMARK [1][-]{section.4.31}{\376\377\000D\000i\000v\000i\000s\000i\000o\000n\000\040\000e\000u\000c\000l\000i\000d\000i\000e\000n\000n\000e\000\040\000\050\0002\000\051\000\040\0001}{chapter.4}% 150
\BOOKMARK [1][-]{section.4.32}{\376\377\000F\000o\000n\000c\000t\000i\000o\000n\000s\000\040\000t\000r\000i\000g\000o\000n\000o\000m\000\351\000t\000r\000i\000q\000u\000e\000s\000\040\000p\000o\000l\000y\000n\000o\000m\000i\000a\000l\000e\000\040\000?\000\040\0001}{chapter.4}% 151
\BOOKMARK [1][-]{section.4.33}{\376\377\000L\000o\000g\000a\000r\000i\000t\000h\000m\000e\000\040\000r\000a\000t\000i\000o\000n\000n\000e\000l\000\040\000?\000\040\0002}{chapter.4}% 152
\BOOKMARK [1][-]{section.4.34}{\376\377\000U\000n\000e\000\040\000f\000r\000a\000c\000t\000i\000o\000n\000\040\000r\000a\000t\000i\000o\000n\000n\000e\000l\000l\000e\000\040\0001}{chapter.4}% 153
\BOOKMARK [1][-]{section.4.35}{\376\377\000D\000\351\000r\000i\000v\000\351\000\040\000d\000'\000u\000n\000\040\000p\000o\000l\000y\000n\000\364\000m\000e\000\040\000s\000c\000i\000n\000d\000\351\000\040\000s\000u\000r\000\040\000R\000\040\0003}{chapter.4}% 154
\BOOKMARK [1][-]{section.4.36}{\376\377\000U\000n\000e\000\040\000c\000o\000n\000d\000i\000t\000i\000o\000n\000\040\000n\000\351\000c\000e\000s\000s\000a\000i\000r\000e\000\040\000p\000o\000u\000r\000\040\000q\000u\000'\000u\000n\000\040\000p\000o\000l\000y\000n\000\364\000m\000e\000\040\000s\000o\000i\000t\000\040\000s\000c\000i\000n\000d\000\351\000\040\000s\000u\000r\000\040\000R\000\040\0003}{chapter.4}% 155
\BOOKMARK [1][-]{section.4.37}{\376\377\000U\000n\000e\000\040\000c\000o\000n\000d\000i\000t\000i\000o\000n\000\040\000n\000\351\000c\000e\000s\000s\000a\000i\000r\000e\000\040\000p\000o\000u\000r\000\040\000q\000u\000'\000u\000n\000\040\000p\000o\000l\000y\000n\000\364\000m\000e\000\040\000s\000o\000i\000t\000\040\000d\000i\000s\000s\000o\000c\000i\000\351\000\040\000s\000u\000r\000\040\000R\000\040\0002}{chapter.4}% 156
\BOOKMARK [1][-]{section.4.38}{\376\377\000S\000u\000i\000t\000e\000\040\000d\000e\000\040\000p\000o\000l\000y\000n\000\364\000m\000e\000s\000\040\000s\000c\000i\000n\000d\000\351\000s\000\040\000s\000u\000r\000\040\000R\000\040\0003}{chapter.4}% 157
\BOOKMARK [1][-]{section.4.39}{\376\377\000B\000o\000r\000n\000e\000\040\000d\000e\000\040\000C\000a\000u\000c\000h\000y\000\040\0002}{chapter.4}% 158
\BOOKMARK [1][-]{section.4.40}{\376\377\000T\000h\000\351\000o\000r\000\350\000m\000e\000\040\000d\000'\000E\000n\000e\000s\000t\000r\000\366\000m\000-\000K\000a\000k\000e\000y\000a\000\040\0003}{chapter.4}% 159
\BOOKMARK [1][-]{section.4.41}{\376\377\000P\000e\000r\000t\000u\000r\000b\000a\000t\000i\000o\000n\000s\000\040\000d\000e\000\040\000p\000o\000l\000y\000n\000\364\000m\000e\000s}{chapter.4}% 160
\BOOKMARK [1][-]{section.4.42}{\376\377\000P\000o\000l\000y\000n\000\364\000m\000e\000s\000\040\000\340\000\040\000c\000o\000e\000f\000f\000i\000c\000i\000e\000n\000t\000s\000\040\000d\000a\000n\000s\000\040\000\173\000-\0001\000,\0000\000,\0001\000\175}{chapter.4}% 161
\BOOKMARK [1][-]{section.4.43}{\376\377\000T\000h\000\351\000o\000r\000\350\000m\000e\000\040\000d\000e\000\040\000B\000e\000r\000n\000s\000t\000e\000i\000n\000\040\0004}{chapter.4}% 162
\BOOKMARK [1][-]{section.4.44}{\376\377\000E\000t\000u\000d\000e\000\040\000d\000'\000u\000n\000\040\000p\000o\000l\000y\000n\000\364\000m\000e\000\040\000d\000\351\000f\000i\000n\000i\000\040\000i\000m\000p\000l\000i\000c\000i\000t\000e\000m\000e\000n\000t}{chapter.4}% 163
\BOOKMARK [1][-]{section.4.45}{\376\377\000P\000'\000|\000P\000\040\0001}{chapter.4}% 164
\BOOKMARK [1][-]{section.4.46}{\376\377\000P\000o\000l\000y\000n\000\364\000m\000e\000\040\000p\000o\000s\000i\000t\000i\000f\000\040\000\050\0001\000\051\000\040\0003}{chapter.4}% 165
\BOOKMARK [1][-]{section.4.47}{\376\377\000T\000h\000\351\000o\000r\000\350\000m\000e\000\040\000d\000e\000\040\000P\000y\000t\000h\000a\000g\000o\000r\000e\000\040\000p\000o\000l\000y\000n\000o\000m\000i\000a\000l\000\040\0003}{chapter.4}% 166
\BOOKMARK [1][-]{section.4.48}{\376\377\000P\000o\000l\000y\000n\000\364\000m\000e\000s\000\040\000\340\000\040\000v\000a\000l\000e\000u\000r\000s\000\040\000c\000a\000r\000r\000\351\000e\000s}{chapter.4}% 167
\BOOKMARK [1][-]{section.4.49}{\376\377\000P\000o\000l\000y\000n\000\364\000m\000e\000s\000\040\000r\000\351\000c\000i\000p\000r\000o\000q\000u\000e\000s\000\040\0002}{chapter.4}% 168
\BOOKMARK [1][-]{section.4.50}{\376\377\000P\000o\000l\000y\000n\000\364\000m\000e\000s\000\040\000s\000u\000r\000j\000e\000c\000t\000i\000f\000s\000\040\0005}{chapter.4}% 169
\BOOKMARK [1][-]{section.4.51}{\376\377\000R\000\351\000s\000u\000l\000t\000a\000n\000t\000\040\000e\000t\000\040\000d\000i\000s\000c\000r\000i\000m\000i\000n\000a\000n\000t\000\040\0002}{chapter.4}% 170
\BOOKMARK [1][-]{section.4.52}{\376\377\000T\000h\000\351\000o\000r\000\350\000m\000e\000\040\000d\000e\000\040\000L\000i\000o\000u\000v\000i\000l\000l\000e\000\040\000:\000\040\000F\000e\000r\000m\000a\000t\000\040\000p\000o\000u\000r\000\040\000l\000e\000s\000\040\000p\000o\000l\000y\000n\000\364\000m\000e\000s\000\040\0004}{chapter.4}% 171
\BOOKMARK [0][-]{chapter.5}{\376\377\000E\000s\000p\000a\000c\000e\000\040\000v\000e\000c\000t\000o\000r\000i\000e\000l\000s\000\040\000n\000o\000r\000m\000\351\000s}{}% 172
\BOOKMARK [1][-]{section.5.1}{\376\377\000S\000u\000i\000t\000e\000\040\000d\000e\000\040\000C\000a\000u\000c\000h\000y\000\040\0002}{chapter.5}% 173
\BOOKMARK [1][-]{section.5.2}{\376\377\000T\000h\000\351\000o\000r\000\350\000m\000e\000\040\000d\000e\000\040\000F\000r\000\351\000c\000h\000e\000t\000-\000V\000o\000n\000\040\000N\000e\000u\000m\000a\000n\000n\000-\000J\000o\000r\000d\000a\000n}{chapter.5}% 174
\BOOKMARK [1][-]{section.5.3}{\376\377\000U\000n\000e\000\040\000n\000o\000r\000m\000e\000\040\000n\000o\000n\000\040\000e\000u\000c\000l\000i\000d\000i\000e\000n\000n\000e}{chapter.5}% 175
\BOOKMARK [1][-]{section.5.4}{\376\377\000N\000o\000r\000m\000e\000\040\000i\000n\000v\000a\000r\000i\000a\000n\000t\000e\000\040\000p\000a\000r\000\040\000s\000i\000m\000i\000l\000i\000t\000u\000d\000e}{chapter.5}% 176
\BOOKMARK [1][-]{section.5.5}{\376\377\000E\000q\000u\000i\000v\000a\000l\000e\000n\000c\000e\000\040\000d\000e\000s\000\040\000n\000o\000r\000m\000e\000s\000\040\000d\000a\000n\000s\000\040\000u\000n\000\040\000e\000s\000p\000a\000c\000e\000\040\000v\000e\000c\000t\000o\000r\000i\000e\000l\000\040\000n\000o\000r\000m\000\351\000\040\000d\000e\000\040\000d\000i\000m\000e\000n\000s\000i\000o\000n\000\040\000f\000i\000n\000i\000e}{chapter.5}% 177
\BOOKMARK [1][-]{section.5.6}{\376\377\000N\000o\000r\000m\000e\000s\000\040\000n\000o\000n\000\040\000\351\000q\000u\000i\000v\000a\000l\000e\000n\000t\000e\000s}{chapter.5}% 178
\BOOKMARK [1][-]{section.5.7}{\376\377\000N\000o\000r\000m\000e\000s\000\040\000s\000e\000m\000b\000l\000a\000b\000l\000e\000s\000\040\000\340\000\040\000l\000a\000\040\000n\000o\000r\000m\000e\000\040\000u\000n\000i\000f\000o\000r\000m\000e\000\040\000s\000u\000r\000\040\000K\000[\000X\000]}{chapter.5}% 179
\BOOKMARK [1][-]{section.5.8}{\376\377\000C\000o\000m\000p\000a\000r\000a\000i\000s\000o\000n\000s\000\040\000d\000e\000\040\000d\000e\000u\000x\000\040\000n\000o\000r\000m\000e\000s\000\040\000s\000u\000r\000\040\000K\000n\000[\000X\000]}{chapter.5}% 180
\BOOKMARK [1][-]{section.5.9}{\376\377\000C\000o\000m\000p\000a\000r\000a\000i\000s\000o\000n\000s\000\040\000d\000e\000\040\000n\000o\000r\000m\000e\000s\000\040\000u\000s\000u\000e\000l\000l\000e\000s\000\040\000s\000u\000r\000\040\000C\0000\000\050\000[\000a\000,\000b\000]\000,\000K\000\051}{chapter.5}% 181
\BOOKMARK [1][-]{section.5.10}{\376\377\000N\000o\000r\000m\000e\000s\000\040\000p}{chapter.5}% 182
\BOOKMARK [1][-]{section.5.11}{\376\377\000N\000o\000r\000m\000e\000s\000\040\000d\000e\000\040\000S\000o\000b\000o\000l\000e\000v}{chapter.5}% 183
\BOOKMARK [1][-]{section.5.12}{\376\377\000N\000o\000r\000m\000e\000\040\000d\000u\000a\000l\000e}{chapter.5}% 184
\BOOKMARK [1][-]{section.5.13}{\376\377\000N\000o\000r\000m\000e\000\040\000\340\000\040\000p\000a\000r\000t\000i\000r\000\040\000d\000'\000u\000n\000e\000\040\000f\000a\000m\000i\000l\000l\000e\000\040\000l\000i\000b\000r\000e}{chapter.5}% 185
\BOOKMARK [1][-]{section.5.14}{\376\377\000Q\000u\000e\000l\000q\000u\000e\000s\000\040\000n\000o\000r\000m\000e\000s\000\040\000m\000a\000t\000r\000i\000c\000i\000e\000l\000l\000e\000s}{chapter.5}% 186
\BOOKMARK [1][-]{section.5.15}{\376\377\000C\000a\000r\000a\000c\000t\000\351\000r\000i\000s\000a\000t\000i\000o\000n\000\040\000d\000e\000s\000\040\000s\000o\000u\000s\000-\000e\000s\000p\000a\000c\000e\000s\000\040\000d\000e\000\040\000d\000i\000m\000e\000n\000s\000i\000o\000n\000\040\000f\000i\000n\000i\000e\000\040\000d\000e\000\040\000C\0000\000\050\000[\0000\000,\0001\000]\000,\000K\000\051}{chapter.5}% 187
\BOOKMARK [1][-]{section.5.16}{\376\377\000D\000i\000s\000t\000a\000n\000c\000e}{chapter.5}% 188
\BOOKMARK [1][-]{section.5.17}{\376\377\000D\000i\000s\000t\000a\000n\000c\000e\000\040\000\340\000\040\000u\000n\000e\000\040\000p\000a\000r\000t\000i\000e}{chapter.5}% 189
\BOOKMARK [1][-]{section.5.18}{\376\377\000D\000i\000s\000t\000a\000n\000c\000e\000\040\000d\000'\000u\000n\000\040\000\351\000l\000\351\000m\000e\000n\000t\000\040\000\340\000\040\000u\000n\000e\000\040\000p\000a\000r\000t\000i\000e\000\040\000\050\0001\000\051}{chapter.5}% 190
\BOOKMARK [1][-]{section.5.19}{\376\377\000D\000i\000s\000t\000a\000n\000c\000e\000\040\000d\000'\000u\000n\000\040\000\351\000l\000\351\000m\000e\000n\000t\000\040\000\340\000\040\000u\000n\000e\000\040\000p\000a\000r\000t\000i\000e\000\040\000\050\0002\000\051}{chapter.5}% 191
\BOOKMARK [1][-]{section.5.20}{\376\377\000P\000a\000s\000s\000a\000g\000e\000\040\000p\000a\000r\000\040\000l\000e\000s\000\040\000m\000a\000t\000r\000i\000c\000e\000s\000\040\000o\000r\000t\000h\000o\000g\000o\000n\000a\000l\000e\000s}{chapter.5}% 192
\BOOKMARK [1][-]{section.5.21}{\376\377\000D\000i\000a\000m\000\350\000t\000r\000e\000\040\000d\000'\000u\000n\000e\000\040\000p\000a\000r\000t\000i\000e\000\040\000b\000o\000r\000n\000\351\000e}{chapter.5}% 193
\BOOKMARK [1][-]{section.5.22}{\376\377\000D\000\351\000t\000e\000r\000m\000i\000n\000a\000t\000i\000o\000n\000\040\000d\000'\000u\000n\000e\000\040\000b\000o\000r\000n\000e\000\040\000i\000n\000f\000\351\000r\000i\000e\000u\000r\000e}{chapter.5}% 194
\BOOKMARK [1][-]{section.5.23}{\376\377\000N\000o\000r\000m\000e\000s\000\040\000u\000s\000u\000e\000l\000l\000e\000s\000\040\000s\000u\000r\000\040\000C\0001\000\050\000[\0000\000,\0001\000]\000,\000K\000\051}{chapter.5}% 195
\BOOKMARK [1][-]{section.5.24}{\376\377\000I\000n\000t\000e\000r\000s\000e\000c\000t\000i\000o\000n\000\040\000d\000e\000s\000\040\000b\000o\000u\000l\000e\000s\000\040\000u\000n\000i\000t\000\351\000s\000\040\000s\000u\000b\000o\000r\000d\000o\000n\000n\000\351\000e\000s\000\040\000d\000'\000u\000n\000\040\000e\000s\000p\000a\000c\000e\000\040\000v\000e\000c\000t\000o\000r\000i\000e\000l\000\040\000n\000o\000r\000m\000\351\000\040\000d\000e\000\040\000d\000i\000m\000e\000n\000s\000i\000o\000n\000\040\000f\000i\000n\000i\000e}{chapter.5}% 196
\BOOKMARK [1][-]{section.5.25}{\376\377\000M\000o\000d\000e\000s\000\040\000d\000e\000\040\000c\000o\000n\000v\000e\000r\000g\000e\000n\000c\000e}{chapter.5}% 197
\BOOKMARK [1][-]{section.5.26}{\376\377\000M\000o\000y\000e\000n\000n\000e\000\040\000d\000e\000s\000\040\000i\000t\000\351\000r\000\351\000s\000\040\000e\000t\000\040\000p\000r\000o\000j\000e\000c\000t\000i\000o\000n\000\040\000s\000u\000r\000\040\000l\000'\000e\000s\000p\000a\000c\000e\000\040\000d\000e\000s\000\040\000i\000n\000v\000a\000r\000i\000a\000n\000t\000s\000\040\000d\000'\000u\000n\000e\000\040\000a\000p\000p\000l\000i\000c\000a\000t\000i\000o\000n\000\040\000l\000i\000n\000\351\000a\000i\000r\000e\000\040\000c\000o\000n\000t\000r\000a\000c\000t\000a\000n\000t\000e}{chapter.5}% 198
\BOOKMARK [1][-]{section.5.27}{\376\377\000M\000a\000t\000r\000i\000c\000e\000\040\000d\000e\000\040\000p\000r\000o\000j\000e\000c\000t\000e\000u\000r}{chapter.5}% 199
\BOOKMARK [1][-]{section.5.28}{\376\377\000M\000a\000t\000r\000i\000c\000e\000\040\000d\000e\000\040\000r\000o\000t\000a\000t\000i\000o\000n}{chapter.5}% 200
\BOOKMARK [1][-]{section.5.29}{\376\377\000A\000p\000p\000l\000i\000c\000a\000t\000i\000o\000n\000s\000\040\000c\000o\000n\000t\000r\000a\000c\000t\000a\000n\000t\000e\000s}{chapter.5}% 201
\BOOKMARK [1][-]{section.5.30}{\376\377\000U\000n\000e\000\040\000s\000\351\000r\000i\000e\000\040\000v\000e\000c\000t\000o\000r\000i\000e\000l\000l\000e}{chapter.5}% 202
\BOOKMARK [1][-]{section.5.31}{\376\377\000P\000o\000l\000y\000t\000o\000p\000e\000s\000\040\000r\000\351\000g\000u\000l\000i\000e\000r\000s\000\040\000d\000'\000u\000n\000\040\000e\000s\000p\000a\000c\000e\000\040\000v\000e\000c\000t\000o\000r\000i\000e\000l\000\040\000e\000u\000c\000l\000i\000d\000i\000e\000n}{chapter.5}% 203
\BOOKMARK [0][-]{chapter.6}{\376\377\000S\000u\000i\000t\000e\000s\000\040\000e\000t\000\040\000s\000\351\000r\000i\000e\000s\000\040\000d\000e\000\040\000f\000o\000n\000c\000t\000i\000o\000n\000s}{}% 204
\BOOKMARK [1][-]{section.6.1}{\376\377\000E\000t\000u\000d\000e\000\040\000d\000'\000u\000n\000e\000\040\000s\000u\000i\000t\000e\000\040\000d\000e\000\040\000f\000o\000n\000c\000t\000i\000o\000n\000s\000\040\000\050\0001\000\051}{chapter.6}% 205
\BOOKMARK [1][-]{section.6.2}{\376\377\000E\000t\000u\000d\000e\000\040\000d\000'\000u\000n\000e\000\040\000s\000u\000i\000t\000e\000\040\000d\000e\000\040\000f\000o\000n\000c\000t\000i\000o\000n\000s\000\040\000\050\0002\000\051}{chapter.6}% 206
\BOOKMARK [1][-]{section.6.3}{\376\377\000E\000t\000u\000d\000e\000\040\000d\000'\000u\000n\000e\000\040\000s\000u\000i\000t\000e\000\040\000d\000e\000\040\000f\000o\000n\000c\000t\000i\000o\000n\000s\000\040\000\050\0003\000\051}{chapter.6}% 207
\BOOKMARK [1][-]{section.6.4}{\376\377\000E\000t\000u\000d\000e\000\040\000d\000'\000u\000n\000e\000\040\000s\000u\000i\000t\000e\000\040\000d\000e\000\040\000f\000o\000n\000c\000t\000i\000o\000n\000s\000\040\000\050\0004\000\051}{chapter.6}% 208
\BOOKMARK [1][-]{section.6.5}{\376\377\000E\000t\000u\000d\000e\000\040\000d\000'\000u\000n\000e\000\040\000s\000u\000i\000t\000e\000\040\000d\000e\000\040\000f\000o\000n\000c\000t\000i\000o\000n\000s\000\040\000\050\0005\000\051}{chapter.6}% 209
\BOOKMARK [1][-]{section.6.6}{\376\377\000E\000t\000u\000d\000e\000\040\000d\000'\000u\000n\000e\000\040\000s\000u\000i\000t\000e\000\040\000d\000e\000\040\000f\000o\000n\000c\000t\000i\000o\000n\000s\000\040\000\050\0006\000\051}{chapter.6}% 210
\BOOKMARK [1][-]{section.6.7}{\376\377\000E\000t\000u\000d\000e\000\040\000d\000'\000u\000n\000e\000\040\000s\000u\000i\000t\000e\000\040\000d\000e\000\040\000f\000o\000n\000c\000t\000i\000o\000n\000s\000\040\000\050\0007\000\051}{chapter.6}% 211
\BOOKMARK [1][-]{section.6.8}{\376\377\000D\000\351\000v\000e\000l\000o\000p\000p\000e\000m\000e\000n\000t\000\040\000d\000e\000\040\000l\000a\000\040\000c\000o\000t\000a\000n\000g\000e\000n\000t\000e\000\040\000\050\0001\000\051}{chapter.6}% 212
\BOOKMARK [1][-]{section.6.9}{\376\377\000E\000t\000u\000d\000e\000\040\000d\000'\000u\000n\000e\000\040\000f\000o\000n\000c\000t\000i\000o\000n\000\040\000d\000\351\000f\000i\000n\000i\000e\000\040\000p\000a\000r\000\040\000u\000n\000e\000\040\000s\000\351\000r\000i\000e\000\040\000a\000l\000t\000e\000r\000n\000\351\000e\000\040\000\050\0001\000\051}{chapter.6}% 213
\BOOKMARK [1][-]{section.6.10}{\376\377\000E\000t\000u\000d\000e\000\040\000d\000'\000u\000n\000e\000\040\000f\000o\000n\000c\000t\000i\000o\000n\000\040\000d\000\351\000f\000i\000n\000i\000e\000\040\000p\000a\000r\000\040\000u\000n\000e\000\040\000s\000\351\000r\000i\000e\000\040\000a\000l\000t\000e\000r\000n\000\351\000e\000\040\000\050\0002\000\051}{chapter.6}% 214
\BOOKMARK [1][-]{section.6.11}{\376\377\000C\000o\000n\000v\000e\000r\000g\000e\000n\000c\000e\000\040\000v\000e\000r\000s\000\040\000u\000n\000e\000\040\000d\000\351\000r\000i\000v\000\351\000e}{chapter.6}% 215
\BOOKMARK [1][-]{section.6.12}{\376\377\000L\000i\000m\000i\000t\000e\000\040\000p\000o\000n\000c\000t\000u\000e\000l\000l\000e\000\040\000e\000t\000\040\000u\000n\000i\000f\000o\000r\000m\000e\000\040\000d\000'\000u\000n\000e\000\040\000s\000u\000i\000t\000e\000\040\000d\000e\000\040\000f\000o\000n\000c\000t\000i\000o\000n\000s}{chapter.6}% 216
\BOOKMARK [1][-]{section.6.13}{\376\377\000C\000o\000n\000v\000e\000r\000g\000e\000n\000c\000e\000\040\000d\000e\000s\000\040\000s\000u\000i\000t\000e\000s\000\040\000d\000e\000\040\000p\000o\000l\000y\000n\000\364\000m\000e\000s}{chapter.6}% 217
\BOOKMARK [1][-]{section.6.14}{\376\377\000U\000n\000\040\000t\000h\000\351\000o\000r\000\350\000m\000e\000\040\000d\000e\000\040\000W\000e\000i\000e\000r\000s\000t\000r\000a\000s\000s\000\040\000s\000u\000r\000\040\000R\000\040\000?}{chapter.6}% 218
\BOOKMARK [1][-]{section.6.15}{\376\377\000A\000p\000p\000r\000o\000x\000i\000m\000a\000t\000i\000o\000n\000\040\000p\000a\000i\000r\000e}{chapter.6}% 219
\BOOKMARK [1][-]{section.6.16}{\376\377\000A\000p\000p\000r\000o\000x\000i\000m\000a\000t\000i\000o\000n\000\040\000c\000r\000o\000i\000s\000s\000a\000n\000t\000e}{chapter.6}% 220
\BOOKMARK [1][-]{section.6.17}{\376\377\000I\000n\000t\000e\000r\000v\000e\000r\000s\000i\000o\000n\000\040\000S\000\351\000r\000i\000e\000-\000I\000n\000t\000\351\000g\000r\000a\000l\000e}{chapter.6}% 221
\BOOKMARK [1][-]{section.6.18}{\376\377\000S\000\351\000r\000i\000e\000\040\000d\000e\000\040\000f\000o\000n\000c\000t\000i\000o\000n\000\040\000m\000a\000t\000r\000i\000c\000i\000e\000l\000l\000e}{chapter.6}% 222
\BOOKMARK [1][-]{section.6.19}{\376\377\000F\000o\000n\000c\000t\000i\000o\000n\000\040\000\040\000d\000e\000\040\000R\000i\000e\000m\000a\000n\000n}{chapter.6}% 223
\BOOKMARK [1][-]{section.6.20}{\376\377\000E\000x\000p\000r\000e\000s\000s\000i\000o\000n\000\040\000d\000e\000\040\000s\000u\000i\000t\000e\000s\000\040\000s\000o\000u\000s\000\040\000f\000o\000r\000m\000e\000\040\000d\000e\000\040\000s\000\351\000r\000i\000e\000s}{chapter.6}% 224
\BOOKMARK [1][-]{section.6.21}{\376\377\000E\000t\000u\000d\000e\000\040\000d\000'\000u\000n\000e\000\040\000s\000\351\000r\000i\000e\000\040\000d\000e\000\040\000f\000o\000n\000c\000t\000i\000o\000n\000s}{chapter.6}% 225
\BOOKMARK [1][-]{section.6.22}{\376\377\000T\000h\000\351\000o\000r\000\350\000m\000e\000\040\000d\000e\000\040\000D\000i\000n\000i\000\040\0004}{chapter.6}% 226
\BOOKMARK [1][-]{section.6.23}{\376\377\000S\000u\000i\000t\000e\000\040\000d\000e\000\040\000f\000o\000n\000c\000t\000i\000o\000n\000\040\000l\000i\000p\000s\000c\000h\000i\000t\000z\000i\000e\000n\000n\000e\000\040\0003}{chapter.6}% 227
\BOOKMARK [1][-]{section.6.24}{\376\377\000P\000h\000\351\000n\000o\000m\000\350\000n\000e\000\040\000d\000e\000\040\000R\000u\000n\000g\000e}{chapter.6}% 228
\BOOKMARK [1][-]{section.6.25}{\376\377\000T\000h\000\351\000o\000r\000\350\000m\000e\000\040\000d\000e\000\040\000W\000e\000i\000e\000r\000s\000t\000r\000a\000s\000s}{chapter.6}% 229
\BOOKMARK [1][-]{section.6.26}{\376\377\000T\000h\000\351\000o\000r\000\350\000m\000e\000\040\000d\000e\000\040\000C\000h\000u\000d\000n\000o\000v\000s\000k\000y\000\040\0004}{chapter.6}% 230
\BOOKMARK [1][-]{section.6.27}{\376\377\000T\000h\000\351\000o\000r\000\350\000m\000e\000\040\000d\000e\000\040\000s\000\351\000l\000e\000c\000t\000i\000o\000n\000\040\000d\000e\000\040\000H\000e\000l\000l\000y}{chapter.6}% 231
\BOOKMARK [0][-]{chapter.7}{\376\377\000S\000\351\000r\000i\000e\000\040\000e\000n\000t\000i\000\350\000r\000e}{}% 232
\BOOKMARK [1][-]{section.7.1}{\376\377\000L\000e\000m\000m\000e\000\040\000d\000'\000A\000b\000e\000l}{chapter.7}% 233
\BOOKMARK [1][-]{section.7.2}{\376\377\000F\000o\000n\000c\000t\000i\000o\000n\000\040\000n\000o\000n\000\040\000d\000\351\000v\000e\000l\000o\000p\000p\000a\000b\000l\000e\000\040\000e\000n\000\040\000s\000\351\000r\000i\000e\000\040\000e\000n\000t\000i\000\350\000r\000e}{chapter.7}% 234
\BOOKMARK [1][-]{section.7.3}{\376\377\000C\000C\000I\000N\000P\000\040\000M\000P\000\040\0002\0000\0001\0009}{chapter.7}% 235
\BOOKMARK [1][-]{section.7.4}{\376\377\000S\000\351\000r\000i\000e\000\040\000e\000n\000t\000i\000\350\000r\000e\000\040\000d\000e\000\040\000t\000e\000r\000m\000e\000\040\000g\000\351\000n\000\351\000r\000a\000l\000\040\000b\000i\000n\000o\000m\000i\000a\000l}{chapter.7}% 236
\BOOKMARK [1][-]{section.7.5}{\376\377\000F\000o\000r\000m\000u\000l\000e\000\040\000d\000e\000\040\000C\000a\000u\000c\000h\000y}{chapter.7}% 237
\BOOKMARK [1][-]{section.7.6}{\376\377\000P\000r\000i\000n\000c\000i\000p\000e\000\040\000d\000e\000s\000\040\000z\000\351\000r\000o\000s\000\040\000i\000s\000o\000l\000\351\000s}{chapter.7}% 238
\BOOKMARK [1][-]{section.7.7}{\376\377\000P\000r\000o\000d\000u\000i\000t\000\040\000d\000e\000\040\000H\000a\000d\000a\000m\000a\000r\000d}{chapter.7}% 239
\BOOKMARK [1][-]{section.7.8}{\376\377\000T\000h\000\351\000o\000r\000\350\000m\000e\000\040\000d\000e\000\040\000L\000i\000o\000u\000v\000i\000l\000l\000e}{chapter.7}% 240
\BOOKMARK [1][-]{section.7.9}{\376\377\000I\000n\000v\000e\000r\000s\000e\000\040\000d\000'\000u\000n\000e\000\040\000s\000\351\000r\000i\000e\000\040\000e\000n\000t\000i\000\350\000r\000e}{chapter.7}% 241
\BOOKMARK [1][-]{section.7.10}{\376\377\000E\000q\000u\000i\000v\000a\000l\000e\000n\000t\000\040\000d\000e\000\040\000s\000\351\000r\000i\000e\000s\000\040\000e\000n\000t\000i\000\350\000r\000e\000s}{chapter.7}% 242
\BOOKMARK [1][-]{section.7.11}{\376\377\000T\000h\000\351\000o\000r\000\350\000m\000e\000\040\000d\000e\000\040\000d\000'\000A\000l\000e\000m\000b\000e\000r\000t\000-\000G\000a\000u\000s\000s}{chapter.7}% 243
\BOOKMARK [1][-]{section.7.12}{\376\377\000D\000\351\000v\000e\000l\000o\000p\000p\000e\000m\000e\000n\000t\000\040\000d\000e\000\040\000f\000r\000a\000c\000t\000i\000o\000n\000\040\000r\000a\000t\000i\000o\000n\000n\000e\000l\000l\000e\000\040\000a\000u\000t\000o\000u\000r\000\040\000d\000e\000\040\0000}{chapter.7}% 244
\BOOKMARK [1][-]{section.7.13}{\376\377\000F\000o\000n\000c\000t\000i\000o\000n\000\040\000q\000u\000a\000s\000i\000-\000p\000o\000l\000y\000n\000o\000m\000i\000a\000l\000e}{chapter.7}% 245
\BOOKMARK [1][-]{section.7.14}{\376\377\000T\000h\000\351\000o\000r\000\350\000m\000e\000\040\000d\000e\000\040\000r\000\351\000a\000l\000i\000s\000a\000t\000i\000o\000n\000\040\000d\000e\000\040\000B\000o\000r\000e\000l}{chapter.7}% 246
\BOOKMARK [1][-]{section.7.15}{\376\377\000S\000\351\000r\000i\000e\000\040\000d\000e\000\040\000L\000a\000m\000b\000e\000r\000t}{chapter.7}% 247
\BOOKMARK [1][-]{section.7.16}{\376\377\000S\000o\000m\000m\000e\000\040\000d\000e\000\040\000G\000o\000l\000d\000b\000a\000c\000h}{chapter.7}% 248
\BOOKMARK [1][-]{section.7.17}{\376\377\000U\000n\000e\000\040\000s\000o\000m\000m\000e\000\040\000a\000v\000e\000c\000\040\000l\000'\000i\000n\000d\000i\000c\000a\000t\000r\000i\000c\000e\000\040\000d\000'\000E\000u\000l\000e\000r}{chapter.7}% 249
\BOOKMARK [1][-]{section.7.18}{\376\377\000C\000o\000e\000f\000f\000i\000c\000i\000e\000n\000t\000s\000\040\000d\000\351\000f\000i\000n\000i\000e\000s\000\040\000p\000a\000r\000\040\000d\000e\000s\000\040\000i\000n\000t\000\351\000g\000r\000a\000l\000e\000s}{chapter.7}% 250
\BOOKMARK [1][-]{section.7.19}{\376\377\000D\000\351\000t\000e\000r\000m\000i\000n\000a\000t\000i\000o\000n\000\040\000d\000e\000s\000\040\000c\000o\000e\000f\000f\000i\000c\000i\000e\000n\000t\000s\000\040\000d\000'\000u\000n\000\040\000d\000\351\000v\000e\000l\000o\000p\000p\000e\000m\000e\000n\000t\000\040\000e\000n\000\040\000s\000\351\000r\000i\000e\000\040\000e\000n\000t\000i\000\350\000r\000e}{chapter.7}% 251
\BOOKMARK [1][-]{section.7.20}{\376\377\000S\000\351\000r\000i\000e\000\040\000g\000\351\000n\000\351\000r\000a\000t\000r\000i\000c\000e\000\040\000d\000u\000\040\000n\000o\000m\000b\000r\000e\000\040\000d\000e\000\040\000p\000o\000i\000n\000t\000s\000\040\000\340\000\040\000c\000o\000o\000r\000d\000o\000n\000n\000\351\000e\000s\000\040\000e\000n\000t\000i\000\350\000r\000e\000s\000\040\000d\000a\000n\000s\000\040\000u\000n\000\040\000q\000u\000a\000r\000t\000\040\000d\000e\000\040\000d\000i\000s\000q\000u\000e}{chapter.7}% 252
\BOOKMARK [1][-]{section.7.21}{\376\377\000N\000o\000m\000b\000r\000e\000\040\000d\000'\000i\000n\000v\000o\000l\000u\000t\000i\000o\000n}{chapter.7}% 253
\BOOKMARK [1][-]{section.7.22}{\376\377\000T\000h\000\351\000o\000r\000\350\000m\000e\000\040\000d\000'\000A\000b\000e\000l}{chapter.7}% 254
\BOOKMARK [1][-]{section.7.23}{\376\377\000T\000h\000\351\000o\000r\000\350\000m\000e\000s\000\040\000t\000a\000u\000b\000\351\000r\000i\000e\000n\000s\000\040\000d\000'\000A\000b\000e\000l}{chapter.7}% 255
\BOOKMARK [0][-]{chapter.8}{\376\377\000T\000o\000p\000o\000l\000o\000g\000i\000e}{}% 256
\BOOKMARK [1][-]{section.8.1}{\376\377\000N\000o\000r\000m\000e\000s\000\040\000d\000'\000o\000p\000\351\000r\000a\000t\000e\000u\000r\000\040\0001}{chapter.8}% 257
\BOOKMARK [1][-]{section.8.2}{\376\377\000Z\000\040\000e\000s\000t\000\040\000f\000e\000r\000m\000\351\000\040\0001}{chapter.8}% 258
\BOOKMARK [1][-]{section.8.3}{\376\377\000O\000r\000t\000h\000o\000g\000o\000n\000a\000l\000i\000t\000\351\000\040\000e\000t\000\040\000t\000o\000p\000o\000l\000o\000g\000i\000e\000\040\0002}{chapter.8}% 259
\BOOKMARK [1][-]{section.8.4}{\376\377\000E\000n\000s\000e\000m\000b\000l\000e\000\040\000d\000e\000s\000\040\000v\000a\000l\000e\000u\000r\000s\000\040\000d\000'\000a\000d\000h\000\351\000r\000e\000n\000c\000e\000\040\000d\000'\000u\000n\000e\000\040\000s\000u\000i\000t\000e\000\040\0003}{chapter.8}% 260
\BOOKMARK [1][-]{section.8.5}{\376\377\000E\000n\000s\000e\000m\000b\000l\000e\000\040\000d\000e\000s\000\040\000s\000u\000i\000t\000e\000s\000\040\000c\000o\000n\000v\000e\000r\000g\000e\000n\000t\000s\000\040\000v\000e\000r\000s\000\040\0000\000\040\0002}{chapter.8}% 261
\BOOKMARK [1][-]{section.8.6}{\376\377\000C\000a\000l\000c\000u\000l\000\040\000d\000'\000u\000n\000e\000\040\000a\000d\000h\000\351\000r\000e\000n\000c\000e\000\040\0003}{chapter.8}% 262
\BOOKMARK [1][-]{section.8.7}{\376\377\000P\000a\000r\000t\000i\000e\000\040\000o\000u\000v\000e\000r\000t\000e\000\040\000e\000t\000\040\000f\000e\000r\000m\000\351\000e\000\040\000s\000i\000m\000u\000l\000t\000a\000n\000\351\000m\000e\000n\000t\000\040\0003}{chapter.8}% 263
\BOOKMARK [1][-]{section.8.8}{\376\377\000O\000p\000\351\000r\000a\000t\000i\000o\000n\000s\000\040\000s\000u\000r\000\040\000l\000e\000s\000\040\000a\000d\000h\000\351\000r\000e\000n\000c\000e\000s\000/\000i\000n\000t\000\351\000r\000i\000e\000u\000r\000s}{chapter.8}% 264
\BOOKMARK [1][-]{section.8.9}{\376\377\000L\000e\000s\000\040\000s\000e\000p\000t\000\040\000e\000s\000p\000a\000c\000e\000s\000\040\000d\000e\000\040\000K\000u\000r\000a\000t\000o\000w\000s\000k\000i\000\040\0003}{chapter.8}% 265
\BOOKMARK [1][-]{section.8.10}{\376\377\000I\000n\000t\000\351\000r\000i\000e\000u\000r\000\040\000d\000'\000u\000n\000\040\000s\000o\000u\000s\000-\000e\000s\000p\000a\000c\000e\000\040\0002}{chapter.8}% 266
\BOOKMARK [1][-]{section.8.11}{\376\377\000A\000d\000h\000\351\000r\000e\000n\000c\000e\000\040\000d\000'\000u\000n\000\040\000s\000o\000u\000s\000-\000e\000s\000p\000a\000c\000e\000\040\0003}{chapter.8}% 267
\BOOKMARK [1][-]{section.8.12}{\376\377\000G\000r\000a\000p\000h\000e\000\040\000f\000e\000r\000m\000\351\000\040\0003}{chapter.8}% 268
\BOOKMARK [1][-]{section.8.13}{\376\377\000A\000p\000p\000l\000i\000c\000a\000t\000i\000o\000n\000\040\000l\000i\000n\000\351\000a\000i\000r\000e\000\040\000c\000o\000n\000t\000i\000n\000u\000e\000\040\0002}{chapter.8}% 269
\BOOKMARK [1][-]{section.8.14}{\376\377\000A\000p\000p\000l\000i\000c\000a\000t\000i\000o\000n\000\040\000l\000i\000n\000\351\000a\000i\000r\000e\000\040\000n\000o\000n\000\040\000c\000o\000n\000t\000i\000n\000u\000e\000\040\0002}{chapter.8}% 270
\BOOKMARK [1][-]{section.8.15}{\376\377\000P\000o\000l\000y\000n\000\364\000m\000e\000s\000\040\000r\000\351\000e\000l\000s\000\040\000d\000e\000\040\000d\000e\000g\000r\000\351\000\040\000n\000\040\000s\000c\000i\000n\000d\000\351\000s\000\040\000\340\000\040\000r\000a\000c\000i\000n\000e\000s\000\040\000s\000i\000m\000p\000l\000e\000s\000\040\000s\000u\000r\000\040\000R\000\040\0004}{chapter.8}% 271
\BOOKMARK [1][-]{section.8.16}{\376\377\000L\000e\000m\000m\000e\000\040\000d\000e\000\040\000R\000i\000e\000m\000a\000n\000n\000-\000L\000e\000b\000e\000s\000g\000u\000e\000\040\0003}{chapter.8}% 272
\BOOKMARK [1][-]{section.8.17}{\376\377\000B\000o\000r\000e\000l\000-\000L\000e\000b\000e\000s\000g\000u\000e\000\040\000\050\000H\000P\000\051}{chapter.8}% 273
\BOOKMARK [1][-]{section.8.18}{\376\377\000P\000a\000r\000t\000i\000e\000s\000\040\000c\000o\000m\000p\000a\000c\000t\000e\000s\000\040\000d\000'\000u\000n\000\040\000e\000s\000p\000a\000c\000e\000\040\000v\000e\000c\000t\000o\000r\000i\000e\000l\000\040\000n\000o\000r\000m\000\351\000\040\000d\000e\000\040\000d\000i\000m\000e\000n\000s\000i\000o\000n\000\040\000f\000i\000n\000i\000e\000\040\0002}{chapter.8}% 274
\BOOKMARK [1][-]{section.8.19}{\376\377\000S\000o\000m\000m\000e\000\040\000d\000e\000\040\000s\000o\000u\000s\000-\000e\000s\000p\000a\000c\000e\000s\000\040\0003}{chapter.8}% 275
\BOOKMARK [1][-]{section.8.20}{\376\377\000U\000n\000\040\000t\000h\000\351\000o\000r\000\350\000m\000e\000\040\000d\000u\000\040\000p\000o\000i\000n\000t\000\040\000f\000i\000x\000e\000\040\0003}{chapter.8}% 276
\BOOKMARK [1][-]{section.8.21}{\376\377\000T\000h\000\351\000o\000r\000\350\000m\000e\000\040\000d\000e\000\040\000H\000e\000i\000n\000e\000\040\0002}{chapter.8}% 277
\BOOKMARK [1][-]{section.8.22}{\376\377\000L\000e\000m\000m\000e\000\040\000d\000e\000s\000\040\000c\000o\000m\000p\000a\000c\000t\000s\000\040\000e\000m\000b\000o\000\356\000t\000\351\000s\000\040\0001}{chapter.8}% 278
\BOOKMARK [1][-]{section.8.23}{\376\377\000T\000h\000\351\000o\000r\000\350\000m\000e\000\040\000d\000e\000\040\000B\000a\000i\000r\000e\000\040\0005\000\040\000\050\000H\000P\000\051}{chapter.8}% 279
\BOOKMARK [1][-]{section.8.24}{\376\377\000V\000o\000l\000u\000m\000e\000\040\000d\000'\000u\000n\000e\000\040\000\050\000h\000y\000p\000e\000r\000\051\000b\000o\000u\000l\000e\000\040\0004\000\040\000\050\000H\000P\000\051}{chapter.8}% 280
\BOOKMARK [1][-]{section.8.25}{\376\377\000P\000a\000r\000t\000i\000e\000\040\000f\000e\000r\000m\000\351\000e\000\040\000b\000o\000r\000n\000\351\000e\000\040\000n\000o\000n\000\040\000c\000o\000m\000p\000a\000c\000t\000e\000\040\0003}{chapter.8}% 281
\BOOKMARK [1][-]{section.8.26}{\376\377\000T\000h\000\351\000o\000r\000\350\000m\000e\000\040\000d\000e\000\040\000c\000o\000m\000p\000a\000c\000i\000t\000\351\000\040\000d\000e\000\040\000R\000i\000e\000s\000z\000\040\0004}{chapter.8}% 282
\BOOKMARK [1][-]{section.8.27}{\376\377\000S\000p\000h\000\350\000r\000e\000\040\000e\000t\000\040\000b\000o\000u\000l\000e\000\040\000u\000n\000i\000t\000\351\000\040\0003}{chapter.8}% 283
\BOOKMARK [1][-]{section.8.28}{\376\377\000P\000r\000i\000n\000c\000i\000p\000e\000\040\000d\000u\000\040\000m\000a\000x\000i\000m\000u\000m\000\040\000p\000o\000u\000r\000\040\000l\000e\000s\000\040\000p\000o\000l\000y\000n\000\364\000m\000e\000s\000\040\0003}{chapter.8}% 284
\BOOKMARK [1][-]{section.8.29}{\376\377\000A\000p\000p\000l\000i\000c\000a\000t\000i\000o\000n\000s\000\040\0001\000-\000l\000i\000p\000s\000c\000h\000i\000t\000z\000i\000e\000n\000n\000e\000\040\000s\000u\000r\000j\000e\000c\000t\000i\000v\000e\000\040\000s\000u\000r\000\040\000u\000n\000\040\000c\000o\000m\000p\000a\000c\000t\000\040\0004}{chapter.8}% 285
\BOOKMARK [1][-]{section.8.30}{\376\377\000U\000n\000e\000\040\000i\000s\000o\000m\000\351\000t\000r\000i\000e\000\040\000c\000o\000n\000s\000e\000r\000v\000e\000\040\000l\000e\000s\000\040\000m\000i\000l\000i\000e\000u\000x\000\040\0004}{chapter.8}% 286
\BOOKMARK [1][-]{section.8.31}{\376\377\000F\000o\000n\000c\000t\000i\000o\000n\000s\000\040\000c\000o\000e\000r\000c\000i\000v\000e\000s\000\040\0003}{chapter.8}% 287
\BOOKMARK [1][-]{section.8.32}{\376\377\000H\000o\000m\000\351\000o\000m\000o\000r\000p\000h\000i\000s\000m\000e\000\040\000d\000e\000\040\000c\000o\000m\000p\000a\000c\000t\000s\000\040\0003}{chapter.8}% 288
\BOOKMARK [1][-]{section.8.33}{\376\377\000D\000i\000s\000t\000a\000n\000c\000e\000\040\000\340\000\040\000u\000n\000\040\000f\000e\000r\000m\000\351}{chapter.8}% 289
\BOOKMARK [1][-]{section.8.34}{\376\377\000D\000i\000a\000m\000\350\000t\000r\000e\000\040\000e\000t\000\040\000f\000r\000o\000n\000t\000i\000\350\000r\000e}{chapter.8}% 290
\BOOKMARK [1][-]{section.8.35}{\376\377\000F\000r\000o\000n\000t\000i\000\350\000r\000e\000\040\0002}{chapter.8}% 291
\BOOKMARK [1][-]{section.8.36}{\376\377\000P\000r\000o\000j\000e\000t\000\351\000\040\000s\000u\000r\000\040\000u\000n\000\040\000c\000o\000n\000v\000e\000x\000e\000\040\000c\000o\000m\000p\000a\000c\000t\000\040\0003}{chapter.8}% 292
\BOOKMARK [1][-]{section.8.37}{\376\377\000C\000o\000n\000v\000e\000x\000i\000t\000\351\000\040\000d\000e\000\040\000l\000'\000a\000d\000h\000\351\000r\000e\000n\000c\000e\000\040\000e\000t\000\040\000d\000e\000\040\000l\000'\000i\000n\000t\000\351\000r\000i\000e\000u\000r\000\040\0003}{chapter.8}% 293
\BOOKMARK [1][-]{section.8.38}{\376\377\000F\000o\000n\000c\000t\000i\000o\000n\000s\000\040\000p\000o\000s\000i\000t\000i\000v\000e\000m\000e\000n\000t\000\040\000h\000o\000m\000o\000g\000\350\000n\000e\000s}{chapter.8}% 294
\BOOKMARK [1][-]{section.8.39}{\376\377\000E\000n\000v\000e\000l\000o\000p\000p\000e\000\040\000c\000o\000n\000v\000e\000x\000e}{chapter.8}% 295
\BOOKMARK [1][-]{section.8.40}{\376\377\000T\000h\000\351\000o\000r\000\350\000m\000e\000\040\000d\000e\000\040\000C\000a\000r\000a\000t\000h\000\351\000o\000d\000o\000r\000y\000\040\0003}{chapter.8}% 296
\BOOKMARK [1][-]{section.8.41}{\376\377\000T\000h\000\351\000o\000r\000\350\000m\000e\000\040\000d\000e\000\040\000K\000r\000e\000i\000n\000-\000M\000i\000l\000m\000a\000n}{chapter.8}% 297
\BOOKMARK [1][-]{section.8.42}{\376\377\000E\000p\000i\000g\000r\000a\000p\000h\000e\000\040\0001}{chapter.8}% 298
\BOOKMARK [1][-]{section.8.43}{\376\377\000P\000a\000r\000t\000i\000e\000\040\000c\000o\000n\000v\000e\000x\000e\000\040\000e\000t\000\040\000d\000e\000n\000s\000e\000\040\000d\000e\000\040\000R\000n\000\040\0004}{chapter.8}% 299
\BOOKMARK [1][-]{section.8.44}{\376\377\000P\000a\000r\000t\000i\000e\000\040\000c\000o\000n\000v\000e\000x\000e\000\040\000e\000t\000\040\000o\000u\000v\000e\000r\000t\000e\000\040\000d\000e\000\040\000R\000n\000\040\0004}{chapter.8}% 300
\BOOKMARK [1][-]{section.8.45}{\376\377\000C\000o\000n\000n\000e\000x\000i\000t\000\351\000\040\000d\000e\000\040\000l\000'\000e\000s\000p\000a\000c\000e\000\040\0002}{chapter.8}% 301
\BOOKMARK [1][-]{section.8.46}{\376\377\000C\000o\000m\000p\000l\000\351\000m\000e\000n\000t\000a\000i\000r\000e\000\040\000d\000'\000u\000n\000\040\000h\000y\000p\000e\000r\000p\000l\000a\000n\000\040\0003}{chapter.8}% 302
\BOOKMARK [1][-]{section.8.47}{\376\377\000C\000o\000m\000p\000o\000s\000a\000n\000t\000e\000s\000\040\000c\000o\000n\000n\000e\000x\000e\000s\000\040\000p\000a\000r\000\040\000a\000r\000c\000s\000\040\000d\000u\000\040\000c\000o\000m\000p\000l\000\351\000m\000e\000n\000t\000a\000i\000r\000e\000\040\000d\000e\000\040\000l\000a\000\040\000r\000\351\000u\000n\000i\000o\000n\000\040\000d\000e\000\040\000p\000l\000u\000s\000i\000e\000u\000r\000s\000\040\000h\000y\000p\000e\000r\000p\000l\000a\000n\000s\000\040\0005}{chapter.8}% 303
\BOOKMARK [1][-]{section.8.48}{\376\377\000S\000p\000h\000\350\000r\000e\000s\000\040\000d\000'\000u\000n\000\040\000R\000-\000e\000s\000p\000a\000c\000e\000\040\000v\000e\000c\000t\000o\000r\000i\000e\000l\000\040\0003}{chapter.8}% 304
\BOOKMARK [1][-]{section.8.49}{\376\377\000T\000h\000\351\000o\000r\000\350\000m\000e\000\040\000d\000u\000\040\000p\000a\000s\000s\000a\000g\000e\000\040\000\340\000\040\000l\000a\000\040\000d\000o\000u\000a\000n\000e\000\040\0003}{chapter.8}% 305
\BOOKMARK [1][-]{section.8.50}{\376\377\000C\000o\000n\000d\000i\000t\000i\000o\000n\000\040\000n\000\351\000c\000e\000s\000s\000a\000i\000r\000e\000\040\000d\000e\000\040\000l\000a\000\040\000c\000o\000n\000n\000e\000x\000i\000t\000\351\000\040\000p\000a\000r\000\040\000a\000r\000c\000\040\0001}{chapter.8}% 306
\BOOKMARK [1][-]{section.8.51}{\376\377\000E\000n\000t\000r\000e\000\040\000u\000n\000\040\000e\000n\000s\000e\000m\000b\000l\000e\000\040\000e\000t\000\040\000s\000o\000n\000\040\000a\000d\000h\000\351\000r\000e\000n\000c\000e}{chapter.8}% 307
\BOOKMARK [1][-]{section.8.52}{\376\377\000C\000o\000n\000t\000i\000n\000u\000i\000t\000\351\000\040\000d\000'\000a\000p\000p\000l\000i\000c\000a\000t\000i\000o\000n\000s\000\040\000m\000a\000t\000r\000i\000c\000i\000e\000l\000l\000e\000s}{chapter.8}% 308
\BOOKMARK [1][-]{section.8.53}{\376\377\000P\000o\000i\000n\000t\000s\000\040\000d\000e\000\040\000c\000o\000n\000t\000i\000n\000u\000i\000t\000\351\000\040\000d\000u\000\040\000p\000o\000l\000y\000n\000\364\000m\000e\000\040\000m\000i\000n\000i\000m\000a\000l}{chapter.8}% 309
\BOOKMARK [1][-]{section.8.54}{\376\377\000E\000x\000p\000o\000n\000e\000n\000t\000i\000e\000l\000l\000e\000\040\000m\000a\000t\000r\000i\000c\000i\000e\000l\000l\000e\000\040\000e\000t\000\040\000t\000o\000p\000o\000l\000o\000g\000i\000e}{chapter.8}% 310
\BOOKMARK [1][-]{section.8.55}{\376\377\000L\000e\000m\000m\000e\000\040\000d\000u\000\040\000d\000\351\000t\000e\000r\000m\000i\000n\000a\000n\000t}{chapter.8}% 311
\BOOKMARK [1][-]{section.8.56}{\376\377\000M\000a\000t\000r\000i\000c\000e\000\040\000d\000e\000\040\000d\000\351\000t\000e\000r\000m\000i\000n\000a\000n\000t\000\040\0001\000\040\0003}{chapter.8}% 312
\BOOKMARK [1][-]{section.8.57}{\376\377\000E\000n\000s\000e\000m\000b\000l\000e\000s\000\040\000d\000e\000\040\000m\000a\000t\000r\000i\000c\000e\000s\000\040\000d\000e\000\040\000r\000a\000n\000g\000\040\000f\000i\000x\000\351}{chapter.8}% 313
\BOOKMARK [1][-]{section.8.58}{\376\377\000D\000e\000n\000s\000i\000t\000\351\000\040\000d\000e\000s\000\040\000m\000a\000t\000r\000i\000c\000e\000s\000\040\000i\000n\000v\000e\000r\000s\000i\000b\000l\000e\000s\000\040\0003}{chapter.8}% 314
\BOOKMARK [1][-]{section.8.59}{\376\377\000C\000o\000m\000a\000t\000r\000i\000c\000e\000\040\000e\000t\000\040\000t\000o\000p\000o\000l\000o\000g\000i\000e}{chapter.8}% 315
\BOOKMARK [1][-]{section.8.60}{\376\377\000G\000r\000o\000u\000p\000e\000\040\000o\000r\000t\000h\000o\000g\000o\000n\000a\000l\000\040\0001}{chapter.8}% 316
\BOOKMARK [1][-]{section.8.61}{\376\377\000G\000r\000o\000u\000p\000e\000\040\000\050\000s\000p\000\351\000c\000i\000a\000l\000\051\000\040\000u\000n\000i\000t\000a\000i\000r\000e\000\040\0003}{chapter.8}% 317
\BOOKMARK [1][-]{section.8.62}{\376\377\000P\000a\000r\000t\000i\000e\000\040\000c\000o\000m\000p\000a\000c\000t\000e\000\040\000e\000t\000\040\000s\000t\000a\000b\000l\000e\000\040\000p\000a\000r\000\040\000p\000r\000o\000d\000u\000i\000t\000\040\000d\000e\000\040\000G\000L\000n\000\050\000K\000\051\000\040\0003}{chapter.8}% 318
\BOOKMARK [1][-]{section.8.63}{\376\377\000I\000n\000t\000\351\000r\000i\000e\000u\000r\000\040\000d\000e\000s\000\040\000m\000a\000t\000r\000i\000c\000e\000s\000\040\000d\000i\000a\000g\000o\000n\000a\000l\000i\000s\000a\000b\000l\000e\000s\000\040\0005}{chapter.8}% 319
\BOOKMARK [1][-]{section.8.64}{\376\377\000A\000d\000h\000\351\000r\000e\000n\000c\000e\000\040\000d\000e\000s\000\040\000m\000a\000t\000r\000i\000c\000e\000s\000\040\000d\000i\000a\000g\000o\000n\000a\000l\000i\000s\000a\000b\000l\000e\000s\000\040\0003}{chapter.8}% 320
\BOOKMARK [1][-]{section.8.65}{\376\377\000U\000n\000e\000\040\000p\000r\000e\000u\000v\000e\000\040\000d\000e\000\040\000C\000a\000y\000l\000e\000y\000-\000H\000a\000m\000i\000l\000t\000o\000n\000\040\000\050\0001\000\051\000\040\0003}{chapter.8}% 321
\BOOKMARK [1][-]{section.8.66}{\376\377\000D\000i\000m\000e\000n\000s\000i\000o\000n\000\040\000d\000u\000\040\000c\000o\000m\000m\000u\000t\000a\000n\000t\000\040\000d\000'\000u\000n\000e\000\040\000m\000a\000t\000r\000i\000c\000e}{chapter.8}% 322
\BOOKMARK [1][-]{section.8.67}{\376\377\000T\000o\000p\000o\000l\000o\000g\000i\000e\000\040\000e\000t\000\040\000r\000\351\000d\000u\000c\000t\000i\000o\000n}{chapter.8}% 323
\BOOKMARK [1][-]{section.8.68}{\376\377\000G\000r\000o\000u\000p\000e\000\040\000s\000p\000\351\000c\000i\000a\000l\000\040\000o\000r\000t\000h\000o\000g\000o\000n\000a\000l\000\040\000e\000t\000\040\000c\000o\000n\000n\000e\000x\000i\000t\000\351}{chapter.8}% 324
\BOOKMARK [1][-]{section.8.69}{\376\377\000M\000a\000t\000r\000i\000c\000e\000s\000\040\000i\000n\000v\000e\000r\000s\000i\000b\000l\000e\000s\000\040\000e\000t\000\040\000c\000o\000n\000n\000e\000x\000i\000t\000\351}{chapter.8}% 325
\BOOKMARK [1][-]{section.8.70}{\376\377\000M\000a\000t\000r\000i\000c\000e\000s\000\040\000n\000i\000l\000p\000o\000t\000e\000n\000t\000e\000s\000\040\000e\000t\000\040\000c\000o\000n\000n\000e\000x\000i\000t\000\351}{chapter.8}% 326
\BOOKMARK [1][-]{section.8.71}{\376\377\000R\000a\000f\000f\000i\000n\000e\000m\000e\000n\000t\000\040\000s\000u\000r\000\040\000l\000e\000s\000\040\000d\000i\000s\000q\000u\000e\000s\000\040\000d\000e\000\040\000G\000e\000r\000s\000h\000g\000o\000r\000i\000n}{chapter.8}% 327
\BOOKMARK [1][-]{section.8.72}{\376\377\000M\000a\000t\000r\000i\000c\000e\000s\000\040\000s\000t\000o\000c\000h\000a\000s\000t\000i\000q\000u\000e\000s\000\040\000e\000t\000\040\000b\000i\000s\000t\000o\000c\000h\000a\000s\000t\000i\000q\000u\000e\000s}{chapter.8}% 328
\BOOKMARK [1][-]{section.8.73}{\376\377\000T\000h\000\351\000o\000r\000\350\000m\000e\000\040\000d\000e\000\040\000B\000i\000r\000k\000h\000o\000f\000f\000-\000V\000o\000n\000\040\000N\000e\000u\000m\000a\000n\000n\000\040\0004}{chapter.8}% 329
\BOOKMARK [0][-]{chapter.9}{\376\377\000F\000o\000n\000c\000t\000i\000o\000n\000s\000\040\000\340\000\040\000v\000a\000l\000e\000u\000r\000s\000\040\000v\000e\000c\000t\000o\000r\000i\000e\000l\000l\000e\000s}{}% 330
\BOOKMARK [1][-]{section.9.1}{\376\377\000P\000o\000i\000n\000t\000\040\000f\000i\000x\000e\000\040\000d\000e\000\040\000l\000'\000e\000x\000p\000o\000n\000e\000n\000t\000i\000e\000l\000l\000e\000\040\000c\000o\000m\000p\000l\000e\000x\000e}{chapter.9}% 331
\BOOKMARK [1][-]{section.9.2}{\376\377\000T\000h\000\351\000o\000r\000\350\000m\000e\000\040\000d\000u\000\040\000r\000e\000l\000\350\000v\000e\000m\000e\000n\000t}{chapter.9}% 332
\BOOKMARK [1][-]{section.9.3}{\376\377\000E\000q\000u\000a\000t\000i\000o\000n\000\040\000f\000o\000n\000c\000t\000i\000o\000n\000n\000e\000l\000l\000e\000\040\000d\000e\000\040\000l\000'\000e\000x\000p\000o\000n\000e\000n\000t\000i\000e\000l\000l\000e\000\040\000m\000a\000t\000r\000i\000c\000i\000e\000l\000l\000e\000\040\0003}{chapter.9}% 333
\BOOKMARK [1][-]{section.9.4}{\376\377\000F\000o\000r\000m\000u\000l\000e\000\040\000d\000e\000\040\000T\000r\000o\000t\000t\000e\000r\000-\000K\000a\000t\000o\000\040\0002}{chapter.9}% 334
\BOOKMARK [1][-]{section.9.5}{\376\377\000S\000\351\000r\000i\000e\000\040\000e\000n\000t\000i\000\350\000r\000e\000\040\000d\000e\000\040\000m\000a\000t\000r\000i\000c\000e\000\040\0002}{chapter.9}% 335
\BOOKMARK [1][-]{section.9.6}{\376\377\000E\000x\000p\000r\000e\000s\000s\000i\000o\000n\000\040\000d\000'\000u\000n\000\040\000p\000r\000o\000j\000e\000c\000t\000e\000u\000r}{chapter.9}% 336
\BOOKMARK [1][-]{section.9.7}{\376\377\000U\000n\000e\000\040\000p\000r\000e\000u\000v\000e\000\040\000a\000n\000a\000l\000y\000t\000i\000q\000u\000e\000\040\000d\000e\000\040\000C\000a\000y\000l\000e\000y\000-\000H\000a\000m\000i\000l\000t\000o\000n\000\040\0003}{chapter.9}% 337
\BOOKMARK [1][-]{section.9.8}{\376\377\000E\000x\000e\000m\000p\000l\000e\000\040\000d\000e\000\040\000f\000o\000n\000c\000t\000i\000o\000n\000\040\000l\000i\000p\000s\000c\000h\000i\000t\000z\000i\000e\000n\000n\000e}{chapter.9}% 338
\BOOKMARK [1][-]{section.9.9}{\376\377\000C\000o\000n\000d\000i\000t\000i\000o\000n\000\040\000d\000e\000\040\000c\000o\000n\000t\000i\000n\000u\000i\000t\000\351\000\040\000s\000u\000r\000\040\000u\000n\000\040\000e\000s\000p\000a\000c\000e\000\040\000v\000e\000c\000t\000o\000r\000i\000e\000l\000\040\000n\000o\000r\000m\000\351}{chapter.9}% 339
\BOOKMARK [1][-]{section.9.10}{\376\377\000A\000p\000p\000l\000i\000c\000a\000t\000i\000o\000n\000\040\000l\000i\000n\000\351\000a\000i\000r\000e\000\040\000\050\0002\000\051}{chapter.9}% 340
\BOOKMARK [1][-]{section.9.11}{\376\377\000M\000o\000u\000v\000e\000m\000e\000n\000t\000\040\000\340\000\040\000f\000o\000r\000c\000e\000\040\000c\000e\000n\000t\000r\000a\000l\000e}{chapter.9}% 341
\BOOKMARK [1][-]{section.9.12}{\376\377\000D\000\351\000r\000i\000v\000\351\000e\000\040\000d\000'\000u\000n\000\040\000p\000r\000o\000d\000u\000i\000t\000\040\000d\000e\000\040\000d\000e\000u\000x\000\040\000m\000a\000t\000r\000i\000c\000e\000s}{chapter.9}% 342
\BOOKMARK [1][-]{section.9.13}{\376\377\000I\000n\000\351\000g\000a\000l\000i\000t\000\351\000\040\000d\000e\000s\000\040\000a\000c\000c\000r\000o\000i\000s\000s\000e\000m\000e\000n\000t\000s\000\040\000f\000i\000n\000i\000s\000\040\000p\000o\000u\000r\000\040\000u\000n\000\040\000e\000s\000p\000a\000c\000e\000\040\000e\000u\000c\000l\000i\000d\000i\000e\000n}{chapter.9}% 343
\BOOKMARK [0][-]{chapter.10}{\376\377\000E\000q\000u\000a\000t\000i\000o\000n\000s\000\040\000d\000i\000f\000f\000\351\000r\000e\000n\000t\000i\000e\000l\000l\000e\000s}{}% 344
\BOOKMARK [1][-]{section.10.1}{\376\377\000E\000q\000u\000a\000t\000i\000o\000n\000s\000\040\000d\000i\000f\000f\000\351\000r\000e\000n\000t\000i\000e\000l\000l\000e\000s\000\040\000d\000u\000\040\000p\000r\000e\000m\000i\000e\000r\000\040\000o\000r\000d\000r\000e}{chapter.10}% 345
\BOOKMARK [1][-]{section.10.2}{\376\377\000E\000q\000u\000a\000t\000i\000o\000n\000s\000\040\000d\000i\000f\000f\000\351\000r\000e\000n\000t\000i\000e\000l\000l\000e\000s\000\040\000d\000u\000\040\000s\000e\000c\000o\000n\000d\000\040\000o\000r\000d\000r\000e}{chapter.10}% 346
\BOOKMARK [1][-]{section.10.3}{\376\377\000U\000n\000e\000\040\000\351\000q\000u\000a\000t\000i\000o\000n\000\040\000q\000u\000a\000s\000i\000-\000d\000i\000f\000f\000\351\000r\000e\000n\000t\000i\000e\000l\000l\000e}{chapter.10}% 347
\BOOKMARK [1][-]{section.10.4}{\376\377\000P\000r\000o\000b\000l\000\350\000m\000e\000s\000\040\000d\000e\000\040\000r\000a\000c\000c\000o\000r\000d\000e\000m\000e\000n\000t}{chapter.10}% 348
\BOOKMARK [1][-]{section.10.5}{\376\377\000S\000u\000i\000t\000e\000\040\000d\000'\000\351\000q\000u\000a\000t\000i\000o\000n\000s\000\040\000d\000i\000f\000f\000\351\000r\000e\000n\000t\000i\000e\000l\000l\000e\000s}{chapter.10}% 349
\BOOKMARK [1][-]{section.10.6}{\376\377\000E\000q\000u\000a\000t\000i\000o\000n\000\040\000d\000e\000\040\000B\000e\000r\000n\000o\000u\000l\000l\000i\000\040\000\050\0001\000\051}{chapter.10}% 350
\BOOKMARK [1][-]{section.10.7}{\376\377\000E\000q\000u\000a\000t\000i\000o\000n\000\040\000d\000e\000\040\000B\000e\000r\000n\000o\000u\000l\000l\000i\000\040\000\050\0002\000\051}{chapter.10}% 351
\BOOKMARK [1][-]{section.10.8}{\376\377\000E\000t\000u\000d\000e\000\040\000a\000s\000y\000m\000p\000t\000o\000t\000i\000q\000u\000e\000\040\000d\000e\000s\000\040\000s\000o\000l\000u\000t\000i\000o\000n\000s\000\040\000d\000'\000u\000n\000e\000\040\000\351\000q\000u\000a\000t\000i\000o\000n\000\040\000d\000i\000f\000f\000\351\000r\000e\000n\000t\000i\000e\000l\000l\000e\000\040\0004}{chapter.10}% 352
\BOOKMARK [1][-]{section.10.9}{\376\377\000I\000n\000\351\000q\000u\000a\000t\000i\000o\000n\000\040\000d\000i\000f\000f\000\351\000r\000e\000n\000t\000i\000e\000l\000l\000e}{chapter.10}% 353
\BOOKMARK [1][-]{section.10.10}{\376\377\000S\000o\000l\000u\000t\000i\000o\000n\000\040\0002\000-\000p\000\351\000r\000i\000o\000d\000i\000q\000u\000e\000\040\000d\000'\000u\000n\000e\000\040\000\351\000q\000u\000a\000t\000i\000o\000n\000\040\000d\000i\000f\000f\000\351\000r\000e\000n\000t\000i\000e\000l\000l\000e}{chapter.10}% 354
\BOOKMARK [1][-]{section.10.11}{\376\377\000S\000u\000p\000e\000r\000p\000o\000s\000i\000t\000i\000o\000n\000\040\000d\000e\000\040\000s\000o\000l\000u\000t\000i\000o\000n\000s}{chapter.10}% 355
\BOOKMARK [1][-]{section.10.12}{\376\377\000F\000o\000n\000c\000t\000i\000o\000n\000\040\000d\000e\000\040\000B\000e\000s\000s\000e\000l}{chapter.10}% 356
\BOOKMARK [1][-]{section.10.13}{\376\377\000D\000\351\000v\000e\000l\000o\000p\000p\000e\000m\000e\000n\000t\000\040\000d\000e\000\040\000l\000a\000\040\000c\000o\000t\000a\000n\000g\000e\000n\000t\000e\000\040\000\050\0002\000\051}{chapter.10}% 357
\BOOKMARK [1][-]{section.10.14}{\376\377\000W\000r\000o\000n\000s\000k\000i\000e\000n}{chapter.10}% 358
\BOOKMARK [1][-]{section.10.15}{\376\377\000U\000t\000i\000l\000i\000t\000\351\000\040\000d\000u\000\040\000w\000r\000o\000n\000s\000k\000i\000e\000n}{chapter.10}% 359
\BOOKMARK [1][-]{section.10.16}{\376\377\000P\000r\000i\000n\000c\000i\000p\000e\000\040\000d\000'\000e\000n\000t\000r\000e\000l\000a\000c\000e\000m\000e\000n\000t\000\040\000d\000e\000s\000\040\000z\000\351\000r\000o\000s\000\040\000d\000e\000\040\000S\000t\000u\000r\000m}{chapter.10}% 360
\BOOKMARK [1][-]{section.10.17}{\376\377\000S\000o\000l\000u\000t\000i\000o\000n\000\040\000q\000u\000i\000\040\000s\000'\000a\000n\000n\000u\000l\000e}{chapter.10}% 361
\BOOKMARK [1][-]{section.10.18}{\376\377\000S\000o\000l\000u\000t\000i\000o\000n\000\040\000q\000u\000i\000\040\000s\000'\000a\000n\000n\000u\000l\000e\000\040\000u\000n\000e\000\040\000i\000n\000f\000i\000n\000i\000t\000\351\000\040\000d\000e\000\040\000f\000o\000i\000s}{chapter.10}% 362
\BOOKMARK [1][-]{section.10.19}{\376\377\000L\000e\000m\000m\000e\000\040\000d\000e\000\040\000G\000r\000\366\000n\000w\000a\000l\000l}{chapter.10}% 363
\BOOKMARK [1][-]{section.10.20}{\376\377\000T\000h\000\351\000o\000r\000\350\000m\000e\000\040\000d\000e\000\040\000F\000l\000o\000q\000u\000e\000t}{chapter.10}% 364
\BOOKMARK [1][-]{section.10.21}{\376\377\000M\000\351\000t\000h\000o\000d\000e\000\040\000d\000e\000\040\000L\000a\000g\000r\000a\000n\000g\000e\000\040\000\050\0001\000\051}{chapter.10}% 365
\BOOKMARK [1][-]{section.10.22}{\376\377\000M\000\351\000t\000h\000o\000d\000e\000\040\000d\000e\000\040\000L\000a\000g\000r\000a\000n\000g\000e\000\040\000\050\0002\000\051}{chapter.10}% 366
\BOOKMARK [1][-]{section.10.23}{\376\377\000E\000q\000u\000a\000t\000i\000o\000n\000\040\000d\000i\000f\000f\000\351\000r\000e\000n\000t\000i\000e\000l\000l\000e\000\040\000m\000a\000t\000r\000i\000c\000i\000e\000l\000l\000e\000\040\000n\000o\000n\000\040\000l\000i\000n\000\351\000a\000i\000r\000e}{chapter.10}% 367
\BOOKMARK [1][-]{section.10.24}{\376\377\000S\000y\000s\000t\000\350\000m\000e\000\040\000d\000y\000n\000a\000m\000i\000q\000u\000e}{chapter.10}% 368
\BOOKMARK [1][-]{section.10.25}{\376\377\000S\000o\000l\000u\000t\000i\000o\000n\000s\000\040\000d\000e\000\040\000n\000o\000r\000m\000e\000\040\000c\000o\000n\000s\000t\000a\000n\000t\000e\000\040\0003}{chapter.10}% 369
\BOOKMARK [1][-]{section.10.26}{\376\377\000E\000x\000p\000o\000n\000e\000n\000t\000i\000e\000l\000l\000e\000s\000\040\000d\000e\000\040\000m\000a\000t\000r\000i\000c\000e\000s\000\040\000q\000u\000i\000\040\000c\000o\000m\000m\000u\000t\000e\000n\000t\000\040\0002}{chapter.10}% 370
\BOOKMARK [1][-]{section.10.27}{\376\377\000L\000e\000m\000m\000e\000\040\000d\000e\000\040\000H\000o\000c\000h\000s\000h\000i\000l\000d}{chapter.10}% 371
\BOOKMARK [0][-]{chapter.11}{\376\377\000C\000a\000l\000c\000u\000l\000\040\000D\000i\000f\000f\000\351\000r\000e\000n\000t\000i\000e\000l}{}% 372
\BOOKMARK [1][-]{section.11.1}{\376\377\000C\000a\000l\000c\000u\000l\000\040\000d\000e\000\040\000d\000\351\000r\000i\000v\000\351\000e\000s\000\040\000p\000a\000r\000t\000i\000e\000l\000l\000e\000s}{chapter.11}% 373
\BOOKMARK [1][-]{section.11.2}{\376\377\000E\000x\000i\000s\000t\000e\000n\000c\000e\000\040\000d\000e\000\040\000d\000\351\000r\000i\000v\000\351\000e\000s\000\040\000p\000a\000r\000t\000i\000e\000l\000l\000e\000s}{chapter.11}% 374
\BOOKMARK [1][-]{section.11.3}{\376\377\000E\000t\000u\000d\000e\000\040\000d\000'\000u\000n\000e\000\040\000f\000o\000n\000c\000t\000i\000o\000n}{chapter.11}% 375
\BOOKMARK [1][-]{section.11.4}{\376\377\000U\000n\000e\000\040\000\351\000q\000u\000a\000t\000i\000o\000n\000\040\000f\000o\000n\000c\000t\000i\000o\000n\000n\000e\000l\000l\000e\000\040\0002}{chapter.11}% 376
\BOOKMARK [1][-]{section.11.5}{\376\377\000A\000p\000p\000l\000i\000c\000a\000t\000i\000o\000n\000\040\000l\000i\000n\000\351\000a\000i\000r\000e}{chapter.11}% 377
\BOOKMARK [1][-]{section.11.6}{\376\377\000O\000p\000\351\000r\000a\000t\000e\000u\000r\000s\000\040\000v\000e\000c\000t\000o\000r\000i\000e\000l\000s}{chapter.11}% 378
\BOOKMARK [1][-]{section.11.7}{\376\377\000L\000a\000p\000l\000a\000c\000i\000e\000n\000\040\000e\000n\000\040\000p\000o\000l\000a\000i\000r\000e\000s}{chapter.11}% 379
\BOOKMARK [1][-]{section.11.8}{\376\377\000F\000o\000n\000c\000t\000i\000o\000n\000\040\000h\000a\000r\000m\000o\000n\000i\000q\000u\000e}{chapter.11}% 380
\BOOKMARK [1][-]{section.11.9}{\376\377\000M\000i\000n\000e\000s\000\040\000p\000o\000n\000t\000s\000\040\000M\000P\000\040\0002\0000\0001\0006}{chapter.11}% 381
\BOOKMARK [1][-]{section.11.10}{\376\377\000D\000i\000f\000f\000\351\000r\000e\000n\000t\000i\000e\000l\000l\000e\000\040\000d\000e\000\040\000l\000'\000e\000x\000p\000o\000n\000e\000n\000t\000i\000e\000l\000l\000e\000\040\000m\000a\000t\000r\000i\000c\000i\000e\000l\000l\000e}{chapter.11}% 382
\BOOKMARK [1][-]{section.11.11}{\376\377\000D\000i\000f\000f\000\351\000r\000e\000n\000t\000i\000e\000l\000l\000e\000\040\000d\000e\000\040\000l\000a\000\040\000n\000o\000r\000m\000e\000\040\000e\000u\000c\000l\000i\000d\000i\000e\000n\000n\000e}{chapter.11}% 383
\BOOKMARK [1][-]{section.11.12}{\376\377\000D\000i\000f\000f\000\351\000r\000e\000n\000t\000i\000e\000l\000l\000e\000\040\000d\000e\000\040\000l\000'\000i\000n\000v\000e\000r\000s\000i\000o\000n\000\040\000m\000a\000t\000r\000i\000c\000i\000e\000l\000l\000e}{chapter.11}% 384
\BOOKMARK [1][-]{section.11.13}{\376\377\000G\000r\000a\000d\000i\000e\000n\000t\000\040\000e\000t\000\040\000d\000i\000f\000f\000\351\000r\000e\000n\000t\000i\000e\000l\000l\000e\000\040\000d\000u\000\040\000d\000\351\000t\000e\000r\000m\000i\000n\000a\000n\000t}{chapter.11}% 385
\BOOKMARK [1][-]{section.11.14}{\376\377\000E\000s\000p\000a\000c\000e\000\040\000t\000a\000n\000g\000e\000n\000t\000\040\000a\000u\000x\000\040\000m\000a\000t\000r\000i\000c\000e\000s\000\040\000o\000r\000t\000h\000o\000g\000o\000n\000a\000l\000e\000s\000\040\000e\000n\000\040\000l\000'\000i\000d\000e\000n\000t\000i\000t\000\351}{chapter.11}% 386
\BOOKMARK [1][-]{section.11.15}{\376\377\000V\000e\000c\000t\000e\000u\000r\000\040\000p\000r\000o\000p\000r\000e\000\040\000d\000'\000u\000n\000\040\000e\000n\000d\000o\000m\000o\000r\000p\000h\000i\000s\000m\000e\000\040\000a\000u\000t\000o\000-\000a\000d\000j\000o\000i\000n\000t}{chapter.11}% 387
\BOOKMARK [1][-]{section.11.16}{\376\377\000Q\000u\000o\000t\000i\000e\000n\000t\000\040\000d\000e\000\040\000R\000a\000y\000l\000e\000i\000g\000h}{chapter.11}% 388
\BOOKMARK [1][-]{section.11.17}{\376\377\000D\000i\000f\000f\000\351\000r\000e\000n\000t\000i\000e\000l\000l\000e\000\040\000d\000u\000\040\000d\000\351\000t\000e\000r\000m\000i\000n\000a\000n\000t}{chapter.11}% 389
\BOOKMARK [1][-]{section.11.18}{\376\377\000E\000q\000u\000a\000t\000i\000o\000n\000\040\000d\000e\000\040\000d\000'\000A\000l\000e\000m\000b\000e\000r\000t}{chapter.11}% 390
\BOOKMARK [1][-]{section.11.19}{\376\377\000U\000t\000i\000l\000i\000s\000a\000t\000i\000o\000n\000\040\000d\000e\000s\000\040\000e\000x\000t\000r\000e\000m\000a\000\040\000l\000i\000\351\000s\000\040\000\050\0001\000\051}{chapter.11}% 391
\BOOKMARK [1][-]{section.11.20}{\376\377\000U\000t\000i\000l\000i\000s\000a\000t\000i\000o\000n\000\040\000d\000e\000s\000\040\000e\000x\000t\000r\000e\000m\000a\000\040\000l\000i\000\351\000s\000\040\000\050\0002\000\051}{chapter.11}% 392
\BOOKMARK [1][-]{section.11.21}{\376\377\000U\000t\000i\000l\000i\000s\000a\000t\000i\000o\000n\000\040\000d\000e\000s\000\040\000e\000x\000t\000r\000e\000m\000a\000\040\000l\000i\000\351\000s\000\040\000\050\0003\000\051}{chapter.11}% 393
\BOOKMARK [1][-]{section.11.22}{\376\377\000S\000i\000n\000u\000s\000\040\000c\000o\000m\000p\000l\000e\000x\000e}{chapter.11}% 394
\BOOKMARK [1][-]{section.11.23}{\376\377\000E\000n\000t\000r\000o\000p\000i\000e}{chapter.11}% 395
\BOOKMARK [1][-]{section.11.24}{\376\377\000F\000o\000n\000c\000t\000i\000o\000n\000\040\000c\000o\000n\000v\000e\000x\000e\000\040\000s\000u\000r\000\040\000R\000n}{chapter.11}% 396
\BOOKMARK [1][-]{section.11.25}{\376\377\000C\000h\000e\000m\000i\000n\000\040\000l\000e\000\040\000p\000l\000u\000s\000\040\000c\000o\000u\000r\000t\000\040\000e\000n\000t\000r\000e\000\040\000d\000e\000u\000x\000\040\000p\000o\000i\000n\000t\000s}{chapter.11}% 397
\BOOKMARK [1][-]{section.11.26}{\376\377\000F\000o\000n\000c\000t\000i\000o\000n\000\040\000h\000o\000m\000o\000g\000\350\000n\000e}{chapter.11}% 398
\BOOKMARK [1][-]{section.11.27}{\376\377\000P\000r\000o\000b\000l\000\350\000m\000e\000\040\000d\000e\000\040\000D\000i\000r\000i\000c\000h\000l\000e\000t\000\040\000e\000t\000\040\000p\000r\000i\000n\000c\000i\000p\000e\000\040\000f\000a\000i\000b\000l\000e\000\040\000d\000u\000\040\000m\000a\000x\000i\000m\000u\000m}{chapter.11}% 399
\BOOKMARK [1][-]{section.11.28}{\376\377\000L\000a\000\040\000m\000\351\000t\000h\000o\000d\000e\000\040\000d\000e\000s\000\040\000m\000o\000i\000n\000d\000r\000e\000s\000\040\000c\000a\000r\000r\000\351\000s}{chapter.11}% 400
\BOOKMARK [1][-]{section.11.29}{\376\377\000E\000q\000u\000a\000t\000i\000o\000n\000\040\000d\000e\000\040\000l\000a\000\040\000c\000h\000a\000l\000e\000u\000r}{chapter.11}% 401
\BOOKMARK [0][-]{chapter.12}{\376\377\000D\000i\000v\000e\000r\000s}{}% 402
\BOOKMARK [1][-]{section.12.1}{\376\377\000D\000\351\000v\000e\000l\000o\000p\000p\000e\000m\000e\000n\000t\000\040\000d\000\351\000c\000i\000m\000a\000l\000\040\000p\000r\000o\000p\000r\000e\000\040\000d\000'\000u\000n\000\040\000r\000\351\000e\000l\000\040\0003}{chapter.12}% 403
\BOOKMARK [1][-]{section.12.2}{\376\377\000D\000i\000s\000t\000r\000i\000b\000u\000t\000i\000o\000n\000\040\000d\000u\000\040\000p\000r\000e\000m\000i\000e\000r\000\040\000c\000h\000i\000f\000f\000r\000e\000\040\000d\000e\000s\000\040\000p\000u\000i\000s\000s\000a\000n\000c\000e\000s\000\040\000d\000e\000\040\0002\000\040\0003}{chapter.12}% 404
\BOOKMARK [1][-]{section.12.3}{\376\377\000S\000\351\000r\000i\000e\000\040\000d\000e\000\040\000E\000n\000g\000e\000l}{chapter.12}% 405
\BOOKMARK [1][-]{section.12.4}{\376\377\000T\000h\000\351\000o\000r\000\350\000m\000e\000\040\000d\000e\000\040\000M\000\374\000n\000t\000z}{chapter.12}% 406
\BOOKMARK [0][-]{chapter.13}{\376\377\000C\000o\000r\000r\000e\000c\000t\000i\000o\000n}{}% 407
\BOOKMARK [1][-]{section.13.1}{\376\377\000C\000o\000r\000r\000e\000c\000t\000i\000o\000n\000\040\000S\000u\000i\000t\000e\000\040\000e\000t\000\040\000s\000\351\000r\000i\000e\000\040\000n\000u\000m\000\351\000r\000i\000q\000u\000e}{chapter.13}% 408
\BOOKMARK [1][-]{section.13.2}{\376\377\000C\000o\000r\000r\000e\000c\000t\000i\000o\000n\000\040\000I\000n\000t\000\351\000g\000r\000a\000l\000e}{chapter.13}% 409
\BOOKMARK [1][-]{section.13.3}{\376\377\000C\000o\000r\000r\000e\000c\000t\000i\000o\000n\000\040\000F\000o\000n\000c\000t\000i\000o\000n\000s\000\040\000r\000\351\000e\000l\000l\000e\000s}{chapter.13}% 410
\BOOKMARK [1][-]{section.13.4}{\376\377\000C\000o\000r\000r\000e\000c\000t\000i\000o\000n\000\040\000P\000o\000l\000y\000n\000\364\000m\000e\000s}{chapter.13}% 411
\BOOKMARK [1][-]{section.13.5}{\376\377\000C\000o\000r\000r\000e\000c\000t\000i\000o\000n\000\040\000E\000s\000p\000a\000c\000e\000s\000\040\000v\000e\000c\000t\000o\000r\000i\000e\000l\000s\000\040\000n\000o\000r\000m\000\351\000s}{chapter.13}% 412
\BOOKMARK [1][-]{section.13.6}{\376\377\000C\000o\000r\000r\000e\000c\000t\000i\000o\000n\000\040\000S\000u\000i\000t\000e\000s\000\040\000e\000t\000\040\000s\000\351\000r\000i\000e\000s\000\040\000d\000e\000\040\000f\000o\000n\000c\000t\000i\000o\000n\000s}{chapter.13}% 413
\BOOKMARK [1][-]{section.13.7}{\376\377\000C\000o\000r\000r\000e\000c\000t\000i\000o\000n\000\040\000S\000\351\000r\000i\000e\000s\000\040\000e\000n\000t\000i\000\350\000r\000e\000s}{chapter.13}% 414
\BOOKMARK [1][-]{section.13.8}{\376\377\000C\000o\000r\000r\000e\000c\000t\000i\000o\000n\000\040\000T\000o\000p\000o\000l\000o\000g\000i\000e}{chapter.13}% 415
\BOOKMARK [1][-]{section.13.9}{\376\377\000C\000o\000r\000r\000e\000c\000t\000i\000o\000n\000\040\000F\000o\000n\000c\000t\000i\000o\000n\000s\000\040\000\340\000\040\000v\000a\000l\000e\000u\000r\000s\000\040\000v\000e\000c\000t\000o\000r\000i\000e\000l\000l\000e\000s}{chapter.13}% 416
\BOOKMARK [1][-]{section.13.10}{\376\377\000C\000o\000r\000r\000e\000c\000t\000i\000o\000n\000\040\000E\000q\000u\000a\000t\000i\000o\000n\000s\000\040\000d\000i\000f\000f\000\351\000r\000e\000n\000t\000i\000e\000l\000l\000e\000s}{chapter.13}% 417
\BOOKMARK [1][-]{section.13.11}{\376\377\000C\000o\000r\000r\000e\000c\000t\000i\000o\000n\000\040\000C\000a\000l\000c\000u\000l\000\040\000d\000i\000f\000f\000\351\000r\000e\000n\000t\000i\000e\000l}{chapter.13}% 418
\BOOKMARK [1][-]{section.13.12}{\376\377\000C\000o\000r\000r\000e\000c\000t\000i\000o\000n\000\040\000D\000i\000v\000e\000r\000s}{chapter.13}% 419
